[2.798s] Invoking command in '/home/sreeram3927/rudra_training/rover-master-gui/ros2_ws/src/network_chat': PYTHONPATH=/home/sreeram3927/rudra_training/rover-master-gui/ros2_ws/build/network_chat/prefix_override:/home/sreeram3927/rudra_training/rover-master-gui/ros2_ws/install/network_chat/lib/python3.10/site-packages:${PYTHONPATH} /usr/bin/python3 setup.py egg_info --egg-base ../../build/network_chat build --build-base /home/sreeram3927/rudra_training/rover-master-gui/ros2_ws/build/network_chat/build install --record /home/sreeram3927/rudra_training/rover-master-gui/ros2_ws/build/network_chat/install.log --single-version-externally-managed
[3.623s] running egg_info
[3.628s] writing ../../build/network_chat/network_chat.egg-info/PKG-INFO
[3.629s] writing dependency_links to ../../build/network_chat/network_chat.egg-info/dependency_links.txt
[3.630s] writing entry points to ../../build/network_chat/network_chat.egg-info/entry_points.txt
[3.631s] writing requirements to ../../build/network_chat/network_chat.egg-info/requires.txt
[3.632s] writing top-level names to ../../build/network_chat/network_chat.egg-info/top_level.txt
[3.638s] reading manifest file '../../build/network_chat/network_chat.egg-info/SOURCES.txt'
[3.642s] writing manifest file '../../build/network_chat/network_chat.egg-info/SOURCES.txt'
[3.643s] running build
[3.656s] running build_py
[3.656s] running install
[3.660s] /usr/lib/python3/dist-packages/setuptools/command/install.py:34: SetuptoolsDeprecationWarning: setup.py install is deprecated. Use build and pip and other standards-based tools.
[3.660s]   warnings.warn(
[3.660s] running install_lib
[3.660s] running install_data
[3.661s] running install_egg_info
[3.661s] removing '/home/sreeram3927/rudra_training/rover-master-gui/ros2_ws/install/network_chat/lib/python3.10/site-packages/network_chat-0.0.0-py3.10.egg-info' (and everything under it)
[3.661s] Copying ../../build/network_chat/network_chat.egg-info to /home/sreeram3927/rudra_training/rover-master-gui/ros2_ws/install/network_chat/lib/python3.10/site-packages/network_chat-0.0.0-py3.10.egg-info
[3.669s] running install_scripts
[3.741s] Installing send_data script to /home/sreeram3927/rudra_training/rover-master-gui/ros2_ws/install/network_chat/lib/network_chat
[3.742s] writing list of installed files to '/home/sreeram3927/rudra_training/rover-master-gui/ros2_ws/build/network_chat/install.log'
[3.835s] Invoked command in '/home/sreeram3927/rudra_training/rover-master-gui/ros2_ws/src/network_chat' returned '0': PYTHONPATH=/home/sreeram3927/rudra_training/rover-master-gui/ros2_ws/build/network_chat/prefix_override:/home/sreeram3927/rudra_training/rover-master-gui/ros2_ws/install/network_chat/lib/python3.10/site-packages:${PYTHONPATH} /usr/bin/python3 setup.py egg_info --egg-base ../../build/network_chat build --build-base /home/sreeram3927/rudra_training/rover-master-gui/ros2_ws/build/network_chat/build install --record /home/sreeram3927/rudra_training/rover-master-gui/ros2_ws/build/network_chat/install.log --single-version-externally-managed
