[4.189s] Invoking command in '/home/sreeram3927/rudra_training/rover-master-gui/ros2_ws/src/network_chat': PYTHONPATH=/home/sreeram3927/rudra_training/rover-master-gui/ros2_ws/build/network_chat/prefix_override:/home/sreeram3927/rudra_training/rover-master-gui/ros2_ws/install/network_chat/lib/python3.10/site-packages:${PYTHONPATH} /usr/bin/python3 setup.py egg_info --egg-base ../../build/network_chat build --build-base /home/sreeram3927/rudra_training/rover-master-gui/ros2_ws/build/network_chat/build install --record /home/sreeram3927/rudra_training/rover-master-gui/ros2_ws/build/network_chat/install.log --single-version-externally-managed
[4.839s] running egg_info
[4.844s] creating ../../build/network_chat/network_chat.egg-info
[4.845s] writing ../../build/network_chat/network_chat.egg-info/PKG-INFO
[4.845s] writing dependency_links to ../../build/network_chat/network_chat.egg-info/dependency_links.txt
[4.846s] writing entry points to ../../build/network_chat/network_chat.egg-info/entry_points.txt
[4.848s] writing requirements to ../../build/network_chat/network_chat.egg-info/requires.txt
[4.849s] writing top-level names to ../../build/network_chat/network_chat.egg-info/top_level.txt
[4.849s] writing manifest file '../../build/network_chat/network_chat.egg-info/SOURCES.txt'
[4.850s] reading manifest file '../../build/network_chat/network_chat.egg-info/SOURCES.txt'
[4.850s] writing manifest file '../../build/network_chat/network_chat.egg-info/SOURCES.txt'
[4.850s] running build
[4.851s] running build_py
[4.851s] creating /home/sreeram3927/rudra_training/rover-master-gui/ros2_ws/build/network_chat/build
[4.851s] creating /home/sreeram3927/rudra_training/rover-master-gui/ros2_ws/build/network_chat/build/lib
[4.851s] creating /home/sreeram3927/rudra_training/rover-master-gui/ros2_ws/build/network_chat/build/lib/network_chat
[4.852s] copying network_chat/__init__.py -> /home/sreeram3927/rudra_training/rover-master-gui/ros2_ws/build/network_chat/build/lib/network_chat
[4.852s] copying network_chat/send_data.py -> /home/sreeram3927/rudra_training/rover-master-gui/ros2_ws/build/network_chat/build/lib/network_chat
[4.852s] running install
[4.853s] /usr/lib/python3/dist-packages/setuptools/command/install.py:34: SetuptoolsDeprecationWarning: setup.py install is deprecated. Use build and pip and other standards-based tools.
[4.853s]   warnings.warn(
[4.853s] running install_lib
[4.856s] creating /home/sreeram3927/rudra_training/rover-master-gui/ros2_ws/install/network_chat/lib/python3.10/site-packages/network_chat
[4.856s] copying /home/sreeram3927/rudra_training/rover-master-gui/ros2_ws/build/network_chat/build/lib/network_chat/__init__.py -> /home/sreeram3927/rudra_training/rover-master-gui/ros2_ws/install/network_chat/lib/python3.10/site-packages/network_chat
[4.856s] copying /home/sreeram3927/rudra_training/rover-master-gui/ros2_ws/build/network_chat/build/lib/network_chat/send_data.py -> /home/sreeram3927/rudra_training/rover-master-gui/ros2_ws/install/network_chat/lib/python3.10/site-packages/network_chat
[4.857s] byte-compiling /home/sreeram3927/rudra_training/rover-master-gui/ros2_ws/install/network_chat/lib/python3.10/site-packages/network_chat/__init__.py to __init__.cpython-310.pyc
[4.858s] byte-compiling /home/sreeram3927/rudra_training/rover-master-gui/ros2_ws/install/network_chat/lib/python3.10/site-packages/network_chat/send_data.py to send_data.cpython-310.pyc
[4.859s] running install_data
[4.860s] creating /home/sreeram3927/rudra_training/rover-master-gui/ros2_ws/install/network_chat/share/ament_index
[4.860s] creating /home/sreeram3927/rudra_training/rover-master-gui/ros2_ws/install/network_chat/share/ament_index/resource_index
[4.860s] creating /home/sreeram3927/rudra_training/rover-master-gui/ros2_ws/install/network_chat/share/ament_index/resource_index/packages
[4.861s] copying resource/network_chat -> /home/sreeram3927/rudra_training/rover-master-gui/ros2_ws/install/network_chat/share/ament_index/resource_index/packages
[4.861s] copying package.xml -> /home/sreeram3927/rudra_training/rover-master-gui/ros2_ws/install/network_chat/share/network_chat
[4.861s] running install_egg_info
[4.865s] Copying ../../build/network_chat/network_chat.egg-info to /home/sreeram3927/rudra_training/rover-master-gui/ros2_ws/install/network_chat/lib/python3.10/site-packages/network_chat-0.0.0-py3.10.egg-info
[4.867s] running install_scripts
[4.932s] Installing send_data script to /home/sreeram3927/rudra_training/rover-master-gui/ros2_ws/install/network_chat/lib/network_chat
[4.934s] writing list of installed files to '/home/sreeram3927/rudra_training/rover-master-gui/ros2_ws/build/network_chat/install.log'
[5.021s] Invoked command in '/home/sreeram3927/rudra_training/rover-master-gui/ros2_ws/src/network_chat' returned '0': PYTHONPATH=/home/sreeram3927/rudra_training/rover-master-gui/ros2_ws/build/network_chat/prefix_override:/home/sreeram3927/rudra_training/rover-master-gui/ros2_ws/install/network_chat/lib/python3.10/site-packages:${PYTHONPATH} /usr/bin/python3 setup.py egg_info --egg-base ../../build/network_chat build --build-base /home/sreeram3927/rudra_training/rover-master-gui/ros2_ws/build/network_chat/build install --record /home/sreeram3927/rudra_training/rover-master-gui/ros2_ws/build/network_chat/install.log --single-version-externally-managed
