running egg_info
writing ../../build/serial_chat/serial_chat.egg-info/PKG-INFO
writing dependency_links to ../../build/serial_chat/serial_chat.egg-info/dependency_links.txt
writing entry points to ../../build/serial_chat/serial_chat.egg-info/entry_points.txt
writing requirements to ../../build/serial_chat/serial_chat.egg-info/requires.txt
writing top-level names to ../../build/serial_chat/serial_chat.egg-info/top_level.txt
reading manifest file '../../build/serial_chat/serial_chat.egg-info/SOURCES.txt'
writing manifest file '../../build/serial_chat/serial_chat.egg-info/SOURCES.txt'
running build
running build_py
copying serial_chat/__init__.py -> /home/sreeram3927/rudra_training/rover-master-gui/ros2_ws/build/serial_chat/build/lib/serial_chat
copying serial_chat/chat_node.py -> /home/sreeram3927/rudra_training/rover-master-gui/ros2_ws/build/serial_chat/build/lib/serial_chat
copying serial_chat/gui_node.py -> /home/sreeram3927/rudra_training/rover-master-gui/ros2_ws/build/serial_chat/build/lib/serial_chat
copying serial_chat/gui.py -> /home/sreeram3927/rudra_training/rover-master-gui/ros2_ws/build/serial_chat/build/lib/serial_chat
running install
/usr/lib/python3/dist-packages/setuptools/command/install.py:34: SetuptoolsDeprecationWarning: setup.py install is deprecated. Use build and pip and other standards-based tools.
  warnings.warn(
running install_lib
copying /home/sreeram3927/rudra_training/rover-master-gui/ros2_ws/build/serial_chat/build/lib/serial_chat/gui_node.py -> /home/sreeram3927/rudra_training/rover-master-gui/ros2_ws/install/serial_chat/lib/python3.10/site-packages/serial_chat
copying /home/sreeram3927/rudra_training/rover-master-gui/ros2_ws/build/serial_chat/build/lib/serial_chat/gui.py -> /home/sreeram3927/rudra_training/rover-master-gui/ros2_ws/install/serial_chat/lib/python3.10/site-packages/serial_chat
byte-compiling /home/sreeram3927/rudra_training/rover-master-gui/ros2_ws/install/serial_chat/lib/python3.10/site-packages/serial_chat/gui_node.py to gui_node.cpython-310.pyc
byte-compiling /home/sreeram3927/rudra_training/rover-master-gui/ros2_ws/install/serial_chat/lib/python3.10/site-packages/serial_chat/gui.py to gui.cpython-310.pyc
running install_data
running install_egg_info
removing '/home/sreeram3927/rudra_training/rover-master-gui/ros2_ws/install/serial_chat/lib/python3.10/site-packages/serial_chat-0.0.0-py3.10.egg-info' (and everything under it)
Copying ../../build/serial_chat/serial_chat.egg-info to /home/sreeram3927/rudra_training/rover-master-gui/ros2_ws/install/serial_chat/lib/python3.10/site-packages/serial_chat-0.0.0-py3.10.egg-info
running install_scripts
Installing chat_node script to /home/sreeram3927/rudra_training/rover-master-gui/ros2_ws/install/serial_chat/lib/serial_chat
writing list of installed files to '/home/sreeram3927/rudra_training/rover-master-gui/ros2_ws/build/serial_chat/install.log'
