[4.011s] Invoking command in '/home/sreeram3927/rudra_training/rover-master-gui/ros2_ws/src/serial_chat': PYTHONPATH=/home/sreeram3927/rudra_training/rover-master-gui/ros2_ws/build/serial_chat/prefix_override:/home/sreeram3927/rudra_training/rover-master-gui/ros2_ws/install/serial_chat/lib/python3.10/site-packages:${PYTHONPATH} /usr/bin/python3 setup.py egg_info --egg-base ../../build/serial_chat build --build-base /home/sreeram3927/rudra_training/rover-master-gui/ros2_ws/build/serial_chat/build install --record /home/sreeram3927/rudra_training/rover-master-gui/ros2_ws/build/serial_chat/install.log --single-version-externally-managed
[4.614s] running egg_info
[4.618s] writing ../../build/serial_chat/serial_chat.egg-info/PKG-INFO
[4.620s] writing dependency_links to ../../build/serial_chat/serial_chat.egg-info/dependency_links.txt
[4.622s] writing entry points to ../../build/serial_chat/serial_chat.egg-info/entry_points.txt
[4.623s] writing requirements to ../../build/serial_chat/serial_chat.egg-info/requires.txt
[4.624s] writing top-level names to ../../build/serial_chat/serial_chat.egg-info/top_level.txt
[4.635s] reading manifest file '../../build/serial_chat/serial_chat.egg-info/SOURCES.txt'
[4.638s] writing manifest file '../../build/serial_chat/serial_chat.egg-info/SOURCES.txt'
[4.638s] running build
[4.638s] running build_py
[4.639s] running install
[4.654s] /usr/lib/python3/dist-packages/setuptools/command/install.py:34: SetuptoolsDeprecationWarning: setup.py install is deprecated. Use build and pip and other standards-based tools.
[4.655s]   warnings.warn(
[4.655s] running install_lib
[4.660s] running install_data
[4.666s] running install_egg_info
[4.666s] removing '/home/sreeram3927/rudra_training/rover-master-gui/ros2_ws/install/serial_chat/lib/python3.10/site-packages/serial_chat-0.0.0-py3.10.egg-info' (and everything under it)
[4.670s] Copying ../../build/serial_chat/serial_chat.egg-info to /home/sreeram3927/rudra_training/rover-master-gui/ros2_ws/install/serial_chat/lib/python3.10/site-packages/serial_chat-0.0.0-py3.10.egg-info
[4.697s] running install_scripts
[4.772s] Installing chat_node script to /home/sreeram3927/rudra_training/rover-master-gui/ros2_ws/install/serial_chat/lib/serial_chat
[4.773s] Installing gui_node script to /home/sreeram3927/rudra_training/rover-master-gui/ros2_ws/install/serial_chat/lib/serial_chat
[4.775s] writing list of installed files to '/home/sreeram3927/rudra_training/rover-master-gui/ros2_ws/build/serial_chat/install.log'
[5.021s] Invoked command in '/home/sreeram3927/rudra_training/rover-master-gui/ros2_ws/src/serial_chat' returned '0': PYTHONPATH=/home/sreeram3927/rudra_training/rover-master-gui/ros2_ws/build/serial_chat/prefix_override:/home/sreeram3927/rudra_training/rover-master-gui/ros2_ws/install/serial_chat/lib/python3.10/site-packages:${PYTHONPATH} /usr/bin/python3 setup.py egg_info --egg-base ../../build/serial_chat build --build-base /home/sreeram3927/rudra_training/rover-master-gui/ros2_ws/build/serial_chat/build install --record /home/sreeram3927/rudra_training/rover-master-gui/ros2_ws/build/serial_chat/install.log --single-version-externally-managed
