[2.687s] Invoking command in '/home/sreeram3927/rudra_training/rover-master-gui/ros2_ws/src/network_chat': PYTHONPATH=/home/sreeram3927/rudra_training/rover-master-gui/ros2_ws/build/network_chat/prefix_override:/home/sreeram3927/rudra_training/rover-master-gui/ros2_ws/install/network_chat/lib/python3.10/site-packages:${PYTHONPATH} /usr/bin/python3 setup.py egg_info --egg-base ../../build/network_chat build --build-base /home/sreeram3927/rudra_training/rover-master-gui/ros2_ws/build/network_chat/build install --record /home/sreeram3927/rudra_training/rover-master-gui/ros2_ws/build/network_chat/install.log --single-version-externally-managed
[3.379s] running egg_info
[3.383s] writing ../../build/network_chat/network_chat.egg-info/PKG-INFO
[3.384s] writing dependency_links to ../../build/network_chat/network_chat.egg-info/dependency_links.txt
[3.385s] writing entry points to ../../build/network_chat/network_chat.egg-info/entry_points.txt
[3.385s] writing requirements to ../../build/network_chat/network_chat.egg-info/requires.txt
[3.386s] writing top-level names to ../../build/network_chat/network_chat.egg-info/top_level.txt
[3.392s] reading manifest file '../../build/network_chat/network_chat.egg-info/SOURCES.txt'
[3.395s] writing manifest file '../../build/network_chat/network_chat.egg-info/SOURCES.txt'
[3.395s] running build
[3.396s] running build_py
[3.396s] running install
[3.396s] /usr/lib/python3/dist-packages/setuptools/command/install.py:34: SetuptoolsDeprecationWarning: setup.py install is deprecated. Use build and pip and other standards-based tools.
[3.396s]   warnings.warn(
[3.397s] running install_lib
[3.400s] running install_data
[3.401s] running install_egg_info
[3.405s] removing '/home/sreeram3927/rudra_training/rover-master-gui/ros2_ws/install/network_chat/lib/python3.10/site-packages/network_chat-0.0.0-py3.10.egg-info' (and everything under it)
[3.406s] Copying ../../build/network_chat/network_chat.egg-info to /home/sreeram3927/rudra_training/rover-master-gui/ros2_ws/install/network_chat/lib/python3.10/site-packages/network_chat-0.0.0-py3.10.egg-info
[3.408s] running install_scripts
[3.464s] Installing send_data script to /home/sreeram3927/rudra_training/rover-master-gui/ros2_ws/install/network_chat/lib/network_chat
[3.465s] writing list of installed files to '/home/sreeram3927/rudra_training/rover-master-gui/ros2_ws/build/network_chat/install.log'
[3.547s] Invoked command in '/home/sreeram3927/rudra_training/rover-master-gui/ros2_ws/src/network_chat' returned '0': PYTHONPATH=/home/sreeram3927/rudra_training/rover-master-gui/ros2_ws/build/network_chat/prefix_override:/home/sreeram3927/rudra_training/rover-master-gui/ros2_ws/install/network_chat/lib/python3.10/site-packages:${PYTHONPATH} /usr/bin/python3 setup.py egg_info --egg-base ../../build/network_chat build --build-base /home/sreeram3927/rudra_training/rover-master-gui/ros2_ws/build/network_chat/build install --record /home/sreeram3927/rudra_training/rover-master-gui/ros2_ws/build/network_chat/install.log --single-version-externally-managed
