running egg_info
writing ../../build/network_chat/network_chat.egg-info/PKG-INFO
writing dependency_links to ../../build/network_chat/network_chat.egg-info/dependency_links.txt
writing entry points to ../../build/network_chat/network_chat.egg-info/entry_points.txt
writing requirements to ../../build/network_chat/network_chat.egg-info/requires.txt
writing top-level names to ../../build/network_chat/network_chat.egg-info/top_level.txt
reading manifest file '../../build/network_chat/network_chat.egg-info/SOURCES.txt'
writing manifest file '../../build/network_chat/network_chat.egg-info/SOURCES.txt'
running build
running build_py
running install
/usr/lib/python3/dist-packages/setuptools/command/install.py:34: SetuptoolsDeprecationWarning: setup.py install is deprecated. Use build and pip and other standards-based tools.
  warnings.warn(
running install_lib
running install_data
running install_egg_info
removing '/home/sreeram3927/rudra_training/rover-master-gui/ros2_ws/install/network_chat/lib/python3.10/site-packages/network_chat-0.0.0-py3.10.egg-info' (and everything under it)
Copying ../../build/network_chat/network_chat.egg-info to /home/sreeram3927/rudra_training/rover-master-gui/ros2_ws/install/network_chat/lib/python3.10/site-packages/network_chat-0.0.0-py3.10.egg-info
running install_scripts
Installing send_data script to /home/sreeram3927/rudra_training/rover-master-gui/ros2_ws/install/network_chat/lib/network_chat
writing list of installed files to '/home/sreeram3927/rudra_training/rover-master-gui/ros2_ws/build/network_chat/install.log'
