[0.683s] DEBUG:colcon:Command line arguments: ['/usr/bin/colcon', 'build']
[0.684s] DEBUG:colcon:Parsed command line arguments: Namespace(log_base=None, log_level=None, verb_name='build', build_base='build', install_base='install', merge_install=False, symlink_install=False, test_result_base=None, continue_on_error=False, executor='parallel', parallel_workers=4, event_handlers=None, ignore_user_meta=False, metas=['./colcon.meta'], base_paths=['.'], packages_ignore=None, packages_ignore_regex=None, paths=None, packages_up_to=None, packages_up_to_regex=None, packages_above=None, packages_above_and_dependencies=None, packages_above_depth=None, packages_select_by_dep=None, packages_skip_by_dep=None, packages_skip_up_to=None, packages_select_build_failed=False, packages_skip_build_finished=False, packages_select_test_failures=False, packages_skip_test_passed=False, packages_select=None, packages_skip=None, packages_select_regex=None, packages_skip_regex=None, packages_start=None, packages_end=None, allow_overriding=[], cmake_args=None, cmake_target=None, cmake_target_skip_unavailable=False, cmake_clean_cache=False, cmake_clean_first=False, cmake_force_configure=False, ament_cmake_args=None, catkin_cmake_args=None, catkin_skip_building_tests=False, verb_parser=<colcon_defaults.argument_parser.defaults.DefaultArgumentsDecorator object at 0x7f50223dc8e0>, verb_extension=<colcon_core.verb.build.BuildVerb object at 0x7f5022be2650>, main=<bound method BuildVerb.main of <colcon_core.verb.build.BuildVerb object at 0x7f5022be2650>>)
[0.764s] Level 1:colcon.colcon_core.package_discovery:discover_packages(colcon_meta) check parameters
[0.764s] Level 1:colcon.colcon_core.package_discovery:discover_packages(recursive) check parameters
[0.764s] Level 1:colcon.colcon_core.package_discovery:discover_packages(ignore) check parameters
[0.764s] Level 1:colcon.colcon_core.package_discovery:discover_packages(path) check parameters
[0.764s] Level 1:colcon.colcon_core.package_discovery:discover_packages(colcon_meta) discover
[0.765s] Level 1:colcon.colcon_core.package_discovery:discover_packages(recursive) discover
[0.765s] INFO:colcon.colcon_core.package_discovery:Crawling recursively for packages in '/home/sreeram3927/rudra_training/rover-master-gui/ros2_ws'
[0.765s] Level 1:colcon.colcon_core.package_identification:_identify(.) by extensions ['ignore', 'ignore_ament_install']
[0.765s] Level 1:colcon.colcon_core.package_identification:_identify(.) by extension 'ignore'
[0.765s] Level 1:colcon.colcon_core.package_identification:_identify(.) by extension 'ignore_ament_install'
[0.765s] Level 1:colcon.colcon_core.package_identification:_identify(.) by extensions ['colcon_pkg']
[0.765s] Level 1:colcon.colcon_core.package_identification:_identify(.) by extension 'colcon_pkg'
[0.766s] Level 1:colcon.colcon_core.package_identification:_identify(.) by extensions ['colcon_meta']
[0.766s] Level 1:colcon.colcon_core.package_identification:_identify(.) by extension 'colcon_meta'
[0.766s] Level 1:colcon.colcon_core.package_identification:_identify(.) by extensions ['ros']
[0.766s] Level 1:colcon.colcon_core.package_identification:_identify(.) by extension 'ros'
[0.788s] Level 1:colcon.colcon_core.package_identification:_identify(.) by extensions ['cmake', 'python']
[0.788s] Level 1:colcon.colcon_core.package_identification:_identify(.) by extension 'cmake'
[0.788s] Level 1:colcon.colcon_core.package_identification:_identify(.) by extension 'python'
[0.788s] Level 1:colcon.colcon_core.package_identification:_identify(.) by extensions ['python_setup_py']
[0.788s] Level 1:colcon.colcon_core.package_identification:_identify(.) by extension 'python_setup_py'
[0.789s] Level 1:colcon.colcon_core.package_identification:_identify(build) by extensions ['ignore', 'ignore_ament_install']
[0.789s] Level 1:colcon.colcon_core.package_identification:_identify(build) by extension 'ignore'
[0.789s] Level 1:colcon.colcon_core.package_identification:_identify(build) ignored
[0.789s] Level 1:colcon.colcon_core.package_identification:_identify(install) by extensions ['ignore', 'ignore_ament_install']
[0.789s] Level 1:colcon.colcon_core.package_identification:_identify(install) by extension 'ignore'
[0.790s] Level 1:colcon.colcon_core.package_identification:_identify(install) ignored
[0.790s] Level 1:colcon.colcon_core.package_identification:_identify(log) by extensions ['ignore', 'ignore_ament_install']
[0.790s] Level 1:colcon.colcon_core.package_identification:_identify(log) by extension 'ignore'
[0.790s] Level 1:colcon.colcon_core.package_identification:_identify(log) ignored
[0.790s] Level 1:colcon.colcon_core.package_identification:_identify(src) by extensions ['ignore', 'ignore_ament_install']
[0.791s] Level 1:colcon.colcon_core.package_identification:_identify(src) by extension 'ignore'
[0.791s] Level 1:colcon.colcon_core.package_identification:_identify(src) by extension 'ignore_ament_install'
[0.791s] Level 1:colcon.colcon_core.package_identification:_identify(src) by extensions ['colcon_pkg']
[0.791s] Level 1:colcon.colcon_core.package_identification:_identify(src) by extension 'colcon_pkg'
[0.791s] Level 1:colcon.colcon_core.package_identification:_identify(src) by extensions ['colcon_meta']
[0.791s] Level 1:colcon.colcon_core.package_identification:_identify(src) by extension 'colcon_meta'
[0.791s] Level 1:colcon.colcon_core.package_identification:_identify(src) by extensions ['ros']
[0.791s] Level 1:colcon.colcon_core.package_identification:_identify(src) by extension 'ros'
[0.792s] Level 1:colcon.colcon_core.package_identification:_identify(src) by extensions ['cmake', 'python']
[0.792s] Level 1:colcon.colcon_core.package_identification:_identify(src) by extension 'cmake'
[0.792s] Level 1:colcon.colcon_core.package_identification:_identify(src) by extension 'python'
[0.792s] Level 1:colcon.colcon_core.package_identification:_identify(src) by extensions ['python_setup_py']
[0.792s] Level 1:colcon.colcon_core.package_identification:_identify(src) by extension 'python_setup_py'
[0.792s] Level 1:colcon.colcon_core.package_identification:_identify(src/network_chat) by extensions ['ignore', 'ignore_ament_install']
[0.792s] Level 1:colcon.colcon_core.package_identification:_identify(src/network_chat) by extension 'ignore'
[0.793s] Level 1:colcon.colcon_core.package_identification:_identify(src/network_chat) by extension 'ignore_ament_install'
[0.793s] Level 1:colcon.colcon_core.package_identification:_identify(src/network_chat) by extensions ['colcon_pkg']
[0.793s] Level 1:colcon.colcon_core.package_identification:_identify(src/network_chat) by extension 'colcon_pkg'
[0.793s] Level 1:colcon.colcon_core.package_identification:_identify(src/network_chat) by extensions ['colcon_meta']
[0.793s] Level 1:colcon.colcon_core.package_identification:_identify(src/network_chat) by extension 'colcon_meta'
[0.793s] Level 1:colcon.colcon_core.package_identification:_identify(src/network_chat) by extensions ['ros']
[0.793s] Level 1:colcon.colcon_core.package_identification:_identify(src/network_chat) by extension 'ros'
[0.797s] DEBUG:colcon.colcon_core.package_identification:Package 'src/network_chat' with type 'ros.ament_python' and name 'network_chat'
[0.798s] Level 1:colcon.colcon_core.package_identification:_identify(src/serial_chat) by extensions ['ignore', 'ignore_ament_install']
[0.798s] Level 1:colcon.colcon_core.package_identification:_identify(src/serial_chat) by extension 'ignore'
[0.798s] Level 1:colcon.colcon_core.package_identification:_identify(src/serial_chat) by extension 'ignore_ament_install'
[0.798s] Level 1:colcon.colcon_core.package_identification:_identify(src/serial_chat) by extensions ['colcon_pkg']
[0.798s] Level 1:colcon.colcon_core.package_identification:_identify(src/serial_chat) by extension 'colcon_pkg'
[0.798s] Level 1:colcon.colcon_core.package_identification:_identify(src/serial_chat) by extensions ['colcon_meta']
[0.798s] Level 1:colcon.colcon_core.package_identification:_identify(src/serial_chat) by extension 'colcon_meta'
[0.799s] Level 1:colcon.colcon_core.package_identification:_identify(src/serial_chat) by extensions ['ros']
[0.799s] Level 1:colcon.colcon_core.package_identification:_identify(src/serial_chat) by extension 'ros'
[0.800s] DEBUG:colcon.colcon_core.package_identification:Package 'src/serial_chat' with type 'ros.ament_python' and name 'serial_chat'
[0.801s] Level 1:colcon.colcon_core.package_identification:_identify(src/slave) by extensions ['ignore', 'ignore_ament_install']
[0.801s] Level 1:colcon.colcon_core.package_identification:_identify(src/slave) by extension 'ignore'
[0.801s] Level 1:colcon.colcon_core.package_identification:_identify(src/slave) by extension 'ignore_ament_install'
[0.801s] Level 1:colcon.colcon_core.package_identification:_identify(src/slave) by extensions ['colcon_pkg']
[0.801s] Level 1:colcon.colcon_core.package_identification:_identify(src/slave) by extension 'colcon_pkg'
[0.801s] Level 1:colcon.colcon_core.package_identification:_identify(src/slave) by extensions ['colcon_meta']
[0.801s] Level 1:colcon.colcon_core.package_identification:_identify(src/slave) by extension 'colcon_meta'
[0.802s] Level 1:colcon.colcon_core.package_identification:_identify(src/slave) by extensions ['ros']
[0.802s] Level 1:colcon.colcon_core.package_identification:_identify(src/slave) by extension 'ros'
[0.803s] DEBUG:colcon.colcon_core.package_identification:Package 'src/slave' with type 'ros.ament_python' and name 'slave'
[0.803s] Level 1:colcon.colcon_core.package_discovery:discover_packages(recursive) using defaults
[0.803s] Level 1:colcon.colcon_core.package_discovery:discover_packages(ignore) discover
[0.803s] Level 1:colcon.colcon_core.package_discovery:discover_packages(ignore) using defaults
[0.803s] Level 1:colcon.colcon_core.package_discovery:discover_packages(path) discover
[0.804s] Level 1:colcon.colcon_core.package_discovery:discover_packages(path) using defaults
[0.844s] Level 1:colcon.colcon_core.package_discovery:discover_packages(prefix_path) check parameters
[0.844s] Level 1:colcon.colcon_core.package_discovery:discover_packages(prefix_path) discover
[0.850s] DEBUG:colcon.colcon_installed_package_information.package_discovery:Found 270 installed packages in /opt/ros/humble
[0.852s] Level 1:colcon.colcon_core.package_discovery:discover_packages(prefix_path) using defaults
[0.961s] Level 5:colcon.colcon_core.verb:set package 'network_chat' build argument 'cmake_args' from command line to 'None'
[0.961s] Level 5:colcon.colcon_core.verb:set package 'network_chat' build argument 'cmake_target' from command line to 'None'
[0.961s] Level 5:colcon.colcon_core.verb:set package 'network_chat' build argument 'cmake_target_skip_unavailable' from command line to 'False'
[0.961s] Level 5:colcon.colcon_core.verb:set package 'network_chat' build argument 'cmake_clean_cache' from command line to 'False'
[0.961s] Level 5:colcon.colcon_core.verb:set package 'network_chat' build argument 'cmake_clean_first' from command line to 'False'
[0.961s] Level 5:colcon.colcon_core.verb:set package 'network_chat' build argument 'cmake_force_configure' from command line to 'False'
[0.961s] Level 5:colcon.colcon_core.verb:set package 'network_chat' build argument 'ament_cmake_args' from command line to 'None'
[0.962s] Level 5:colcon.colcon_core.verb:set package 'network_chat' build argument 'catkin_cmake_args' from command line to 'None'
[0.962s] Level 5:colcon.colcon_core.verb:set package 'network_chat' build argument 'catkin_skip_building_tests' from command line to 'False'
[0.962s] DEBUG:colcon.colcon_core.verb:Building package 'network_chat' with the following arguments: {'ament_cmake_args': None, 'build_base': '/home/sreeram3927/rudra_training/rover-master-gui/ros2_ws/build/network_chat', 'catkin_cmake_args': None, 'catkin_skip_building_tests': False, 'cmake_args': None, 'cmake_clean_cache': False, 'cmake_clean_first': False, 'cmake_force_configure': False, 'cmake_target': None, 'cmake_target_skip_unavailable': False, 'install_base': '/home/sreeram3927/rudra_training/rover-master-gui/ros2_ws/install/network_chat', 'merge_install': False, 'path': '/home/sreeram3927/rudra_training/rover-master-gui/ros2_ws/src/network_chat', 'symlink_install': False, 'test_result_base': None}
[0.963s] Level 5:colcon.colcon_core.verb:set package 'serial_chat' build argument 'cmake_args' from command line to 'None'
[0.964s] Level 5:colcon.colcon_core.verb:set package 'serial_chat' build argument 'cmake_target' from command line to 'None'
[0.964s] Level 5:colcon.colcon_core.verb:set package 'serial_chat' build argument 'cmake_target_skip_unavailable' from command line to 'False'
[0.964s] Level 5:colcon.colcon_core.verb:set package 'serial_chat' build argument 'cmake_clean_cache' from command line to 'False'
[0.964s] Level 5:colcon.colcon_core.verb:set package 'serial_chat' build argument 'cmake_clean_first' from command line to 'False'
[0.964s] Level 5:colcon.colcon_core.verb:set package 'serial_chat' build argument 'cmake_force_configure' from command line to 'False'
[0.964s] Level 5:colcon.colcon_core.verb:set package 'serial_chat' build argument 'ament_cmake_args' from command line to 'None'
[0.964s] Level 5:colcon.colcon_core.verb:set package 'serial_chat' build argument 'catkin_cmake_args' from command line to 'None'
[0.964s] Level 5:colcon.colcon_core.verb:set package 'serial_chat' build argument 'catkin_skip_building_tests' from command line to 'False'
[0.964s] DEBUG:colcon.colcon_core.verb:Building package 'serial_chat' with the following arguments: {'ament_cmake_args': None, 'build_base': '/home/sreeram3927/rudra_training/rover-master-gui/ros2_ws/build/serial_chat', 'catkin_cmake_args': None, 'catkin_skip_building_tests': False, 'cmake_args': None, 'cmake_clean_cache': False, 'cmake_clean_first': False, 'cmake_force_configure': False, 'cmake_target': None, 'cmake_target_skip_unavailable': False, 'install_base': '/home/sreeram3927/rudra_training/rover-master-gui/ros2_ws/install/serial_chat', 'merge_install': False, 'path': '/home/sreeram3927/rudra_training/rover-master-gui/ros2_ws/src/serial_chat', 'symlink_install': False, 'test_result_base': None}
[0.966s] Level 5:colcon.colcon_core.verb:set package 'slave' build argument 'cmake_args' from command line to 'None'
[0.966s] Level 5:colcon.colcon_core.verb:set package 'slave' build argument 'cmake_target' from command line to 'None'
[0.966s] Level 5:colcon.colcon_core.verb:set package 'slave' build argument 'cmake_target_skip_unavailable' from command line to 'False'
[0.966s] Level 5:colcon.colcon_core.verb:set package 'slave' build argument 'cmake_clean_cache' from command line to 'False'
[0.966s] Level 5:colcon.colcon_core.verb:set package 'slave' build argument 'cmake_clean_first' from command line to 'False'
[0.966s] Level 5:colcon.colcon_core.verb:set package 'slave' build argument 'cmake_force_configure' from command line to 'False'
[0.966s] Level 5:colcon.colcon_core.verb:set package 'slave' build argument 'ament_cmake_args' from command line to 'None'
[0.966s] Level 5:colcon.colcon_core.verb:set package 'slave' build argument 'catkin_cmake_args' from command line to 'None'
[0.966s] Level 5:colcon.colcon_core.verb:set package 'slave' build argument 'catkin_skip_building_tests' from command line to 'False'
[0.967s] DEBUG:colcon.colcon_core.verb:Building package 'slave' with the following arguments: {'ament_cmake_args': None, 'build_base': '/home/sreeram3927/rudra_training/rover-master-gui/ros2_ws/build/slave', 'catkin_cmake_args': None, 'catkin_skip_building_tests': False, 'cmake_args': None, 'cmake_clean_cache': False, 'cmake_clean_first': False, 'cmake_force_configure': False, 'cmake_target': None, 'cmake_target_skip_unavailable': False, 'install_base': '/home/sreeram3927/rudra_training/rover-master-gui/ros2_ws/install/slave', 'merge_install': False, 'path': '/home/sreeram3927/rudra_training/rover-master-gui/ros2_ws/src/slave', 'symlink_install': False, 'test_result_base': None}
[0.968s] INFO:colcon.colcon_core.executor:Executing jobs using 'parallel' executor
[0.973s] DEBUG:colcon.colcon_parallel_executor.executor.parallel:run_until_complete
[0.973s] INFO:colcon.colcon_ros.task.ament_python.build:Building ROS package in '/home/sreeram3927/rudra_training/rover-master-gui/ros2_ws/src/network_chat' with build type 'ament_python'
[0.973s] Level 1:colcon.colcon_core.shell:create_environment_hook('network_chat', 'ament_prefix_path')
[0.984s] INFO:colcon.colcon_core.plugin_system:Skipping extension 'colcon_core.shell.bat': Not used on non-Windows systems
[0.985s] INFO:colcon.colcon_core.shell:Creating environment hook '/home/sreeram3927/rudra_training/rover-master-gui/ros2_ws/install/network_chat/share/network_chat/hook/ament_prefix_path.ps1'
[0.988s] INFO:colcon.colcon_core.shell:Creating environment descriptor '/home/sreeram3927/rudra_training/rover-master-gui/ros2_ws/install/network_chat/share/network_chat/hook/ament_prefix_path.dsv'
[0.990s] INFO:colcon.colcon_core.shell:Creating environment hook '/home/sreeram3927/rudra_training/rover-master-gui/ros2_ws/install/network_chat/share/network_chat/hook/ament_prefix_path.sh'
[0.998s] INFO:colcon.colcon_core.shell:Skip shell extension 'powershell' for command environment: Not usable outside of PowerShell
[0.999s] DEBUG:colcon.colcon_core.shell:Skip shell extension 'dsv' for command environment
[1.007s] INFO:colcon.colcon_ros.task.ament_python.build:Building ROS package in '/home/sreeram3927/rudra_training/rover-master-gui/ros2_ws/src/serial_chat' with build type 'ament_python'
[1.008s] Level 1:colcon.colcon_core.shell:create_environment_hook('serial_chat', 'ament_prefix_path')
[1.012s] INFO:colcon.colcon_core.shell:Creating environment hook '/home/sreeram3927/rudra_training/rover-master-gui/ros2_ws/install/serial_chat/share/serial_chat/hook/ament_prefix_path.ps1'
[1.013s] INFO:colcon.colcon_core.shell:Creating environment descriptor '/home/sreeram3927/rudra_training/rover-master-gui/ros2_ws/install/serial_chat/share/serial_chat/hook/ament_prefix_path.dsv'
[1.014s] INFO:colcon.colcon_core.shell:Creating environment hook '/home/sreeram3927/rudra_training/rover-master-gui/ros2_ws/install/serial_chat/share/serial_chat/hook/ament_prefix_path.sh'
[1.020s] INFO:colcon.colcon_core.shell:Skip shell extension 'powershell' for command environment: Not usable outside of PowerShell
[1.021s] DEBUG:colcon.colcon_core.shell:Skip shell extension 'dsv' for command environment
[1.027s] INFO:colcon.colcon_ros.task.ament_python.build:Building ROS package in '/home/sreeram3927/rudra_training/rover-master-gui/ros2_ws/src/slave' with build type 'ament_python'
[1.028s] Level 1:colcon.colcon_core.shell:create_environment_hook('slave', 'ament_prefix_path')
[1.032s] INFO:colcon.colcon_core.shell:Creating environment hook '/home/sreeram3927/rudra_training/rover-master-gui/ros2_ws/install/slave/share/slave/hook/ament_prefix_path.ps1'
[1.034s] INFO:colcon.colcon_core.shell:Creating environment descriptor '/home/sreeram3927/rudra_training/rover-master-gui/ros2_ws/install/slave/share/slave/hook/ament_prefix_path.dsv'
[1.037s] INFO:colcon.colcon_core.shell:Creating environment hook '/home/sreeram3927/rudra_training/rover-master-gui/ros2_ws/install/slave/share/slave/hook/ament_prefix_path.sh'
[1.041s] INFO:colcon.colcon_core.shell:Skip shell extension 'powershell' for command environment: Not usable outside of PowerShell
[1.041s] DEBUG:colcon.colcon_core.shell:Skip shell extension 'dsv' for command environment
[1.654s] INFO:colcon.colcon_core.task.python.build:Building Python package in '/home/sreeram3927/rudra_training/rover-master-gui/ros2_ws/src/network_chat'
[1.656s] INFO:colcon.colcon_core.shell:Skip shell extension 'powershell' for command environment: Not usable outside of PowerShell
[1.656s] DEBUG:colcon.colcon_core.shell:Skip shell extension 'dsv' for command environment
[2.194s] INFO:colcon.colcon_core.task.python.build:Building Python package in '/home/sreeram3927/rudra_training/rover-master-gui/ros2_ws/src/serial_chat'
[2.197s] INFO:colcon.colcon_core.shell:Skip shell extension 'powershell' for command environment: Not usable outside of PowerShell
[2.197s] DEBUG:colcon.colcon_core.shell:Skip shell extension 'dsv' for command environment
[2.732s] INFO:colcon.colcon_core.task.python.build:Building Python package in '/home/sreeram3927/rudra_training/rover-master-gui/ros2_ws/src/slave'
[2.734s] INFO:colcon.colcon_core.shell:Skip shell extension 'powershell' for command environment: Not usable outside of PowerShell
[2.735s] DEBUG:colcon.colcon_core.shell:Skip shell extension 'dsv' for command environment
[3.774s] DEBUG:colcon.colcon_core.event_handler.log_command:Invoking command in '/home/sreeram3927/rudra_training/rover-master-gui/ros2_ws/src/network_chat': PYTHONPATH=/home/sreeram3927/rudra_training/rover-master-gui/ros2_ws/build/network_chat/prefix_override:/home/sreeram3927/rudra_training/rover-master-gui/ros2_ws/install/network_chat/lib/python3.10/site-packages:${PYTHONPATH} /usr/bin/python3 setup.py egg_info --egg-base ../../build/network_chat build --build-base /home/sreeram3927/rudra_training/rover-master-gui/ros2_ws/build/network_chat/build install --record /home/sreeram3927/rudra_training/rover-master-gui/ros2_ws/build/network_chat/install.log --single-version-externally-managed
[3.828s] DEBUG:colcon.colcon_core.event_handler.log_command:Invoking command in '/home/sreeram3927/rudra_training/rover-master-gui/ros2_ws/src/serial_chat': PYTHONPATH=/home/sreeram3927/rudra_training/rover-master-gui/ros2_ws/build/serial_chat/prefix_override:/home/sreeram3927/rudra_training/rover-master-gui/ros2_ws/install/serial_chat/lib/python3.10/site-packages:${PYTHONPATH} /usr/bin/python3 setup.py egg_info --egg-base ../../build/serial_chat build --build-base /home/sreeram3927/rudra_training/rover-master-gui/ros2_ws/build/serial_chat/build install --record /home/sreeram3927/rudra_training/rover-master-gui/ros2_ws/build/serial_chat/install.log --single-version-externally-managed
[3.953s] DEBUG:colcon.colcon_core.event_handler.log_command:Invoking command in '/home/sreeram3927/rudra_training/rover-master-gui/ros2_ws/src/slave': PYTHONPATH=/home/sreeram3927/rudra_training/rover-master-gui/ros2_ws/build/slave/prefix_override:/home/sreeram3927/rudra_training/rover-master-gui/ros2_ws/install/slave/lib/python3.10/site-packages:${PYTHONPATH} /usr/bin/python3 setup.py egg_info --egg-base ../../build/slave build --build-base /home/sreeram3927/rudra_training/rover-master-gui/ros2_ws/build/slave/build install --record /home/sreeram3927/rudra_training/rover-master-gui/ros2_ws/build/slave/install.log --single-version-externally-managed
[4.810s] DEBUG:colcon.colcon_core.event_handler.log_command:Invoked command in '/home/sreeram3927/rudra_training/rover-master-gui/ros2_ws/src/network_chat' returned '0': PYTHONPATH=/home/sreeram3927/rudra_training/rover-master-gui/ros2_ws/build/network_chat/prefix_override:/home/sreeram3927/rudra_training/rover-master-gui/ros2_ws/install/network_chat/lib/python3.10/site-packages:${PYTHONPATH} /usr/bin/python3 setup.py egg_info --egg-base ../../build/network_chat build --build-base /home/sreeram3927/rudra_training/rover-master-gui/ros2_ws/build/network_chat/build install --record /home/sreeram3927/rudra_training/rover-master-gui/ros2_ws/build/network_chat/install.log --single-version-externally-managed
[4.815s] Level 1:colcon.colcon_core.environment:checking '/home/sreeram3927/rudra_training/rover-master-gui/ros2_ws/install/network_chat' for CMake module files
[4.816s] Level 1:colcon.colcon_core.environment:checking '/home/sreeram3927/rudra_training/rover-master-gui/ros2_ws/install/network_chat' for CMake config files
[4.818s] Level 1:colcon.colcon_core.environment:checking '/home/sreeram3927/rudra_training/rover-master-gui/ros2_ws/install/network_chat/lib'
[4.818s] Level 1:colcon.colcon_core.environment:checking '/home/sreeram3927/rudra_training/rover-master-gui/ros2_ws/install/network_chat/bin'
[4.818s] Level 1:colcon.colcon_core.environment:checking '/home/sreeram3927/rudra_training/rover-master-gui/ros2_ws/install/network_chat/lib/pkgconfig/network_chat.pc'
[4.819s] Level 1:colcon.colcon_core.environment:checking '/home/sreeram3927/rudra_training/rover-master-gui/ros2_ws/install/network_chat/lib/python3.10/site-packages'
[4.819s] Level 1:colcon.colcon_core.shell:create_environment_hook('network_chat', 'pythonpath')
[4.821s] INFO:colcon.colcon_core.shell:Creating environment hook '/home/sreeram3927/rudra_training/rover-master-gui/ros2_ws/install/network_chat/share/network_chat/hook/pythonpath.ps1'
[4.822s] INFO:colcon.colcon_core.shell:Creating environment descriptor '/home/sreeram3927/rudra_training/rover-master-gui/ros2_ws/install/network_chat/share/network_chat/hook/pythonpath.dsv'
[4.823s] INFO:colcon.colcon_core.shell:Creating environment hook '/home/sreeram3927/rudra_training/rover-master-gui/ros2_ws/install/network_chat/share/network_chat/hook/pythonpath.sh'
[4.825s] Level 1:colcon.colcon_core.environment:checking '/home/sreeram3927/rudra_training/rover-master-gui/ros2_ws/install/network_chat/bin'
[4.825s] Level 1:colcon.colcon_core.environment:create_environment_scripts_only(network_chat)
[4.829s] INFO:colcon.colcon_core.shell:Creating package script '/home/sreeram3927/rudra_training/rover-master-gui/ros2_ws/install/network_chat/share/network_chat/package.ps1'
[4.832s] INFO:colcon.colcon_core.shell:Creating package descriptor '/home/sreeram3927/rudra_training/rover-master-gui/ros2_ws/install/network_chat/share/network_chat/package.dsv'
[4.833s] INFO:colcon.colcon_core.shell:Creating package script '/home/sreeram3927/rudra_training/rover-master-gui/ros2_ws/install/network_chat/share/network_chat/package.sh'
[4.835s] INFO:colcon.colcon_core.shell:Creating package script '/home/sreeram3927/rudra_training/rover-master-gui/ros2_ws/install/network_chat/share/network_chat/package.bash'
[4.837s] INFO:colcon.colcon_core.shell:Creating package script '/home/sreeram3927/rudra_training/rover-master-gui/ros2_ws/install/network_chat/share/network_chat/package.zsh'
[4.839s] Level 1:colcon.colcon_core.environment:create_file_with_runtime_dependencies(/home/sreeram3927/rudra_training/rover-master-gui/ros2_ws/install/network_chat/share/colcon-core/packages/network_chat)
[4.849s] Level 1:colcon.colcon_core.environment:checking '/home/sreeram3927/rudra_training/rover-master-gui/ros2_ws/install/serial_chat' for CMake module files
[4.851s] DEBUG:colcon.colcon_core.event_handler.log_command:Invoked command in '/home/sreeram3927/rudra_training/rover-master-gui/ros2_ws/src/serial_chat' returned '0': PYTHONPATH=/home/sreeram3927/rudra_training/rover-master-gui/ros2_ws/build/serial_chat/prefix_override:/home/sreeram3927/rudra_training/rover-master-gui/ros2_ws/install/serial_chat/lib/python3.10/site-packages:${PYTHONPATH} /usr/bin/python3 setup.py egg_info --egg-base ../../build/serial_chat build --build-base /home/sreeram3927/rudra_training/rover-master-gui/ros2_ws/build/serial_chat/build install --record /home/sreeram3927/rudra_training/rover-master-gui/ros2_ws/build/serial_chat/install.log --single-version-externally-managed
[4.852s] Level 1:colcon.colcon_core.environment:checking '/home/sreeram3927/rudra_training/rover-master-gui/ros2_ws/install/serial_chat' for CMake config files
[4.854s] Level 1:colcon.colcon_core.environment:checking '/home/sreeram3927/rudra_training/rover-master-gui/ros2_ws/install/serial_chat/lib'
[4.854s] Level 1:colcon.colcon_core.environment:checking '/home/sreeram3927/rudra_training/rover-master-gui/ros2_ws/install/serial_chat/bin'
[4.854s] Level 1:colcon.colcon_core.environment:checking '/home/sreeram3927/rudra_training/rover-master-gui/ros2_ws/install/serial_chat/lib/pkgconfig/serial_chat.pc'
[4.855s] Level 1:colcon.colcon_core.environment:checking '/home/sreeram3927/rudra_training/rover-master-gui/ros2_ws/install/serial_chat/lib/python3.10/site-packages'
[4.855s] Level 1:colcon.colcon_core.shell:create_environment_hook('serial_chat', 'pythonpath')
[4.858s] INFO:colcon.colcon_core.shell:Creating environment hook '/home/sreeram3927/rudra_training/rover-master-gui/ros2_ws/install/serial_chat/share/serial_chat/hook/pythonpath.ps1'
[4.861s] INFO:colcon.colcon_core.shell:Creating environment descriptor '/home/sreeram3927/rudra_training/rover-master-gui/ros2_ws/install/serial_chat/share/serial_chat/hook/pythonpath.dsv'
[4.862s] INFO:colcon.colcon_core.shell:Creating environment hook '/home/sreeram3927/rudra_training/rover-master-gui/ros2_ws/install/serial_chat/share/serial_chat/hook/pythonpath.sh'
[4.863s] Level 1:colcon.colcon_core.environment:checking '/home/sreeram3927/rudra_training/rover-master-gui/ros2_ws/install/serial_chat/bin'
[4.864s] Level 1:colcon.colcon_core.environment:create_environment_scripts_only(serial_chat)
[4.870s] INFO:colcon.colcon_core.shell:Creating package script '/home/sreeram3927/rudra_training/rover-master-gui/ros2_ws/install/serial_chat/share/serial_chat/package.ps1'
[4.873s] INFO:colcon.colcon_core.shell:Creating package descriptor '/home/sreeram3927/rudra_training/rover-master-gui/ros2_ws/install/serial_chat/share/serial_chat/package.dsv'
[4.874s] INFO:colcon.colcon_core.shell:Creating package script '/home/sreeram3927/rudra_training/rover-master-gui/ros2_ws/install/serial_chat/share/serial_chat/package.sh'
[4.876s] INFO:colcon.colcon_core.shell:Creating package script '/home/sreeram3927/rudra_training/rover-master-gui/ros2_ws/install/serial_chat/share/serial_chat/package.bash'
[4.876s] INFO:colcon.colcon_core.shell:Creating package script '/home/sreeram3927/rudra_training/rover-master-gui/ros2_ws/install/serial_chat/share/serial_chat/package.zsh'
[4.877s] Level 1:colcon.colcon_core.environment:create_file_with_runtime_dependencies(/home/sreeram3927/rudra_training/rover-master-gui/ros2_ws/install/serial_chat/share/colcon-core/packages/serial_chat)
[4.953s] Level 1:colcon.colcon_core.environment:checking '/home/sreeram3927/rudra_training/rover-master-gui/ros2_ws/install/slave' for CMake module files
[4.955s] DEBUG:colcon.colcon_core.event_handler.log_command:Invoked command in '/home/sreeram3927/rudra_training/rover-master-gui/ros2_ws/src/slave' returned '0': PYTHONPATH=/home/sreeram3927/rudra_training/rover-master-gui/ros2_ws/build/slave/prefix_override:/home/sreeram3927/rudra_training/rover-master-gui/ros2_ws/install/slave/lib/python3.10/site-packages:${PYTHONPATH} /usr/bin/python3 setup.py egg_info --egg-base ../../build/slave build --build-base /home/sreeram3927/rudra_training/rover-master-gui/ros2_ws/build/slave/build install --record /home/sreeram3927/rudra_training/rover-master-gui/ros2_ws/build/slave/install.log --single-version-externally-managed
[4.955s] Level 1:colcon.colcon_core.environment:checking '/home/sreeram3927/rudra_training/rover-master-gui/ros2_ws/install/slave' for CMake config files
[4.956s] Level 1:colcon.colcon_core.environment:checking '/home/sreeram3927/rudra_training/rover-master-gui/ros2_ws/install/slave/lib'
[4.956s] Level 1:colcon.colcon_core.environment:checking '/home/sreeram3927/rudra_training/rover-master-gui/ros2_ws/install/slave/bin'
[4.957s] Level 1:colcon.colcon_core.environment:checking '/home/sreeram3927/rudra_training/rover-master-gui/ros2_ws/install/slave/lib/pkgconfig/slave.pc'
[4.957s] Level 1:colcon.colcon_core.environment:checking '/home/sreeram3927/rudra_training/rover-master-gui/ros2_ws/install/slave/lib/python3.10/site-packages'
[4.957s] Level 1:colcon.colcon_core.shell:create_environment_hook('slave', 'pythonpath')
[4.959s] INFO:colcon.colcon_core.shell:Creating environment hook '/home/sreeram3927/rudra_training/rover-master-gui/ros2_ws/install/slave/share/slave/hook/pythonpath.ps1'
[4.960s] INFO:colcon.colcon_core.shell:Creating environment descriptor '/home/sreeram3927/rudra_training/rover-master-gui/ros2_ws/install/slave/share/slave/hook/pythonpath.dsv'
[4.961s] INFO:colcon.colcon_core.shell:Creating environment hook '/home/sreeram3927/rudra_training/rover-master-gui/ros2_ws/install/slave/share/slave/hook/pythonpath.sh'
[4.962s] Level 1:colcon.colcon_core.environment:checking '/home/sreeram3927/rudra_training/rover-master-gui/ros2_ws/install/slave/bin'
[4.962s] Level 1:colcon.colcon_core.environment:create_environment_scripts_only(slave)
[4.964s] INFO:colcon.colcon_core.shell:Creating package script '/home/sreeram3927/rudra_training/rover-master-gui/ros2_ws/install/slave/share/slave/package.ps1'
[4.965s] INFO:colcon.colcon_core.shell:Creating package descriptor '/home/sreeram3927/rudra_training/rover-master-gui/ros2_ws/install/slave/share/slave/package.dsv'
[4.966s] INFO:colcon.colcon_core.shell:Creating package script '/home/sreeram3927/rudra_training/rover-master-gui/ros2_ws/install/slave/share/slave/package.sh'
[4.966s] INFO:colcon.colcon_core.shell:Creating package script '/home/sreeram3927/rudra_training/rover-master-gui/ros2_ws/install/slave/share/slave/package.bash'
[4.967s] INFO:colcon.colcon_core.shell:Creating package script '/home/sreeram3927/rudra_training/rover-master-gui/ros2_ws/install/slave/share/slave/package.zsh'
[4.968s] Level 1:colcon.colcon_core.environment:create_file_with_runtime_dependencies(/home/sreeram3927/rudra_training/rover-master-gui/ros2_ws/install/slave/share/colcon-core/packages/slave)
[4.968s] DEBUG:colcon.colcon_parallel_executor.executor.parallel:closing loop
[4.969s] DEBUG:colcon.colcon_parallel_executor.executor.parallel:loop closed
[4.969s] DEBUG:colcon.colcon_parallel_executor.executor.parallel:run_until_complete finished with '0'
[4.969s] DEBUG:colcon.colcon_core.event_reactor:joining thread
[4.980s] INFO:colcon.colcon_core.plugin_system:Skipping extension 'colcon_notification.desktop_notification.terminal_notifier': Not used on non-Darwin systems
[4.980s] INFO:colcon.colcon_core.plugin_system:Skipping extension 'colcon_notification.desktop_notification.win32': Not used on non-Windows systems
[4.980s] INFO:colcon.colcon_notification.desktop_notification:Sending desktop notification using 'notify2'
[5.006s] DEBUG:colcon.colcon_core.event_reactor:joined thread
[5.008s] INFO:colcon.colcon_core.shell:Creating prefix script '/home/sreeram3927/rudra_training/rover-master-gui/ros2_ws/install/local_setup.ps1'
[5.011s] INFO:colcon.colcon_core.shell:Creating prefix util module '/home/sreeram3927/rudra_training/rover-master-gui/ros2_ws/install/_local_setup_util_ps1.py'
[5.015s] INFO:colcon.colcon_core.shell:Creating prefix chain script '/home/sreeram3927/rudra_training/rover-master-gui/ros2_ws/install/setup.ps1'
[5.018s] INFO:colcon.colcon_core.shell:Creating prefix script '/home/sreeram3927/rudra_training/rover-master-gui/ros2_ws/install/local_setup.sh'
[5.020s] INFO:colcon.colcon_core.shell:Creating prefix util module '/home/sreeram3927/rudra_training/rover-master-gui/ros2_ws/install/_local_setup_util_sh.py'
[5.021s] INFO:colcon.colcon_core.shell:Creating prefix chain script '/home/sreeram3927/rudra_training/rover-master-gui/ros2_ws/install/setup.sh'
[5.025s] INFO:colcon.colcon_core.shell:Creating prefix script '/home/sreeram3927/rudra_training/rover-master-gui/ros2_ws/install/local_setup.bash'
[5.026s] INFO:colcon.colcon_core.shell:Creating prefix chain script '/home/sreeram3927/rudra_training/rover-master-gui/ros2_ws/install/setup.bash'
[5.031s] INFO:colcon.colcon_core.shell:Creating prefix script '/home/sreeram3927/rudra_training/rover-master-gui/ros2_ws/install/local_setup.zsh'
[5.032s] INFO:colcon.colcon_core.shell:Creating prefix chain script '/home/sreeram3927/rudra_training/rover-master-gui/ros2_ws/install/setup.zsh'
