[6.856s] DEBUG:colcon:Command line arguments: ['/usr/bin/colcon', 'build']
[6.857s] DEBUG:colcon:Parsed command line arguments: Namespace(log_base=None, log_level=None, verb_name='build', build_base='build', install_base='install', merge_install=False, symlink_install=False, test_result_base=None, continue_on_error=False, executor='parallel', parallel_workers=4, event_handlers=None, ignore_user_meta=False, metas=['./colcon.meta'], base_paths=['.'], packages_ignore=None, packages_ignore_regex=None, paths=None, packages_up_to=None, packages_up_to_regex=None, packages_above=None, packages_above_and_dependencies=None, packages_above_depth=None, packages_select_by_dep=None, packages_skip_by_dep=None, packages_skip_up_to=None, packages_select_build_failed=False, packages_skip_build_finished=False, packages_select_test_failures=False, packages_skip_test_passed=False, packages_select=None, packages_skip=None, packages_select_regex=None, packages_skip_regex=None, packages_start=None, packages_end=None, allow_overriding=[], cmake_args=None, cmake_target=None, cmake_target_skip_unavailable=False, cmake_clean_cache=False, cmake_clean_first=False, cmake_force_configure=False, ament_cmake_args=None, catkin_cmake_args=None, catkin_skip_building_tests=False, verb_parser=<colcon_defaults.argument_parser.defaults.DefaultArgumentsDecorator object at 0x7fd2fa0dc490>, verb_extension=<colcon_core.verb.build.BuildVerb object at 0x7fd2fa8de680>, main=<bound method BuildVerb.main of <colcon_core.verb.build.BuildVerb object at 0x7fd2fa8de680>>)
[7.720s] Level 1:colcon.colcon_core.package_discovery:discover_packages(colcon_meta) check parameters
[7.721s] Level 1:colcon.colcon_core.package_discovery:discover_packages(recursive) check parameters
[7.721s] Level 1:colcon.colcon_core.package_discovery:discover_packages(ignore) check parameters
[7.722s] Level 1:colcon.colcon_core.package_discovery:discover_packages(path) check parameters
[7.722s] Level 1:colcon.colcon_core.package_discovery:discover_packages(colcon_meta) discover
[7.723s] Level 1:colcon.colcon_core.package_discovery:discover_packages(recursive) discover
[7.723s] INFO:colcon.colcon_core.package_discovery:Crawling recursively for packages in '/home/sreeram3927/rudra_training/rover-master-gui/ros2_ws'
[7.724s] Level 1:colcon.colcon_core.package_identification:_identify(.) by extensions ['ignore', 'ignore_ament_install']
[7.725s] Level 1:colcon.colcon_core.package_identification:_identify(.) by extension 'ignore'
[7.726s] Level 1:colcon.colcon_core.package_identification:_identify(.) by extension 'ignore_ament_install'
[7.727s] Level 1:colcon.colcon_core.package_identification:_identify(.) by extensions ['colcon_pkg']
[7.727s] Level 1:colcon.colcon_core.package_identification:_identify(.) by extension 'colcon_pkg'
[7.727s] Level 1:colcon.colcon_core.package_identification:_identify(.) by extensions ['colcon_meta']
[7.728s] Level 1:colcon.colcon_core.package_identification:_identify(.) by extension 'colcon_meta'
[7.728s] Level 1:colcon.colcon_core.package_identification:_identify(.) by extensions ['ros']
[7.729s] Level 1:colcon.colcon_core.package_identification:_identify(.) by extension 'ros'
[7.776s] Level 1:colcon.colcon_core.package_identification:_identify(.) by extensions ['cmake', 'python']
[7.776s] Level 1:colcon.colcon_core.package_identification:_identify(.) by extension 'cmake'
[7.776s] Level 1:colcon.colcon_core.package_identification:_identify(.) by extension 'python'
[7.776s] Level 1:colcon.colcon_core.package_identification:_identify(.) by extensions ['python_setup_py']
[7.777s] Level 1:colcon.colcon_core.package_identification:_identify(.) by extension 'python_setup_py'
[7.777s] Level 1:colcon.colcon_core.package_identification:_identify(build) by extensions ['ignore', 'ignore_ament_install']
[7.777s] Level 1:colcon.colcon_core.package_identification:_identify(build) by extension 'ignore'
[7.777s] Level 1:colcon.colcon_core.package_identification:_identify(build) ignored
[7.777s] Level 1:colcon.colcon_core.package_identification:_identify(install) by extensions ['ignore', 'ignore_ament_install']
[7.778s] Level 1:colcon.colcon_core.package_identification:_identify(install) by extension 'ignore'
[7.778s] Level 1:colcon.colcon_core.package_identification:_identify(install) ignored
[7.778s] Level 1:colcon.colcon_core.package_identification:_identify(log) by extensions ['ignore', 'ignore_ament_install']
[7.778s] Level 1:colcon.colcon_core.package_identification:_identify(log) by extension 'ignore'
[7.778s] Level 1:colcon.colcon_core.package_identification:_identify(log) ignored
[7.778s] Level 1:colcon.colcon_core.package_identification:_identify(src) by extensions ['ignore', 'ignore_ament_install']
[7.778s] Level 1:colcon.colcon_core.package_identification:_identify(src) by extension 'ignore'
[7.778s] Level 1:colcon.colcon_core.package_identification:_identify(src) by extension 'ignore_ament_install'
[7.779s] Level 1:colcon.colcon_core.package_identification:_identify(src) by extensions ['colcon_pkg']
[7.779s] Level 1:colcon.colcon_core.package_identification:_identify(src) by extension 'colcon_pkg'
[7.779s] Level 1:colcon.colcon_core.package_identification:_identify(src) by extensions ['colcon_meta']
[7.779s] Level 1:colcon.colcon_core.package_identification:_identify(src) by extension 'colcon_meta'
[7.779s] Level 1:colcon.colcon_core.package_identification:_identify(src) by extensions ['ros']
[7.779s] Level 1:colcon.colcon_core.package_identification:_identify(src) by extension 'ros'
[7.779s] Level 1:colcon.colcon_core.package_identification:_identify(src) by extensions ['cmake', 'python']
[7.779s] Level 1:colcon.colcon_core.package_identification:_identify(src) by extension 'cmake'
[7.779s] Level 1:colcon.colcon_core.package_identification:_identify(src) by extension 'python'
[7.779s] Level 1:colcon.colcon_core.package_identification:_identify(src) by extensions ['python_setup_py']
[7.779s] Level 1:colcon.colcon_core.package_identification:_identify(src) by extension 'python_setup_py'
[7.779s] Level 1:colcon.colcon_core.package_identification:_identify(src/network_chat) by extensions ['ignore', 'ignore_ament_install']
[7.780s] Level 1:colcon.colcon_core.package_identification:_identify(src/network_chat) by extension 'ignore'
[7.780s] Level 1:colcon.colcon_core.package_identification:_identify(src/network_chat) by extension 'ignore_ament_install'
[7.780s] Level 1:colcon.colcon_core.package_identification:_identify(src/network_chat) by extensions ['colcon_pkg']
[7.780s] Level 1:colcon.colcon_core.package_identification:_identify(src/network_chat) by extension 'colcon_pkg'
[7.780s] Level 1:colcon.colcon_core.package_identification:_identify(src/network_chat) by extensions ['colcon_meta']
[7.780s] Level 1:colcon.colcon_core.package_identification:_identify(src/network_chat) by extension 'colcon_meta'
[7.780s] Level 1:colcon.colcon_core.package_identification:_identify(src/network_chat) by extensions ['ros']
[7.780s] Level 1:colcon.colcon_core.package_identification:_identify(src/network_chat) by extension 'ros'
[7.811s] DEBUG:colcon.colcon_core.package_identification:Package 'src/network_chat' with type 'ros.ament_python' and name 'network_chat'
[7.812s] Level 1:colcon.colcon_core.package_identification:_identify(src/serial_chat) by extensions ['ignore', 'ignore_ament_install']
[7.813s] Level 1:colcon.colcon_core.package_identification:_identify(src/serial_chat) by extension 'ignore'
[7.813s] Level 1:colcon.colcon_core.package_identification:_identify(src/serial_chat) by extension 'ignore_ament_install'
[7.814s] Level 1:colcon.colcon_core.package_identification:_identify(src/serial_chat) by extensions ['colcon_pkg']
[7.814s] Level 1:colcon.colcon_core.package_identification:_identify(src/serial_chat) by extension 'colcon_pkg'
[7.814s] Level 1:colcon.colcon_core.package_identification:_identify(src/serial_chat) by extensions ['colcon_meta']
[7.815s] Level 1:colcon.colcon_core.package_identification:_identify(src/serial_chat) by extension 'colcon_meta'
[7.815s] Level 1:colcon.colcon_core.package_identification:_identify(src/serial_chat) by extensions ['ros']
[7.815s] Level 1:colcon.colcon_core.package_identification:_identify(src/serial_chat) by extension 'ros'
[7.819s] DEBUG:colcon.colcon_core.package_identification:Package 'src/serial_chat' with type 'ros.ament_python' and name 'serial_chat'
[7.820s] Level 1:colcon.colcon_core.package_identification:_identify(src/slave) by extensions ['ignore', 'ignore_ament_install']
[7.821s] Level 1:colcon.colcon_core.package_identification:_identify(src/slave) by extension 'ignore'
[7.821s] Level 1:colcon.colcon_core.package_identification:_identify(src/slave) by extension 'ignore_ament_install'
[7.822s] Level 1:colcon.colcon_core.package_identification:_identify(src/slave) by extensions ['colcon_pkg']
[7.822s] Level 1:colcon.colcon_core.package_identification:_identify(src/slave) by extension 'colcon_pkg'
[7.823s] Level 1:colcon.colcon_core.package_identification:_identify(src/slave) by extensions ['colcon_meta']
[7.823s] Level 1:colcon.colcon_core.package_identification:_identify(src/slave) by extension 'colcon_meta'
[7.823s] Level 1:colcon.colcon_core.package_identification:_identify(src/slave) by extensions ['ros']
[7.824s] Level 1:colcon.colcon_core.package_identification:_identify(src/slave) by extension 'ros'
[7.827s] DEBUG:colcon.colcon_core.package_identification:Package 'src/slave' with type 'ros.ament_python' and name 'slave'
[7.828s] Level 1:colcon.colcon_core.package_discovery:discover_packages(recursive) using defaults
[7.828s] Level 1:colcon.colcon_core.package_discovery:discover_packages(ignore) discover
[7.828s] Level 1:colcon.colcon_core.package_discovery:discover_packages(ignore) using defaults
[7.829s] Level 1:colcon.colcon_core.package_discovery:discover_packages(path) discover
[7.829s] Level 1:colcon.colcon_core.package_discovery:discover_packages(path) using defaults
[8.127s] Level 1:colcon.colcon_core.package_discovery:discover_packages(prefix_path) check parameters
[8.127s] Level 1:colcon.colcon_core.package_discovery:discover_packages(prefix_path) discover
[8.188s] DEBUG:colcon.colcon_installed_package_information.package_discovery:Found 270 installed packages in /opt/ros/humble
[8.193s] Level 1:colcon.colcon_core.package_discovery:discover_packages(prefix_path) using defaults
[10.633s] Level 5:colcon.colcon_core.verb:set package 'network_chat' build argument 'cmake_args' from command line to 'None'
[10.633s] Level 5:colcon.colcon_core.verb:set package 'network_chat' build argument 'cmake_target' from command line to 'None'
[10.633s] Level 5:colcon.colcon_core.verb:set package 'network_chat' build argument 'cmake_target_skip_unavailable' from command line to 'False'
[10.633s] Level 5:colcon.colcon_core.verb:set package 'network_chat' build argument 'cmake_clean_cache' from command line to 'False'
[10.633s] Level 5:colcon.colcon_core.verb:set package 'network_chat' build argument 'cmake_clean_first' from command line to 'False'
[10.633s] Level 5:colcon.colcon_core.verb:set package 'network_chat' build argument 'cmake_force_configure' from command line to 'False'
[10.633s] Level 5:colcon.colcon_core.verb:set package 'network_chat' build argument 'ament_cmake_args' from command line to 'None'
[10.634s] Level 5:colcon.colcon_core.verb:set package 'network_chat' build argument 'catkin_cmake_args' from command line to 'None'
[10.634s] Level 5:colcon.colcon_core.verb:set package 'network_chat' build argument 'catkin_skip_building_tests' from command line to 'False'
[10.634s] DEBUG:colcon.colcon_core.verb:Building package 'network_chat' with the following arguments: {'ament_cmake_args': None, 'build_base': '/home/sreeram3927/rudra_training/rover-master-gui/ros2_ws/build/network_chat', 'catkin_cmake_args': None, 'catkin_skip_building_tests': False, 'cmake_args': None, 'cmake_clean_cache': False, 'cmake_clean_first': False, 'cmake_force_configure': False, 'cmake_target': None, 'cmake_target_skip_unavailable': False, 'install_base': '/home/sreeram3927/rudra_training/rover-master-gui/ros2_ws/install/network_chat', 'merge_install': False, 'path': '/home/sreeram3927/rudra_training/rover-master-gui/ros2_ws/src/network_chat', 'symlink_install': False, 'test_result_base': None}
[10.635s] Level 5:colcon.colcon_core.verb:set package 'serial_chat' build argument 'cmake_args' from command line to 'None'
[10.635s] Level 5:colcon.colcon_core.verb:set package 'serial_chat' build argument 'cmake_target' from command line to 'None'
[10.636s] Level 5:colcon.colcon_core.verb:set package 'serial_chat' build argument 'cmake_target_skip_unavailable' from command line to 'False'
[10.636s] Level 5:colcon.colcon_core.verb:set package 'serial_chat' build argument 'cmake_clean_cache' from command line to 'False'
[10.636s] Level 5:colcon.colcon_core.verb:set package 'serial_chat' build argument 'cmake_clean_first' from command line to 'False'
[10.636s] Level 5:colcon.colcon_core.verb:set package 'serial_chat' build argument 'cmake_force_configure' from command line to 'False'
[10.636s] Level 5:colcon.colcon_core.verb:set package 'serial_chat' build argument 'ament_cmake_args' from command line to 'None'
[10.636s] Level 5:colcon.colcon_core.verb:set package 'serial_chat' build argument 'catkin_cmake_args' from command line to 'None'
[10.636s] Level 5:colcon.colcon_core.verb:set package 'serial_chat' build argument 'catkin_skip_building_tests' from command line to 'False'
[10.636s] DEBUG:colcon.colcon_core.verb:Building package 'serial_chat' with the following arguments: {'ament_cmake_args': None, 'build_base': '/home/sreeram3927/rudra_training/rover-master-gui/ros2_ws/build/serial_chat', 'catkin_cmake_args': None, 'catkin_skip_building_tests': False, 'cmake_args': None, 'cmake_clean_cache': False, 'cmake_clean_first': False, 'cmake_force_configure': False, 'cmake_target': None, 'cmake_target_skip_unavailable': False, 'install_base': '/home/sreeram3927/rudra_training/rover-master-gui/ros2_ws/install/serial_chat', 'merge_install': False, 'path': '/home/sreeram3927/rudra_training/rover-master-gui/ros2_ws/src/serial_chat', 'symlink_install': False, 'test_result_base': None}
[10.638s] Level 5:colcon.colcon_core.verb:set package 'slave' build argument 'cmake_args' from command line to 'None'
[10.638s] Level 5:colcon.colcon_core.verb:set package 'slave' build argument 'cmake_target' from command line to 'None'
[10.638s] Level 5:colcon.colcon_core.verb:set package 'slave' build argument 'cmake_target_skip_unavailable' from command line to 'False'
[10.638s] Level 5:colcon.colcon_core.verb:set package 'slave' build argument 'cmake_clean_cache' from command line to 'False'
[10.638s] Level 5:colcon.colcon_core.verb:set package 'slave' build argument 'cmake_clean_first' from command line to 'False'
[10.638s] Level 5:colcon.colcon_core.verb:set package 'slave' build argument 'cmake_force_configure' from command line to 'False'
[10.638s] Level 5:colcon.colcon_core.verb:set package 'slave' build argument 'ament_cmake_args' from command line to 'None'
[10.638s] Level 5:colcon.colcon_core.verb:set package 'slave' build argument 'catkin_cmake_args' from command line to 'None'
[10.638s] Level 5:colcon.colcon_core.verb:set package 'slave' build argument 'catkin_skip_building_tests' from command line to 'False'
[10.638s] DEBUG:colcon.colcon_core.verb:Building package 'slave' with the following arguments: {'ament_cmake_args': None, 'build_base': '/home/sreeram3927/rudra_training/rover-master-gui/ros2_ws/build/slave', 'catkin_cmake_args': None, 'catkin_skip_building_tests': False, 'cmake_args': None, 'cmake_clean_cache': False, 'cmake_clean_first': False, 'cmake_force_configure': False, 'cmake_target': None, 'cmake_target_skip_unavailable': False, 'install_base': '/home/sreeram3927/rudra_training/rover-master-gui/ros2_ws/install/slave', 'merge_install': False, 'path': '/home/sreeram3927/rudra_training/rover-master-gui/ros2_ws/src/slave', 'symlink_install': False, 'test_result_base': None}
[10.640s] INFO:colcon.colcon_core.executor:Executing jobs using 'parallel' executor
[10.646s] DEBUG:colcon.colcon_parallel_executor.executor.parallel:run_until_complete
[10.646s] INFO:colcon.colcon_ros.task.ament_python.build:Building ROS package in '/home/sreeram3927/rudra_training/rover-master-gui/ros2_ws/src/network_chat' with build type 'ament_python'
[10.646s] Level 1:colcon.colcon_core.shell:create_environment_hook('network_chat', 'ament_prefix_path')
[10.705s] INFO:colcon.colcon_core.plugin_system:Skipping extension 'colcon_core.shell.bat': Not used on non-Windows systems
[10.706s] INFO:colcon.colcon_core.shell:Creating environment hook '/home/sreeram3927/rudra_training/rover-master-gui/ros2_ws/install/network_chat/share/network_chat/hook/ament_prefix_path.ps1'
[10.724s] INFO:colcon.colcon_core.shell:Creating environment descriptor '/home/sreeram3927/rudra_training/rover-master-gui/ros2_ws/install/network_chat/share/network_chat/hook/ament_prefix_path.dsv'
[10.740s] INFO:colcon.colcon_core.shell:Creating environment hook '/home/sreeram3927/rudra_training/rover-master-gui/ros2_ws/install/network_chat/share/network_chat/hook/ament_prefix_path.sh'
[10.784s] INFO:colcon.colcon_core.shell:Skip shell extension 'powershell' for command environment: Not usable outside of PowerShell
[10.784s] DEBUG:colcon.colcon_core.shell:Skip shell extension 'dsv' for command environment
[10.828s] INFO:colcon.colcon_ros.task.ament_python.build:Building ROS package in '/home/sreeram3927/rudra_training/rover-master-gui/ros2_ws/src/serial_chat' with build type 'ament_python'
[10.828s] Level 1:colcon.colcon_core.shell:create_environment_hook('serial_chat', 'ament_prefix_path')
[10.830s] INFO:colcon.colcon_core.shell:Creating environment hook '/home/sreeram3927/rudra_training/rover-master-gui/ros2_ws/install/serial_chat/share/serial_chat/hook/ament_prefix_path.ps1'
[10.832s] INFO:colcon.colcon_core.shell:Creating environment descriptor '/home/sreeram3927/rudra_training/rover-master-gui/ros2_ws/install/serial_chat/share/serial_chat/hook/ament_prefix_path.dsv'
[10.832s] INFO:colcon.colcon_core.shell:Creating environment hook '/home/sreeram3927/rudra_training/rover-master-gui/ros2_ws/install/serial_chat/share/serial_chat/hook/ament_prefix_path.sh'
[10.835s] INFO:colcon.colcon_core.shell:Skip shell extension 'powershell' for command environment: Not usable outside of PowerShell
[10.836s] DEBUG:colcon.colcon_core.shell:Skip shell extension 'dsv' for command environment
[10.844s] INFO:colcon.colcon_ros.task.ament_python.build:Building ROS package in '/home/sreeram3927/rudra_training/rover-master-gui/ros2_ws/src/slave' with build type 'ament_python'
[10.844s] Level 1:colcon.colcon_core.shell:create_environment_hook('slave', 'ament_prefix_path')
[10.850s] INFO:colcon.colcon_core.shell:Creating environment hook '/home/sreeram3927/rudra_training/rover-master-gui/ros2_ws/install/slave/share/slave/hook/ament_prefix_path.ps1'
[10.852s] INFO:colcon.colcon_core.shell:Creating environment descriptor '/home/sreeram3927/rudra_training/rover-master-gui/ros2_ws/install/slave/share/slave/hook/ament_prefix_path.dsv'
[10.853s] INFO:colcon.colcon_core.shell:Creating environment hook '/home/sreeram3927/rudra_training/rover-master-gui/ros2_ws/install/slave/share/slave/hook/ament_prefix_path.sh'
[10.860s] INFO:colcon.colcon_core.shell:Skip shell extension 'powershell' for command environment: Not usable outside of PowerShell
[10.860s] DEBUG:colcon.colcon_core.shell:Skip shell extension 'dsv' for command environment
[11.587s] INFO:colcon.colcon_core.task.python.build:Building Python package in '/home/sreeram3927/rudra_training/rover-master-gui/ros2_ws/src/network_chat'
[11.589s] INFO:colcon.colcon_core.shell:Skip shell extension 'powershell' for command environment: Not usable outside of PowerShell
[11.590s] DEBUG:colcon.colcon_core.shell:Skip shell extension 'dsv' for command environment
[12.227s] INFO:colcon.colcon_core.task.python.build:Building Python package in '/home/sreeram3927/rudra_training/rover-master-gui/ros2_ws/src/serial_chat'
[12.231s] INFO:colcon.colcon_core.shell:Skip shell extension 'powershell' for command environment: Not usable outside of PowerShell
[12.231s] DEBUG:colcon.colcon_core.shell:Skip shell extension 'dsv' for command environment
[12.953s] INFO:colcon.colcon_core.task.python.build:Building Python package in '/home/sreeram3927/rudra_training/rover-master-gui/ros2_ws/src/slave'
[12.955s] INFO:colcon.colcon_core.shell:Skip shell extension 'powershell' for command environment: Not usable outside of PowerShell
[12.955s] DEBUG:colcon.colcon_core.shell:Skip shell extension 'dsv' for command environment
[14.831s] DEBUG:colcon.colcon_core.event_handler.log_command:Invoking command in '/home/sreeram3927/rudra_training/rover-master-gui/ros2_ws/src/slave': PYTHONPATH=/home/sreeram3927/rudra_training/rover-master-gui/ros2_ws/build/slave/prefix_override:/home/sreeram3927/rudra_training/rover-master-gui/ros2_ws/install/slave/lib/python3.10/site-packages:${PYTHONPATH} /usr/bin/python3 setup.py egg_info --egg-base ../../build/slave build --build-base /home/sreeram3927/rudra_training/rover-master-gui/ros2_ws/build/slave/build install --record /home/sreeram3927/rudra_training/rover-master-gui/ros2_ws/build/slave/install.log --single-version-externally-managed
[14.840s] DEBUG:colcon.colcon_core.event_handler.log_command:Invoking command in '/home/sreeram3927/rudra_training/rover-master-gui/ros2_ws/src/network_chat': PYTHONPATH=/home/sreeram3927/rudra_training/rover-master-gui/ros2_ws/build/network_chat/prefix_override:/home/sreeram3927/rudra_training/rover-master-gui/ros2_ws/install/network_chat/lib/python3.10/site-packages:${PYTHONPATH} /usr/bin/python3 setup.py egg_info --egg-base ../../build/network_chat build --build-base /home/sreeram3927/rudra_training/rover-master-gui/ros2_ws/build/network_chat/build install --record /home/sreeram3927/rudra_training/rover-master-gui/ros2_ws/build/network_chat/install.log --single-version-externally-managed
[14.842s] DEBUG:colcon.colcon_core.event_handler.log_command:Invoking command in '/home/sreeram3927/rudra_training/rover-master-gui/ros2_ws/src/serial_chat': PYTHONPATH=/home/sreeram3927/rudra_training/rover-master-gui/ros2_ws/build/serial_chat/prefix_override:/home/sreeram3927/rudra_training/rover-master-gui/ros2_ws/install/serial_chat/lib/python3.10/site-packages:${PYTHONPATH} /usr/bin/python3 setup.py egg_info --egg-base ../../build/serial_chat build --build-base /home/sreeram3927/rudra_training/rover-master-gui/ros2_ws/build/serial_chat/build install --record /home/sreeram3927/rudra_training/rover-master-gui/ros2_ws/build/serial_chat/install.log --single-version-externally-managed
[15.669s] DEBUG:colcon.colcon_core.event_handler.log_command:Invoked command in '/home/sreeram3927/rudra_training/rover-master-gui/ros2_ws/src/network_chat' returned '0': PYTHONPATH=/home/sreeram3927/rudra_training/rover-master-gui/ros2_ws/build/network_chat/prefix_override:/home/sreeram3927/rudra_training/rover-master-gui/ros2_ws/install/network_chat/lib/python3.10/site-packages:${PYTHONPATH} /usr/bin/python3 setup.py egg_info --egg-base ../../build/network_chat build --build-base /home/sreeram3927/rudra_training/rover-master-gui/ros2_ws/build/network_chat/build install --record /home/sreeram3927/rudra_training/rover-master-gui/ros2_ws/build/network_chat/install.log --single-version-externally-managed
[15.794s] Level 1:colcon.colcon_core.environment:checking '/home/sreeram3927/rudra_training/rover-master-gui/ros2_ws/install/network_chat' for CMake module files
[15.795s] Level 1:colcon.colcon_core.environment:checking '/home/sreeram3927/rudra_training/rover-master-gui/ros2_ws/install/network_chat' for CMake config files
[15.796s] Level 1:colcon.colcon_core.environment:checking '/home/sreeram3927/rudra_training/rover-master-gui/ros2_ws/install/network_chat/lib'
[15.797s] Level 1:colcon.colcon_core.environment:checking '/home/sreeram3927/rudra_training/rover-master-gui/ros2_ws/install/network_chat/bin'
[15.797s] Level 1:colcon.colcon_core.environment:checking '/home/sreeram3927/rudra_training/rover-master-gui/ros2_ws/install/network_chat/lib/pkgconfig/network_chat.pc'
[15.797s] Level 1:colcon.colcon_core.environment:checking '/home/sreeram3927/rudra_training/rover-master-gui/ros2_ws/install/network_chat/lib/python3.10/site-packages'
[15.797s] Level 1:colcon.colcon_core.shell:create_environment_hook('network_chat', 'pythonpath')
[15.800s] INFO:colcon.colcon_core.shell:Creating environment hook '/home/sreeram3927/rudra_training/rover-master-gui/ros2_ws/install/network_chat/share/network_chat/hook/pythonpath.ps1'
[15.800s] INFO:colcon.colcon_core.shell:Creating environment descriptor '/home/sreeram3927/rudra_training/rover-master-gui/ros2_ws/install/network_chat/share/network_chat/hook/pythonpath.dsv'
[15.801s] INFO:colcon.colcon_core.shell:Creating environment hook '/home/sreeram3927/rudra_training/rover-master-gui/ros2_ws/install/network_chat/share/network_chat/hook/pythonpath.sh'
[15.802s] Level 1:colcon.colcon_core.environment:checking '/home/sreeram3927/rudra_training/rover-master-gui/ros2_ws/install/network_chat/bin'
[15.802s] Level 1:colcon.colcon_core.environment:create_environment_scripts_only(network_chat)
[15.804s] INFO:colcon.colcon_core.shell:Creating package script '/home/sreeram3927/rudra_training/rover-master-gui/ros2_ws/install/network_chat/share/network_chat/package.ps1'
[15.806s] INFO:colcon.colcon_core.shell:Creating package descriptor '/home/sreeram3927/rudra_training/rover-master-gui/ros2_ws/install/network_chat/share/network_chat/package.dsv'
[15.807s] INFO:colcon.colcon_core.shell:Creating package script '/home/sreeram3927/rudra_training/rover-master-gui/ros2_ws/install/network_chat/share/network_chat/package.sh'
[15.808s] INFO:colcon.colcon_core.shell:Creating package script '/home/sreeram3927/rudra_training/rover-master-gui/ros2_ws/install/network_chat/share/network_chat/package.bash'
[15.818s] INFO:colcon.colcon_core.shell:Creating package script '/home/sreeram3927/rudra_training/rover-master-gui/ros2_ws/install/network_chat/share/network_chat/package.zsh'
[15.832s] Level 1:colcon.colcon_core.environment:create_file_with_runtime_dependencies(/home/sreeram3927/rudra_training/rover-master-gui/ros2_ws/install/network_chat/share/colcon-core/packages/network_chat)
[15.852s] Level 1:colcon.colcon_core.environment:checking '/home/sreeram3927/rudra_training/rover-master-gui/ros2_ws/install/serial_chat' for CMake module files
[15.852s] DEBUG:colcon.colcon_core.event_handler.log_command:Invoked command in '/home/sreeram3927/rudra_training/rover-master-gui/ros2_ws/src/serial_chat' returned '0': PYTHONPATH=/home/sreeram3927/rudra_training/rover-master-gui/ros2_ws/build/serial_chat/prefix_override:/home/sreeram3927/rudra_training/rover-master-gui/ros2_ws/install/serial_chat/lib/python3.10/site-packages:${PYTHONPATH} /usr/bin/python3 setup.py egg_info --egg-base ../../build/serial_chat build --build-base /home/sreeram3927/rudra_training/rover-master-gui/ros2_ws/build/serial_chat/build install --record /home/sreeram3927/rudra_training/rover-master-gui/ros2_ws/build/serial_chat/install.log --single-version-externally-managed
[15.854s] Level 1:colcon.colcon_core.environment:checking '/home/sreeram3927/rudra_training/rover-master-gui/ros2_ws/install/serial_chat' for CMake config files
[15.856s] Level 1:colcon.colcon_core.environment:checking '/home/sreeram3927/rudra_training/rover-master-gui/ros2_ws/install/serial_chat/lib'
[15.857s] Level 1:colcon.colcon_core.environment:checking '/home/sreeram3927/rudra_training/rover-master-gui/ros2_ws/install/serial_chat/bin'
[15.857s] Level 1:colcon.colcon_core.environment:checking '/home/sreeram3927/rudra_training/rover-master-gui/ros2_ws/install/serial_chat/lib/pkgconfig/serial_chat.pc'
[15.859s] Level 1:colcon.colcon_core.environment:checking '/home/sreeram3927/rudra_training/rover-master-gui/ros2_ws/install/serial_chat/lib/python3.10/site-packages'
[15.859s] Level 1:colcon.colcon_core.shell:create_environment_hook('serial_chat', 'pythonpath')
[15.869s] INFO:colcon.colcon_core.shell:Creating environment hook '/home/sreeram3927/rudra_training/rover-master-gui/ros2_ws/install/serial_chat/share/serial_chat/hook/pythonpath.ps1'
[15.872s] INFO:colcon.colcon_core.shell:Creating environment descriptor '/home/sreeram3927/rudra_training/rover-master-gui/ros2_ws/install/serial_chat/share/serial_chat/hook/pythonpath.dsv'
[15.874s] INFO:colcon.colcon_core.shell:Creating environment hook '/home/sreeram3927/rudra_training/rover-master-gui/ros2_ws/install/serial_chat/share/serial_chat/hook/pythonpath.sh'
[15.876s] Level 1:colcon.colcon_core.environment:checking '/home/sreeram3927/rudra_training/rover-master-gui/ros2_ws/install/serial_chat/bin'
[15.877s] Level 1:colcon.colcon_core.environment:create_environment_scripts_only(serial_chat)
[15.884s] INFO:colcon.colcon_core.shell:Creating package script '/home/sreeram3927/rudra_training/rover-master-gui/ros2_ws/install/serial_chat/share/serial_chat/package.ps1'
[15.887s] INFO:colcon.colcon_core.shell:Creating package descriptor '/home/sreeram3927/rudra_training/rover-master-gui/ros2_ws/install/serial_chat/share/serial_chat/package.dsv'
[15.890s] INFO:colcon.colcon_core.shell:Creating package script '/home/sreeram3927/rudra_training/rover-master-gui/ros2_ws/install/serial_chat/share/serial_chat/package.sh'
[15.893s] INFO:colcon.colcon_core.shell:Creating package script '/home/sreeram3927/rudra_training/rover-master-gui/ros2_ws/install/serial_chat/share/serial_chat/package.bash'
[15.895s] INFO:colcon.colcon_core.shell:Creating package script '/home/sreeram3927/rudra_training/rover-master-gui/ros2_ws/install/serial_chat/share/serial_chat/package.zsh'
[15.900s] Level 1:colcon.colcon_core.environment:create_file_with_runtime_dependencies(/home/sreeram3927/rudra_training/rover-master-gui/ros2_ws/install/serial_chat/share/colcon-core/packages/serial_chat)
[15.916s] Level 1:colcon.colcon_core.environment:checking '/home/sreeram3927/rudra_training/rover-master-gui/ros2_ws/install/slave' for CMake module files
[15.920s] DEBUG:colcon.colcon_core.event_handler.log_command:Invoked command in '/home/sreeram3927/rudra_training/rover-master-gui/ros2_ws/src/slave' returned '0': PYTHONPATH=/home/sreeram3927/rudra_training/rover-master-gui/ros2_ws/build/slave/prefix_override:/home/sreeram3927/rudra_training/rover-master-gui/ros2_ws/install/slave/lib/python3.10/site-packages:${PYTHONPATH} /usr/bin/python3 setup.py egg_info --egg-base ../../build/slave build --build-base /home/sreeram3927/rudra_training/rover-master-gui/ros2_ws/build/slave/build install --record /home/sreeram3927/rudra_training/rover-master-gui/ros2_ws/build/slave/install.log --single-version-externally-managed
[15.921s] Level 1:colcon.colcon_core.environment:checking '/home/sreeram3927/rudra_training/rover-master-gui/ros2_ws/install/slave' for CMake config files
[15.924s] Level 1:colcon.colcon_core.environment:checking '/home/sreeram3927/rudra_training/rover-master-gui/ros2_ws/install/slave/lib'
[15.925s] Level 1:colcon.colcon_core.environment:checking '/home/sreeram3927/rudra_training/rover-master-gui/ros2_ws/install/slave/bin'
[15.926s] Level 1:colcon.colcon_core.environment:checking '/home/sreeram3927/rudra_training/rover-master-gui/ros2_ws/install/slave/lib/pkgconfig/slave.pc'
[15.927s] Level 1:colcon.colcon_core.environment:checking '/home/sreeram3927/rudra_training/rover-master-gui/ros2_ws/install/slave/lib/python3.10/site-packages'
[15.927s] Level 1:colcon.colcon_core.shell:create_environment_hook('slave', 'pythonpath')
[15.930s] INFO:colcon.colcon_core.shell:Creating environment hook '/home/sreeram3927/rudra_training/rover-master-gui/ros2_ws/install/slave/share/slave/hook/pythonpath.ps1'
[15.930s] INFO:colcon.colcon_core.shell:Creating environment descriptor '/home/sreeram3927/rudra_training/rover-master-gui/ros2_ws/install/slave/share/slave/hook/pythonpath.dsv'
[15.931s] INFO:colcon.colcon_core.shell:Creating environment hook '/home/sreeram3927/rudra_training/rover-master-gui/ros2_ws/install/slave/share/slave/hook/pythonpath.sh'
[15.932s] Level 1:colcon.colcon_core.environment:checking '/home/sreeram3927/rudra_training/rover-master-gui/ros2_ws/install/slave/bin'
[15.933s] Level 1:colcon.colcon_core.environment:create_environment_scripts_only(slave)
[15.935s] INFO:colcon.colcon_core.shell:Creating package script '/home/sreeram3927/rudra_training/rover-master-gui/ros2_ws/install/slave/share/slave/package.ps1'
[15.936s] INFO:colcon.colcon_core.shell:Creating package descriptor '/home/sreeram3927/rudra_training/rover-master-gui/ros2_ws/install/slave/share/slave/package.dsv'
[15.937s] INFO:colcon.colcon_core.shell:Creating package script '/home/sreeram3927/rudra_training/rover-master-gui/ros2_ws/install/slave/share/slave/package.sh'
[15.938s] INFO:colcon.colcon_core.shell:Creating package script '/home/sreeram3927/rudra_training/rover-master-gui/ros2_ws/install/slave/share/slave/package.bash'
[15.938s] INFO:colcon.colcon_core.shell:Creating package script '/home/sreeram3927/rudra_training/rover-master-gui/ros2_ws/install/slave/share/slave/package.zsh'
[15.939s] Level 1:colcon.colcon_core.environment:create_file_with_runtime_dependencies(/home/sreeram3927/rudra_training/rover-master-gui/ros2_ws/install/slave/share/colcon-core/packages/slave)
[15.941s] DEBUG:colcon.colcon_parallel_executor.executor.parallel:closing loop
[15.944s] DEBUG:colcon.colcon_parallel_executor.executor.parallel:loop closed
[15.945s] DEBUG:colcon.colcon_parallel_executor.executor.parallel:run_until_complete finished with '0'
[15.946s] DEBUG:colcon.colcon_core.event_reactor:joining thread
[16.024s] INFO:colcon.colcon_core.plugin_system:Skipping extension 'colcon_notification.desktop_notification.terminal_notifier': Not used on non-Darwin systems
[16.024s] INFO:colcon.colcon_core.plugin_system:Skipping extension 'colcon_notification.desktop_notification.win32': Not used on non-Windows systems
[16.024s] INFO:colcon.colcon_notification.desktop_notification:Sending desktop notification using 'notify2'
[16.070s] DEBUG:colcon.colcon_core.event_reactor:joined thread
[16.075s] INFO:colcon.colcon_core.shell:Creating prefix script '/home/sreeram3927/rudra_training/rover-master-gui/ros2_ws/install/local_setup.ps1'
[16.081s] INFO:colcon.colcon_core.shell:Creating prefix util module '/home/sreeram3927/rudra_training/rover-master-gui/ros2_ws/install/_local_setup_util_ps1.py'
[16.088s] INFO:colcon.colcon_core.shell:Creating prefix chain script '/home/sreeram3927/rudra_training/rover-master-gui/ros2_ws/install/setup.ps1'
[16.092s] INFO:colcon.colcon_core.shell:Creating prefix script '/home/sreeram3927/rudra_training/rover-master-gui/ros2_ws/install/local_setup.sh'
[16.097s] INFO:colcon.colcon_core.shell:Creating prefix util module '/home/sreeram3927/rudra_training/rover-master-gui/ros2_ws/install/_local_setup_util_sh.py'
[16.099s] INFO:colcon.colcon_core.shell:Creating prefix chain script '/home/sreeram3927/rudra_training/rover-master-gui/ros2_ws/install/setup.sh'
[16.102s] INFO:colcon.colcon_core.shell:Creating prefix script '/home/sreeram3927/rudra_training/rover-master-gui/ros2_ws/install/local_setup.bash'
[16.104s] INFO:colcon.colcon_core.shell:Creating prefix chain script '/home/sreeram3927/rudra_training/rover-master-gui/ros2_ws/install/setup.bash'
[16.108s] INFO:colcon.colcon_core.shell:Creating prefix script '/home/sreeram3927/rudra_training/rover-master-gui/ros2_ws/install/local_setup.zsh'
[16.109s] INFO:colcon.colcon_core.shell:Creating prefix chain script '/home/sreeram3927/rudra_training/rover-master-gui/ros2_ws/install/setup.zsh'
