[0.249s] DEBUG:colcon:Command line arguments: ['/usr/bin/colcon', 'build', '--symlink-install']
[0.249s] DEBUG:colcon:Parsed command line arguments: Namespace(log_base=None, log_level=None, verb_name='build', build_base='build', install_base='install', merge_install=False, symlink_install=True, test_result_base=None, continue_on_error=False, executor='parallel', parallel_workers=16, event_handlers=None, ignore_user_meta=False, metas=['./colcon.meta'], base_paths=['.'], packages_ignore=None, packages_ignore_regex=None, paths=None, packages_up_to=None, packages_up_to_regex=None, packages_above=None, packages_above_and_dependencies=None, packages_above_depth=None, packages_select_by_dep=None, packages_skip_by_dep=None, packages_skip_up_to=None, packages_select_build_failed=False, packages_skip_build_finished=False, packages_select_test_failures=False, packages_skip_test_passed=False, packages_select=None, packages_skip=None, packages_select_regex=None, packages_skip_regex=None, packages_start=None, packages_end=None, allow_overriding=[], cmake_args=None, cmake_target=None, cmake_target_skip_unavailable=False, cmake_clean_cache=False, cmake_clean_first=False, cmake_force_configure=False, ament_cmake_args=None, catkin_cmake_args=None, catkin_skip_building_tests=False, verb_parser=<colcon_defaults.argument_parser.defaults.DefaultArgumentsDecorator object at 0x7f810522a560>, verb_extension=<colcon_core.verb.build.BuildVerb object at 0x7f8105229ff0>, main=<bound method BuildVerb.main of <colcon_core.verb.build.BuildVerb object at 0x7f8105229ff0>>)
[0.264s] Level 1:colcon.colcon_core.package_discovery:discover_packages(colcon_meta) check parameters
[0.264s] Level 1:colcon.colcon_core.package_discovery:discover_packages(recursive) check parameters
[0.264s] Level 1:colcon.colcon_core.package_discovery:discover_packages(ignore) check parameters
[0.264s] Level 1:colcon.colcon_core.package_discovery:discover_packages(path) check parameters
[0.264s] Level 1:colcon.colcon_core.package_discovery:discover_packages(colcon_meta) discover
[0.264s] Level 1:colcon.colcon_core.package_discovery:discover_packages(recursive) discover
[0.264s] INFO:colcon.colcon_core.package_discovery:Crawling recursively for packages in '/home/arpan/rudra_tasks/ros-slave'
[0.264s] Level 1:colcon.colcon_core.package_identification:_identify(.) by extensions ['ignore', 'ignore_ament_install']
[0.264s] Level 1:colcon.colcon_core.package_identification:_identify(.) by extension 'ignore'
[0.264s] Level 1:colcon.colcon_core.package_identification:_identify(.) by extension 'ignore_ament_install'
[0.264s] Level 1:colcon.colcon_core.package_identification:_identify(.) by extensions ['colcon_pkg']
[0.264s] Level 1:colcon.colcon_core.package_identification:_identify(.) by extension 'colcon_pkg'
[0.264s] Level 1:colcon.colcon_core.package_identification:_identify(.) by extensions ['colcon_meta']
[0.264s] Level 1:colcon.colcon_core.package_identification:_identify(.) by extension 'colcon_meta'
[0.264s] Level 1:colcon.colcon_core.package_identification:_identify(.) by extensions ['ros']
[0.264s] Level 1:colcon.colcon_core.package_identification:_identify(.) by extension 'ros'
[0.272s] Level 1:colcon.colcon_core.package_identification:_identify(.) by extensions ['cmake', 'python']
[0.272s] Level 1:colcon.colcon_core.package_identification:_identify(.) by extension 'cmake'
[0.272s] Level 1:colcon.colcon_core.package_identification:_identify(.) by extension 'python'
[0.272s] Level 1:colcon.colcon_core.package_identification:_identify(.) by extensions ['python_setup_py']
[0.272s] Level 1:colcon.colcon_core.package_identification:_identify(.) by extension 'python_setup_py'
[0.272s] Level 1:colcon.colcon_core.package_identification:_identify(build) by extensions ['ignore', 'ignore_ament_install']
[0.272s] Level 1:colcon.colcon_core.package_identification:_identify(build) by extension 'ignore'
[0.272s] Level 1:colcon.colcon_core.package_identification:_identify(build) ignored
[0.272s] Level 1:colcon.colcon_core.package_identification:_identify(install) by extensions ['ignore', 'ignore_ament_install']
[0.272s] Level 1:colcon.colcon_core.package_identification:_identify(install) by extension 'ignore'
[0.272s] Level 1:colcon.colcon_core.package_identification:_identify(install) ignored
[0.272s] Level 1:colcon.colcon_core.package_identification:_identify(log) by extensions ['ignore', 'ignore_ament_install']
[0.272s] Level 1:colcon.colcon_core.package_identification:_identify(log) by extension 'ignore'
[0.272s] Level 1:colcon.colcon_core.package_identification:_identify(log) ignored
[0.272s] Level 1:colcon.colcon_core.package_identification:_identify(src) by extensions ['ignore', 'ignore_ament_install']
[0.272s] Level 1:colcon.colcon_core.package_identification:_identify(src) by extension 'ignore'
[0.272s] Level 1:colcon.colcon_core.package_identification:_identify(src) by extension 'ignore_ament_install'
[0.272s] Level 1:colcon.colcon_core.package_identification:_identify(src) by extensions ['colcon_pkg']
[0.272s] Level 1:colcon.colcon_core.package_identification:_identify(src) by extension 'colcon_pkg'
[0.272s] Level 1:colcon.colcon_core.package_identification:_identify(src) by extensions ['colcon_meta']
[0.272s] Level 1:colcon.colcon_core.package_identification:_identify(src) by extension 'colcon_meta'
[0.273s] Level 1:colcon.colcon_core.package_identification:_identify(src) by extensions ['ros']
[0.273s] Level 1:colcon.colcon_core.package_identification:_identify(src) by extension 'ros'
[0.273s] Level 1:colcon.colcon_core.package_identification:_identify(src) by extensions ['cmake', 'python']
[0.273s] Level 1:colcon.colcon_core.package_identification:_identify(src) by extension 'cmake'
[0.273s] Level 1:colcon.colcon_core.package_identification:_identify(src) by extension 'python'
[0.273s] Level 1:colcon.colcon_core.package_identification:_identify(src) by extensions ['python_setup_py']
[0.273s] Level 1:colcon.colcon_core.package_identification:_identify(src) by extension 'python_setup_py'
[0.273s] Level 1:colcon.colcon_core.package_identification:_identify(src/rover_slave) by extensions ['ignore', 'ignore_ament_install']
[0.273s] Level 1:colcon.colcon_core.package_identification:_identify(src/rover_slave) by extension 'ignore'
[0.273s] Level 1:colcon.colcon_core.package_identification:_identify(src/rover_slave) by extension 'ignore_ament_install'
[0.273s] Level 1:colcon.colcon_core.package_identification:_identify(src/rover_slave) by extensions ['colcon_pkg']
[0.273s] Level 1:colcon.colcon_core.package_identification:_identify(src/rover_slave) by extension 'colcon_pkg'
[0.273s] Level 1:colcon.colcon_core.package_identification:_identify(src/rover_slave) by extensions ['colcon_meta']
[0.273s] Level 1:colcon.colcon_core.package_identification:_identify(src/rover_slave) by extension 'colcon_meta'
[0.273s] Level 1:colcon.colcon_core.package_identification:_identify(src/rover_slave) by extensions ['ros']
[0.273s] Level 1:colcon.colcon_core.package_identification:_identify(src/rover_slave) by extension 'ros'
[0.274s] DEBUG:colcon.colcon_core.package_identification:Package 'src/rover_slave' with type 'ros.ament_python' and name 'rover_slave'
[0.275s] Level 1:colcon.colcon_core.package_discovery:discover_packages(recursive) using defaults
[0.275s] Level 1:colcon.colcon_core.package_discovery:discover_packages(ignore) discover
[0.275s] Level 1:colcon.colcon_core.package_discovery:discover_packages(ignore) using defaults
[0.275s] Level 1:colcon.colcon_core.package_discovery:discover_packages(path) discover
[0.275s] Level 1:colcon.colcon_core.package_discovery:discover_packages(path) using defaults
[0.290s] Level 1:colcon.colcon_core.package_discovery:discover_packages(prefix_path) check parameters
[0.290s] Level 1:colcon.colcon_core.package_discovery:discover_packages(prefix_path) discover
[0.292s] DEBUG:colcon.colcon_installed_package_information.package_discovery:Found 1 installed packages in /home/arpan/rudra_tasks/ros-slave/install
[0.293s] DEBUG:colcon.colcon_installed_package_information.package_discovery:Found 270 installed packages in /opt/ros/humble
[0.294s] Level 1:colcon.colcon_core.package_discovery:discover_packages(prefix_path) using defaults
[0.331s] Level 5:colcon.colcon_core.verb:set package 'rover_slave' build argument 'cmake_args' from command line to 'None'
[0.331s] Level 5:colcon.colcon_core.verb:set package 'rover_slave' build argument 'cmake_target' from command line to 'None'
[0.331s] Level 5:colcon.colcon_core.verb:set package 'rover_slave' build argument 'cmake_target_skip_unavailable' from command line to 'False'
[0.331s] Level 5:colcon.colcon_core.verb:set package 'rover_slave' build argument 'cmake_clean_cache' from command line to 'False'
[0.331s] Level 5:colcon.colcon_core.verb:set package 'rover_slave' build argument 'cmake_clean_first' from command line to 'False'
[0.331s] Level 5:colcon.colcon_core.verb:set package 'rover_slave' build argument 'cmake_force_configure' from command line to 'False'
[0.331s] Level 5:colcon.colcon_core.verb:set package 'rover_slave' build argument 'ament_cmake_args' from command line to 'None'
[0.331s] Level 5:colcon.colcon_core.verb:set package 'rover_slave' build argument 'catkin_cmake_args' from command line to 'None'
[0.331s] Level 5:colcon.colcon_core.verb:set package 'rover_slave' build argument 'catkin_skip_building_tests' from command line to 'False'
[0.331s] DEBUG:colcon.colcon_core.verb:Building package 'rover_slave' with the following arguments: {'ament_cmake_args': None, 'build_base': '/home/arpan/rudra_tasks/ros-slave/build/rover_slave', 'catkin_cmake_args': None, 'catkin_skip_building_tests': False, 'cmake_args': None, 'cmake_clean_cache': False, 'cmake_clean_first': False, 'cmake_force_configure': False, 'cmake_target': None, 'cmake_target_skip_unavailable': False, 'install_base': '/home/arpan/rudra_tasks/ros-slave/install/rover_slave', 'merge_install': False, 'path': '/home/arpan/rudra_tasks/ros-slave/src/rover_slave', 'symlink_install': True, 'test_result_base': None}
[0.332s] INFO:colcon.colcon_core.executor:Executing jobs using 'parallel' executor
[0.334s] DEBUG:colcon.colcon_parallel_executor.executor.parallel:run_until_complete
[0.334s] INFO:colcon.colcon_ros.task.ament_python.build:Building ROS package in '/home/arpan/rudra_tasks/ros-slave/src/rover_slave' with build type 'ament_python'
[0.334s] Level 1:colcon.colcon_core.shell:create_environment_hook('rover_slave', 'ament_prefix_path')
[0.337s] INFO:colcon.colcon_core.plugin_system:Skipping extension 'colcon_core.shell.bat': Not used on non-Windows systems
[0.337s] INFO:colcon.colcon_core.shell:Creating environment hook '/home/arpan/rudra_tasks/ros-slave/install/rover_slave/share/rover_slave/hook/ament_prefix_path.ps1'
[0.338s] INFO:colcon.colcon_core.shell:Creating environment descriptor '/home/arpan/rudra_tasks/ros-slave/install/rover_slave/share/rover_slave/hook/ament_prefix_path.dsv'
[0.338s] INFO:colcon.colcon_core.shell:Creating environment hook '/home/arpan/rudra_tasks/ros-slave/install/rover_slave/share/rover_slave/hook/ament_prefix_path.sh'
[0.339s] INFO:colcon.colcon_core.shell:Skip shell extension 'powershell' for command environment: Not usable outside of PowerShell
[0.339s] DEBUG:colcon.colcon_core.shell:Skip shell extension 'dsv' for command environment
[0.551s] INFO:colcon.colcon_core.task.python.build:Building Python package in '/home/arpan/rudra_tasks/ros-slave/src/rover_slave'
[0.552s] INFO:colcon.colcon_core.shell:Skip shell extension 'powershell' for command environment: Not usable outside of PowerShell
[0.552s] DEBUG:colcon.colcon_core.shell:Skip shell extension 'dsv' for command environment
[0.819s] DEBUG:colcon.colcon_core.task.python.build:While undoing a previous installation files outside the Python library path are being ignored: /home/arpan/rudra_tasks/ros-slave/install/rover_slave/share/ament_index/resource_index/packages/rover_slave
[0.819s] DEBUG:colcon.colcon_core.task.python.build:While undoing a previous installation files outside the Python library path are being ignored: /home/arpan/rudra_tasks/ros-slave/install/rover_slave/share/rover_slave/package.xml
[0.822s] DEBUG:colcon.colcon_core.event_handler.log_command:Invoking command in '/home/arpan/rudra_tasks/ros-slave/build/rover_slave': PYTHONPATH=/home/arpan/rudra_tasks/ros-slave/build/rover_slave/prefix_override:/home/arpan/rudra_tasks/ros-slave/install/rover_slave/lib/python3.10/site-packages:${PYTHONPATH} /usr/bin/python3 setup.py develop --editable --build-directory /home/arpan/rudra_tasks/ros-slave/build/rover_slave/build --no-deps install_data
[1.195s] Level 1:colcon.colcon_core.shell:create_environment_hook('rover_slave', 'pythonpath_develop')
[1.198s] INFO:colcon.colcon_core.shell:Creating environment hook '/home/arpan/rudra_tasks/ros-slave/build/rover_slave/share/rover_slave/hook/pythonpath_develop.ps1'
[1.199s] DEBUG:colcon.colcon_core.event_handler.log_command:Invoked command in '/home/arpan/rudra_tasks/ros-slave/build/rover_slave' returned '0': PYTHONPATH=/home/arpan/rudra_tasks/ros-slave/build/rover_slave/prefix_override:/home/arpan/rudra_tasks/ros-slave/install/rover_slave/lib/python3.10/site-packages:${PYTHONPATH} /usr/bin/python3 setup.py develop --editable --build-directory /home/arpan/rudra_tasks/ros-slave/build/rover_slave/build --no-deps install_data
[1.200s] INFO:colcon.colcon_core.shell:Creating environment descriptor '/home/arpan/rudra_tasks/ros-slave/build/rover_slave/share/rover_slave/hook/pythonpath_develop.dsv'
[1.200s] INFO:colcon.colcon_core.shell:Creating environment hook '/home/arpan/rudra_tasks/ros-slave/build/rover_slave/share/rover_slave/hook/pythonpath_develop.sh'
[1.209s] Level 1:colcon.colcon_core.environment:checking '/home/arpan/rudra_tasks/ros-slave/install/rover_slave' for CMake module files
[1.210s] Level 1:colcon.colcon_core.environment:checking '/home/arpan/rudra_tasks/ros-slave/install/rover_slave' for CMake config files
[1.211s] Level 1:colcon.colcon_core.environment:checking '/home/arpan/rudra_tasks/ros-slave/install/rover_slave/lib'
[1.211s] Level 1:colcon.colcon_core.environment:checking '/home/arpan/rudra_tasks/ros-slave/install/rover_slave/bin'
[1.211s] Level 1:colcon.colcon_core.environment:checking '/home/arpan/rudra_tasks/ros-slave/install/rover_slave/lib/pkgconfig/rover_slave.pc'
[1.212s] Level 1:colcon.colcon_core.environment:checking '/home/arpan/rudra_tasks/ros-slave/install/rover_slave/lib/python3.10/site-packages'
[1.212s] Level 1:colcon.colcon_core.shell:create_environment_hook('rover_slave', 'pythonpath')
[1.214s] INFO:colcon.colcon_core.shell:Creating environment hook '/home/arpan/rudra_tasks/ros-slave/install/rover_slave/share/rover_slave/hook/pythonpath.ps1'
[1.215s] INFO:colcon.colcon_core.shell:Creating environment descriptor '/home/arpan/rudra_tasks/ros-slave/install/rover_slave/share/rover_slave/hook/pythonpath.dsv'
[1.215s] INFO:colcon.colcon_core.shell:Creating environment hook '/home/arpan/rudra_tasks/ros-slave/install/rover_slave/share/rover_slave/hook/pythonpath.sh'
[1.216s] Level 1:colcon.colcon_core.environment:checking '/home/arpan/rudra_tasks/ros-slave/install/rover_slave/bin'
[1.216s] Level 1:colcon.colcon_core.environment:create_environment_scripts_only(rover_slave)
[1.219s] INFO:colcon.colcon_core.shell:Creating package script '/home/arpan/rudra_tasks/ros-slave/install/rover_slave/share/rover_slave/package.ps1'
[1.220s] INFO:colcon.colcon_core.shell:Creating package descriptor '/home/arpan/rudra_tasks/ros-slave/install/rover_slave/share/rover_slave/package.dsv'
[1.221s] INFO:colcon.colcon_core.shell:Creating package script '/home/arpan/rudra_tasks/ros-slave/install/rover_slave/share/rover_slave/package.sh'
[1.223s] INFO:colcon.colcon_core.shell:Creating package script '/home/arpan/rudra_tasks/ros-slave/install/rover_slave/share/rover_slave/package.bash'
[1.224s] INFO:colcon.colcon_core.shell:Creating package script '/home/arpan/rudra_tasks/ros-slave/install/rover_slave/share/rover_slave/package.zsh'
[1.225s] Level 1:colcon.colcon_core.environment:create_file_with_runtime_dependencies(/home/arpan/rudra_tasks/ros-slave/install/rover_slave/share/colcon-core/packages/rover_slave)
[1.226s] DEBUG:colcon.colcon_parallel_executor.executor.parallel:closing loop
[1.226s] DEBUG:colcon.colcon_parallel_executor.executor.parallel:loop closed
[1.226s] DEBUG:colcon.colcon_parallel_executor.executor.parallel:run_until_complete finished with '0'
[1.227s] DEBUG:colcon.colcon_core.event_reactor:joining thread
[1.239s] INFO:colcon.colcon_core.plugin_system:Skipping extension 'colcon_notification.desktop_notification.terminal_notifier': Not used on non-Darwin systems
[1.239s] INFO:colcon.colcon_core.plugin_system:Skipping extension 'colcon_notification.desktop_notification.win32': Not used on non-Windows systems
[1.240s] INFO:colcon.colcon_notification.desktop_notification:Sending desktop notification using 'notify2'
[1.251s] DEBUG:colcon.colcon_core.event_reactor:joined thread
[1.254s] INFO:colcon.colcon_core.shell:Creating prefix script '/home/arpan/rudra_tasks/ros-slave/install/local_setup.ps1'
[1.256s] INFO:colcon.colcon_core.shell:Creating prefix util module '/home/arpan/rudra_tasks/ros-slave/install/_local_setup_util_ps1.py'
[1.258s] INFO:colcon.colcon_core.shell:Creating prefix chain script '/home/arpan/rudra_tasks/ros-slave/install/setup.ps1'
[1.261s] INFO:colcon.colcon_core.shell:Creating prefix script '/home/arpan/rudra_tasks/ros-slave/install/local_setup.sh'
[1.262s] INFO:colcon.colcon_core.shell:Creating prefix util module '/home/arpan/rudra_tasks/ros-slave/install/_local_setup_util_sh.py'
[1.262s] INFO:colcon.colcon_core.shell:Creating prefix chain script '/home/arpan/rudra_tasks/ros-slave/install/setup.sh'
[1.265s] INFO:colcon.colcon_core.shell:Creating prefix script '/home/arpan/rudra_tasks/ros-slave/install/local_setup.bash'
[1.266s] INFO:colcon.colcon_core.shell:Creating prefix chain script '/home/arpan/rudra_tasks/ros-slave/install/setup.bash'
[1.268s] INFO:colcon.colcon_core.shell:Creating prefix script '/home/arpan/rudra_tasks/ros-slave/install/local_setup.zsh'
[1.269s] INFO:colcon.colcon_core.shell:Creating prefix chain script '/home/arpan/rudra_tasks/ros-slave/install/setup.zsh'
