[0.244s] DEBUG:colcon:Command line arguments: ['/usr/bin/colcon', 'build']
[0.244s] DEBUG:colcon:Parsed command line arguments: Namespace(log_base=None, log_level=None, verb_name='build', build_base='build', install_base='install', merge_install=False, symlink_install=False, test_result_base=None, continue_on_error=False, executor='parallel', parallel_workers=16, event_handlers=None, ignore_user_meta=False, metas=['./colcon.meta'], base_paths=['.'], packages_ignore=None, packages_ignore_regex=None, paths=None, packages_up_to=None, packages_up_to_regex=None, packages_above=None, packages_above_and_dependencies=None, packages_above_depth=None, packages_select_by_dep=None, packages_skip_by_dep=None, packages_skip_up_to=None, packages_select_build_failed=False, packages_skip_build_finished=False, packages_select_test_failures=False, packages_skip_test_passed=False, packages_select=None, packages_skip=None, packages_select_regex=None, packages_skip_regex=None, packages_start=None, packages_end=None, allow_overriding=[], cmake_args=None, cmake_target=None, cmake_target_skip_unavailable=False, cmake_clean_cache=False, cmake_clean_first=False, cmake_force_configure=False, ament_cmake_args=None, catkin_cmake_args=None, catkin_skip_building_tests=False, verb_parser=<colcon_defaults.argument_parser.defaults.DefaultArgumentsDecorator object at 0x7ff276b0e500>, verb_extension=<colcon_core.verb.build.BuildVerb object at 0x7ff276b0df90>, main=<bound method BuildVerb.main of <colcon_core.verb.build.BuildVerb object at 0x7ff276b0df90>>)
[0.259s] Level 1:colcon.colcon_core.package_discovery:discover_packages(colcon_meta) check parameters
[0.259s] Level 1:colcon.colcon_core.package_discovery:discover_packages(recursive) check parameters
[0.259s] Level 1:colcon.colcon_core.package_discovery:discover_packages(ignore) check parameters
[0.259s] Level 1:colcon.colcon_core.package_discovery:discover_packages(path) check parameters
[0.259s] Level 1:colcon.colcon_core.package_discovery:discover_packages(colcon_meta) discover
[0.259s] Level 1:colcon.colcon_core.package_discovery:discover_packages(recursive) discover
[0.259s] INFO:colcon.colcon_core.package_discovery:Crawling recursively for packages in '/home/arpan/rudra_tasks/ros-master/src'
[0.259s] Level 1:colcon.colcon_core.package_identification:_identify(.) by extensions ['ignore', 'ignore_ament_install']
[0.259s] Level 1:colcon.colcon_core.package_identification:_identify(.) by extension 'ignore'
[0.259s] Level 1:colcon.colcon_core.package_identification:_identify(.) by extension 'ignore_ament_install'
[0.259s] Level 1:colcon.colcon_core.package_identification:_identify(.) by extensions ['colcon_pkg']
[0.259s] Level 1:colcon.colcon_core.package_identification:_identify(.) by extension 'colcon_pkg'
[0.259s] Level 1:colcon.colcon_core.package_identification:_identify(.) by extensions ['colcon_meta']
[0.259s] Level 1:colcon.colcon_core.package_identification:_identify(.) by extension 'colcon_meta'
[0.259s] Level 1:colcon.colcon_core.package_identification:_identify(.) by extensions ['ros']
[0.259s] Level 1:colcon.colcon_core.package_identification:_identify(.) by extension 'ros'
[0.266s] Level 1:colcon.colcon_core.package_identification:_identify(.) by extensions ['cmake', 'python']
[0.266s] Level 1:colcon.colcon_core.package_identification:_identify(.) by extension 'cmake'
[0.266s] Level 1:colcon.colcon_core.package_identification:_identify(.) by extension 'python'
[0.267s] Level 1:colcon.colcon_core.package_identification:_identify(.) by extensions ['python_setup_py']
[0.267s] Level 1:colcon.colcon_core.package_identification:_identify(.) by extension 'python_setup_py'
[0.267s] Level 1:colcon.colcon_core.package_identification:_identify(build) by extensions ['ignore', 'ignore_ament_install']
[0.267s] Level 1:colcon.colcon_core.package_identification:_identify(build) by extension 'ignore'
[0.267s] Level 1:colcon.colcon_core.package_identification:_identify(build) ignored
[0.267s] Level 1:colcon.colcon_core.package_identification:_identify(install) by extensions ['ignore', 'ignore_ament_install']
[0.267s] Level 1:colcon.colcon_core.package_identification:_identify(install) by extension 'ignore'
[0.267s] Level 1:colcon.colcon_core.package_identification:_identify(install) ignored
[0.267s] Level 1:colcon.colcon_core.package_identification:_identify(log) by extensions ['ignore', 'ignore_ament_install']
[0.267s] Level 1:colcon.colcon_core.package_identification:_identify(log) by extension 'ignore'
[0.267s] Level 1:colcon.colcon_core.package_identification:_identify(log) ignored
[0.267s] Level 1:colcon.colcon_core.package_identification:_identify(rover_master) by extensions ['ignore', 'ignore_ament_install']
[0.267s] Level 1:colcon.colcon_core.package_identification:_identify(rover_master) by extension 'ignore'
[0.267s] Level 1:colcon.colcon_core.package_identification:_identify(rover_master) by extension 'ignore_ament_install'
[0.267s] Level 1:colcon.colcon_core.package_identification:_identify(rover_master) by extensions ['colcon_pkg']
[0.267s] Level 1:colcon.colcon_core.package_identification:_identify(rover_master) by extension 'colcon_pkg'
[0.267s] Level 1:colcon.colcon_core.package_identification:_identify(rover_master) by extensions ['colcon_meta']
[0.267s] Level 1:colcon.colcon_core.package_identification:_identify(rover_master) by extension 'colcon_meta'
[0.267s] Level 1:colcon.colcon_core.package_identification:_identify(rover_master) by extensions ['ros']
[0.267s] Level 1:colcon.colcon_core.package_identification:_identify(rover_master) by extension 'ros'
[0.269s] DEBUG:colcon.colcon_core.package_identification:Package 'rover_master' with type 'ros.ament_python' and name 'rover_master'
[0.269s] Level 1:colcon.colcon_core.package_discovery:discover_packages(recursive) using defaults
[0.269s] Level 1:colcon.colcon_core.package_discovery:discover_packages(ignore) discover
[0.269s] Level 1:colcon.colcon_core.package_discovery:discover_packages(ignore) using defaults
[0.269s] Level 1:colcon.colcon_core.package_discovery:discover_packages(path) discover
[0.269s] Level 1:colcon.colcon_core.package_discovery:discover_packages(path) using defaults
[0.284s] Level 1:colcon.colcon_core.package_discovery:discover_packages(prefix_path) check parameters
[0.284s] Level 1:colcon.colcon_core.package_discovery:discover_packages(prefix_path) discover
[0.286s] DEBUG:colcon.colcon_installed_package_information.package_discovery:Found 270 installed packages in /opt/ros/humble
[0.287s] Level 1:colcon.colcon_core.package_discovery:discover_packages(prefix_path) using defaults
[0.323s] Level 5:colcon.colcon_core.verb:set package 'rover_master' build argument 'cmake_args' from command line to 'None'
[0.323s] Level 5:colcon.colcon_core.verb:set package 'rover_master' build argument 'cmake_target' from command line to 'None'
[0.323s] Level 5:colcon.colcon_core.verb:set package 'rover_master' build argument 'cmake_target_skip_unavailable' from command line to 'False'
[0.323s] Level 5:colcon.colcon_core.verb:set package 'rover_master' build argument 'cmake_clean_cache' from command line to 'False'
[0.323s] Level 5:colcon.colcon_core.verb:set package 'rover_master' build argument 'cmake_clean_first' from command line to 'False'
[0.323s] Level 5:colcon.colcon_core.verb:set package 'rover_master' build argument 'cmake_force_configure' from command line to 'False'
[0.323s] Level 5:colcon.colcon_core.verb:set package 'rover_master' build argument 'ament_cmake_args' from command line to 'None'
[0.323s] Level 5:colcon.colcon_core.verb:set package 'rover_master' build argument 'catkin_cmake_args' from command line to 'None'
[0.323s] Level 5:colcon.colcon_core.verb:set package 'rover_master' build argument 'catkin_skip_building_tests' from command line to 'False'
[0.324s] DEBUG:colcon.colcon_core.verb:Building package 'rover_master' with the following arguments: {'ament_cmake_args': None, 'build_base': '/home/arpan/rudra_tasks/ros-master/src/build/rover_master', 'catkin_cmake_args': None, 'catkin_skip_building_tests': False, 'cmake_args': None, 'cmake_clean_cache': False, 'cmake_clean_first': False, 'cmake_force_configure': False, 'cmake_target': None, 'cmake_target_skip_unavailable': False, 'install_base': '/home/arpan/rudra_tasks/ros-master/src/install/rover_master', 'merge_install': False, 'path': '/home/arpan/rudra_tasks/ros-master/src/rover_master', 'symlink_install': False, 'test_result_base': None}
[0.324s] INFO:colcon.colcon_core.executor:Executing jobs using 'parallel' executor
[0.326s] DEBUG:colcon.colcon_parallel_executor.executor.parallel:run_until_complete
[0.326s] INFO:colcon.colcon_ros.task.ament_python.build:Building ROS package in '/home/arpan/rudra_tasks/ros-master/src/rover_master' with build type 'ament_python'
[0.326s] Level 1:colcon.colcon_core.shell:create_environment_hook('rover_master', 'ament_prefix_path')
[0.330s] INFO:colcon.colcon_core.plugin_system:Skipping extension 'colcon_core.shell.bat': Not used on non-Windows systems
[0.330s] INFO:colcon.colcon_core.shell:Creating environment hook '/home/arpan/rudra_tasks/ros-master/src/install/rover_master/share/rover_master/hook/ament_prefix_path.ps1'
[0.330s] INFO:colcon.colcon_core.shell:Creating environment descriptor '/home/arpan/rudra_tasks/ros-master/src/install/rover_master/share/rover_master/hook/ament_prefix_path.dsv'
[0.330s] INFO:colcon.colcon_core.shell:Creating environment hook '/home/arpan/rudra_tasks/ros-master/src/install/rover_master/share/rover_master/hook/ament_prefix_path.sh'
[0.332s] INFO:colcon.colcon_core.shell:Skip shell extension 'powershell' for command environment: Not usable outside of PowerShell
[0.332s] DEBUG:colcon.colcon_core.shell:Skip shell extension 'dsv' for command environment
[0.530s] INFO:colcon.colcon_core.task.python.build:Building Python package in '/home/arpan/rudra_tasks/ros-master/src/rover_master'
[0.531s] INFO:colcon.colcon_core.shell:Skip shell extension 'powershell' for command environment: Not usable outside of PowerShell
[0.531s] DEBUG:colcon.colcon_core.shell:Skip shell extension 'dsv' for command environment
[0.804s] DEBUG:colcon.colcon_core.event_handler.log_command:Invoking command in '/home/arpan/rudra_tasks/ros-master/src/rover_master': PYTHONPATH=/home/arpan/rudra_tasks/ros-master/src/build/rover_master/prefix_override:/home/arpan/rudra_tasks/ros-master/src/install/rover_master/lib/python3.10/site-packages:${PYTHONPATH} /usr/bin/python3 setup.py egg_info --egg-base ../build/rover_master build --build-base /home/arpan/rudra_tasks/ros-master/src/build/rover_master/build install --record /home/arpan/rudra_tasks/ros-master/src/build/rover_master/install.log --single-version-externally-managed
[1.021s] DEBUG:colcon.colcon_core.event_handler.log_command:Invoked command in '/home/arpan/rudra_tasks/ros-master/src/rover_master' returned '0': PYTHONPATH=/home/arpan/rudra_tasks/ros-master/src/build/rover_master/prefix_override:/home/arpan/rudra_tasks/ros-master/src/install/rover_master/lib/python3.10/site-packages:${PYTHONPATH} /usr/bin/python3 setup.py egg_info --egg-base ../build/rover_master build --build-base /home/arpan/rudra_tasks/ros-master/src/build/rover_master/build install --record /home/arpan/rudra_tasks/ros-master/src/build/rover_master/install.log --single-version-externally-managed
[1.028s] Level 1:colcon.colcon_core.environment:checking '/home/arpan/rudra_tasks/ros-master/src/install/rover_master' for CMake module files
[1.029s] Level 1:colcon.colcon_core.environment:checking '/home/arpan/rudra_tasks/ros-master/src/install/rover_master' for CMake config files
[1.030s] Level 1:colcon.colcon_core.environment:checking '/home/arpan/rudra_tasks/ros-master/src/install/rover_master/lib'
[1.030s] Level 1:colcon.colcon_core.environment:checking '/home/arpan/rudra_tasks/ros-master/src/install/rover_master/bin'
[1.030s] Level 1:colcon.colcon_core.environment:checking '/home/arpan/rudra_tasks/ros-master/src/install/rover_master/lib/pkgconfig/rover_master.pc'
[1.030s] Level 1:colcon.colcon_core.environment:checking '/home/arpan/rudra_tasks/ros-master/src/install/rover_master/lib/python3.10/site-packages'
[1.030s] Level 1:colcon.colcon_core.shell:create_environment_hook('rover_master', 'pythonpath')
[1.033s] INFO:colcon.colcon_core.shell:Creating environment hook '/home/arpan/rudra_tasks/ros-master/src/install/rover_master/share/rover_master/hook/pythonpath.ps1'
[1.034s] INFO:colcon.colcon_core.shell:Creating environment descriptor '/home/arpan/rudra_tasks/ros-master/src/install/rover_master/share/rover_master/hook/pythonpath.dsv'
[1.034s] INFO:colcon.colcon_core.shell:Creating environment hook '/home/arpan/rudra_tasks/ros-master/src/install/rover_master/share/rover_master/hook/pythonpath.sh'
[1.035s] Level 1:colcon.colcon_core.environment:checking '/home/arpan/rudra_tasks/ros-master/src/install/rover_master/bin'
[1.035s] Level 1:colcon.colcon_core.environment:create_environment_scripts_only(rover_master)
[1.037s] INFO:colcon.colcon_core.shell:Creating package script '/home/arpan/rudra_tasks/ros-master/src/install/rover_master/share/rover_master/package.ps1'
[1.038s] INFO:colcon.colcon_core.shell:Creating package descriptor '/home/arpan/rudra_tasks/ros-master/src/install/rover_master/share/rover_master/package.dsv'
[1.039s] INFO:colcon.colcon_core.shell:Creating package script '/home/arpan/rudra_tasks/ros-master/src/install/rover_master/share/rover_master/package.sh'
[1.040s] INFO:colcon.colcon_core.shell:Creating package script '/home/arpan/rudra_tasks/ros-master/src/install/rover_master/share/rover_master/package.bash'
[1.042s] INFO:colcon.colcon_core.shell:Creating package script '/home/arpan/rudra_tasks/ros-master/src/install/rover_master/share/rover_master/package.zsh'
[1.043s] Level 1:colcon.colcon_core.environment:create_file_with_runtime_dependencies(/home/arpan/rudra_tasks/ros-master/src/install/rover_master/share/colcon-core/packages/rover_master)
[1.043s] DEBUG:colcon.colcon_parallel_executor.executor.parallel:closing loop
[1.044s] DEBUG:colcon.colcon_parallel_executor.executor.parallel:loop closed
[1.044s] DEBUG:colcon.colcon_parallel_executor.executor.parallel:run_until_complete finished with '0'
[1.044s] DEBUG:colcon.colcon_core.event_reactor:joining thread
[1.048s] INFO:colcon.colcon_core.plugin_system:Skipping extension 'colcon_notification.desktop_notification.terminal_notifier': Not used on non-Darwin systems
[1.048s] INFO:colcon.colcon_core.plugin_system:Skipping extension 'colcon_notification.desktop_notification.win32': Not used on non-Windows systems
[1.048s] INFO:colcon.colcon_notification.desktop_notification:Sending desktop notification using 'notify2'
[1.058s] DEBUG:colcon.colcon_core.event_reactor:joined thread
[1.061s] INFO:colcon.colcon_core.shell:Creating prefix script '/home/arpan/rudra_tasks/ros-master/src/install/local_setup.ps1'
[1.063s] INFO:colcon.colcon_core.shell:Creating prefix util module '/home/arpan/rudra_tasks/ros-master/src/install/_local_setup_util_ps1.py'
[1.064s] INFO:colcon.colcon_core.shell:Creating prefix chain script '/home/arpan/rudra_tasks/ros-master/src/install/setup.ps1'
[1.066s] INFO:colcon.colcon_core.shell:Creating prefix script '/home/arpan/rudra_tasks/ros-master/src/install/local_setup.sh'
[1.067s] INFO:colcon.colcon_core.shell:Creating prefix util module '/home/arpan/rudra_tasks/ros-master/src/install/_local_setup_util_sh.py'
[1.068s] INFO:colcon.colcon_core.shell:Creating prefix chain script '/home/arpan/rudra_tasks/ros-master/src/install/setup.sh'
[1.070s] INFO:colcon.colcon_core.shell:Creating prefix script '/home/arpan/rudra_tasks/ros-master/src/install/local_setup.bash'
[1.070s] INFO:colcon.colcon_core.shell:Creating prefix chain script '/home/arpan/rudra_tasks/ros-master/src/install/setup.bash'
[1.072s] INFO:colcon.colcon_core.shell:Creating prefix script '/home/arpan/rudra_tasks/ros-master/src/install/local_setup.zsh'
[1.073s] INFO:colcon.colcon_core.shell:Creating prefix chain script '/home/arpan/rudra_tasks/ros-master/src/install/setup.zsh'
