[3.039s] Invoking command in '/home/sreeram3927/rudra_training/rover-master-gui/ros2_ws/src/network_chat': PYTHONPATH=/home/sreeram3927/rudra_training/rover-master-gui/ros2_ws/build/network_chat/prefix_override:/home/sreeram3927/rudra_training/rover-master-gui/ros2_ws/install/network_chat/lib/python3.10/site-packages:${PYTHONPATH} /usr/bin/python3 setup.py egg_info --egg-base ../../build/network_chat build --build-base /home/sreeram3927/rudra_training/rover-master-gui/ros2_ws/build/network_chat/build install --record /home/sreeram3927/rudra_training/rover-master-gui/ros2_ws/build/network_chat/install.log --single-version-externally-managed
[3.829s] running egg_info
[3.831s] writing ../../build/network_chat/network_chat.egg-info/PKG-INFO
[3.831s] writing dependency_links to ../../build/network_chat/network_chat.egg-info/dependency_links.txt
[3.833s] writing entry points to ../../build/network_chat/network_chat.egg-info/entry_points.txt
[3.835s] writing requirements to ../../build/network_chat/network_chat.egg-info/requires.txt
[3.836s] writing top-level names to ../../build/network_chat/network_chat.egg-info/top_level.txt
[3.839s] reading manifest file '../../build/network_chat/network_chat.egg-info/SOURCES.txt'
[3.843s] writing manifest file '../../build/network_chat/network_chat.egg-info/SOURCES.txt'
[3.844s] running build
[3.844s] running build_py
[3.845s] copying network_chat/send_data.py -> /home/sreeram3927/rudra_training/rover-master-gui/ros2_ws/build/network_chat/build/lib/network_chat
[3.847s] running install
[3.848s] /usr/lib/python3/dist-packages/setuptools/command/install.py:34: SetuptoolsDeprecationWarning: setup.py install is deprecated. Use build and pip and other standards-based tools.
[3.848s]   warnings.warn(
[3.851s] running install_lib
[3.852s] copying /home/sreeram3927/rudra_training/rover-master-gui/ros2_ws/build/network_chat/build/lib/network_chat/send_data.py -> /home/sreeram3927/rudra_training/rover-master-gui/ros2_ws/install/network_chat/lib/python3.10/site-packages/network_chat
[3.853s] byte-compiling /home/sreeram3927/rudra_training/rover-master-gui/ros2_ws/install/network_chat/lib/python3.10/site-packages/network_chat/send_data.py to send_data.cpython-310.pyc
[3.854s] running install_data
[3.854s] running install_egg_info
[3.859s] removing '/home/sreeram3927/rudra_training/rover-master-gui/ros2_ws/install/network_chat/lib/python3.10/site-packages/network_chat-0.0.0-py3.10.egg-info' (and everything under it)
[3.872s] Copying ../../build/network_chat/network_chat.egg-info to /home/sreeram3927/rudra_training/rover-master-gui/ros2_ws/install/network_chat/lib/python3.10/site-packages/network_chat-0.0.0-py3.10.egg-info
[3.878s] running install_scripts
[3.946s] Installing send_data script to /home/sreeram3927/rudra_training/rover-master-gui/ros2_ws/install/network_chat/lib/network_chat
[3.947s] writing list of installed files to '/home/sreeram3927/rudra_training/rover-master-gui/ros2_ws/build/network_chat/install.log'
[4.042s] Invoked command in '/home/sreeram3927/rudra_training/rover-master-gui/ros2_ws/src/network_chat' returned '0': PYTHONPATH=/home/sreeram3927/rudra_training/rover-master-gui/ros2_ws/build/network_chat/prefix_override:/home/sreeram3927/rudra_training/rover-master-gui/ros2_ws/install/network_chat/lib/python3.10/site-packages:${PYTHONPATH} /usr/bin/python3 setup.py egg_info --egg-base ../../build/network_chat build --build-base /home/sreeram3927/rudra_training/rover-master-gui/ros2_ws/build/network_chat/build install --record /home/sreeram3927/rudra_training/rover-master-gui/ros2_ws/build/network_chat/install.log --single-version-externally-managed
