[2.005s] Invoking command in '/home/sreeram3927/rudra_training/rover-master-gui/ros2_ws/src/serial_chat': PYTHONPATH=/home/sreeram3927/rudra_training/rover-master-gui/ros2_ws/build/serial_chat/prefix_override:/home/sreeram3927/rudra_training/rover-master-gui/ros2_ws/install/serial_chat/lib/python3.10/site-packages:${PYTHONPATH} /usr/bin/python3 setup.py egg_info --egg-base ../../build/serial_chat build --build-base /home/sreeram3927/rudra_training/rover-master-gui/ros2_ws/build/serial_chat/build install --record /home/sreeram3927/rudra_training/rover-master-gui/ros2_ws/build/serial_chat/install.log --single-version-externally-managed
[2.538s] running egg_info
[2.540s] writing ../../build/serial_chat/serial_chat.egg-info/PKG-INFO
[2.541s] writing dependency_links to ../../build/serial_chat/serial_chat.egg-info/dependency_links.txt
[2.543s] writing entry points to ../../build/serial_chat/serial_chat.egg-info/entry_points.txt
[2.543s] writing requirements to ../../build/serial_chat/serial_chat.egg-info/requires.txt
[2.544s] writing top-level names to ../../build/serial_chat/serial_chat.egg-info/top_level.txt
[2.548s] reading manifest file '../../build/serial_chat/serial_chat.egg-info/SOURCES.txt'
[2.548s] writing manifest file '../../build/serial_chat/serial_chat.egg-info/SOURCES.txt'
[2.548s] running build
[2.549s] running build_py
[2.549s] copying serial_chat/serial_node.py -> /home/sreeram3927/rudra_training/rover-master-gui/ros2_ws/build/serial_chat/build/lib/serial_chat
[2.549s] running install
[2.549s] /usr/lib/python3/dist-packages/setuptools/command/install.py:34: SetuptoolsDeprecationWarning: setup.py install is deprecated. Use build and pip and other standards-based tools.
[2.549s]   warnings.warn(
[2.550s] running install_lib
[2.550s] copying /home/sreeram3927/rudra_training/rover-master-gui/ros2_ws/build/serial_chat/build/lib/serial_chat/serial_node.py -> /home/sreeram3927/rudra_training/rover-master-gui/ros2_ws/install/serial_chat/lib/python3.10/site-packages/serial_chat
[2.552s] byte-compiling /home/sreeram3927/rudra_training/rover-master-gui/ros2_ws/install/serial_chat/lib/python3.10/site-packages/serial_chat/serial_node.py to serial_node.cpython-310.pyc
[2.553s] running install_data
[2.555s] running install_egg_info
[2.558s] removing '/home/sreeram3927/rudra_training/rover-master-gui/ros2_ws/install/serial_chat/lib/python3.10/site-packages/serial_chat-0.0.0-py3.10.egg-info' (and everything under it)
[2.559s] Copying ../../build/serial_chat/serial_chat.egg-info to /home/sreeram3927/rudra_training/rover-master-gui/ros2_ws/install/serial_chat/lib/python3.10/site-packages/serial_chat-0.0.0-py3.10.egg-info
[2.561s] running install_scripts
[2.614s] Installing chat_screen script to /home/sreeram3927/rudra_training/rover-master-gui/ros2_ws/install/serial_chat/lib/serial_chat
[2.615s] Installing gui_node script to /home/sreeram3927/rudra_training/rover-master-gui/ros2_ws/install/serial_chat/lib/serial_chat
[2.615s] Installing serial_node script to /home/sreeram3927/rudra_training/rover-master-gui/ros2_ws/install/serial_chat/lib/serial_chat
[2.616s] writing list of installed files to '/home/sreeram3927/rudra_training/rover-master-gui/ros2_ws/build/serial_chat/install.log'
[2.715s] Invoked command in '/home/sreeram3927/rudra_training/rover-master-gui/ros2_ws/src/serial_chat' returned '0': PYTHONPATH=/home/sreeram3927/rudra_training/rover-master-gui/ros2_ws/build/serial_chat/prefix_override:/home/sreeram3927/rudra_training/rover-master-gui/ros2_ws/install/serial_chat/lib/python3.10/site-packages:${PYTHONPATH} /usr/bin/python3 setup.py egg_info --egg-base ../../build/serial_chat build --build-base /home/sreeram3927/rudra_training/rover-master-gui/ros2_ws/build/serial_chat/build install --record /home/sreeram3927/rudra_training/rover-master-gui/ros2_ws/build/serial_chat/install.log --single-version-externally-managed
