running egg_info
writing ../../build/slave/slave.egg-info/PKG-INFO
writing dependency_links to ../../build/slave/slave.egg-info/dependency_links.txt
writing entry points to ../../build/slave/slave.egg-info/entry_points.txt
writing requirements to ../../build/slave/slave.egg-info/requires.txt
writing top-level names to ../../build/slave/slave.egg-info/top_level.txt
reading manifest file '../../build/slave/slave.egg-info/SOURCES.txt'
writing manifest file '../../build/slave/slave.egg-info/SOURCES.txt'
running build
running build_py
running install
running install_lib
/usr/lib/python3/dist-packages/setuptools/command/install.py:34: SetuptoolsDeprecationWarning: setup.py install is deprecated. Use build and pip and other standards-based tools.
  warnings.warn(
running install_data
running install_egg_info
removing '/home/sreeram3927/rudra_training/rover-master-gui/ros2_ws/install/slave/lib/python3.10/site-packages/slave-0.0.0-py3.10.egg-info' (and everything under it)
Copying ../../build/slave/slave.egg-info to /home/sreeram3927/rudra_training/rover-master-gui/ros2_ws/install/slave/lib/python3.10/site-packages/slave-0.0.0-py3.10.egg-info
running install_scripts
Installing get_data script to /home/sreeram3927/rudra_training/rover-master-gui/ros2_ws/install/slave/lib/slave
writing list of installed files to '/home/sreeram3927/rudra_training/rover-master-gui/ros2_ws/build/slave/install.log'
