[2.345s] Invoking command in '/home/sreeram3927/rudra_training/rover-master-gui/ros2_ws/src/slave': PYTHONPATH=/home/sreeram3927/rudra_training/rover-master-gui/ros2_ws/build/slave/prefix_override:/home/sreeram3927/rudra_training/rover-master-gui/ros2_ws/install/slave/lib/python3.10/site-packages:${PYTHONPATH} /usr/bin/python3 setup.py egg_info --egg-base ../../build/slave build --build-base /home/sreeram3927/rudra_training/rover-master-gui/ros2_ws/build/slave/build install --record /home/sreeram3927/rudra_training/rover-master-gui/ros2_ws/build/slave/install.log --single-version-externally-managed
[2.875s] running egg_info
[2.877s] writing ../../build/slave/slave.egg-info/PKG-INFO
[2.878s] writing dependency_links to ../../build/slave/slave.egg-info/dependency_links.txt
[2.880s] writing entry points to ../../build/slave/slave.egg-info/entry_points.txt
[2.881s] writing requirements to ../../build/slave/slave.egg-info/requires.txt
[2.882s] writing top-level names to ../../build/slave/slave.egg-info/top_level.txt
[2.885s] reading manifest file '../../build/slave/slave.egg-info/SOURCES.txt'
[2.887s] writing manifest file '../../build/slave/slave.egg-info/SOURCES.txt'
[2.888s] running build
[2.889s] running build_py
[2.890s] copying slave/get_data.py -> /home/sreeram3927/rudra_training/rover-master-gui/ros2_ws/build/slave/build/lib/slave
[2.891s] running install
[2.892s] /usr/lib/python3/dist-packages/setuptools/command/install.py:34: SetuptoolsDeprecationWarning: setup.py install is deprecated. Use build and pip and other standards-based tools.
[2.893s]   warnings.warn(
[2.894s] running install_lib
[2.895s] copying /home/sreeram3927/rudra_training/rover-master-gui/ros2_ws/build/slave/build/lib/slave/get_data.py -> /home/sreeram3927/rudra_training/rover-master-gui/ros2_ws/install/slave/lib/python3.10/site-packages/slave
[2.896s] byte-compiling /home/sreeram3927/rudra_training/rover-master-gui/ros2_ws/install/slave/lib/python3.10/site-packages/slave/get_data.py to get_data.cpython-310.pyc
[2.910s] running install_data
[2.911s] running install_egg_info
[2.911s] removing '/home/sreeram3927/rudra_training/rover-master-gui/ros2_ws/install/slave/lib/python3.10/site-packages/slave-0.0.0-py3.10.egg-info' (and everything under it)
[2.911s] Copying ../../build/slave/slave.egg-info to /home/sreeram3927/rudra_training/rover-master-gui/ros2_ws/install/slave/lib/python3.10/site-packages/slave-0.0.0-py3.10.egg-info
[2.912s] running install_scripts
[2.959s] Installing get_data script to /home/sreeram3927/rudra_training/rover-master-gui/ros2_ws/install/slave/lib/slave
[2.960s] writing list of installed files to '/home/sreeram3927/rudra_training/rover-master-gui/ros2_ws/build/slave/install.log'
[3.014s] Invoked command in '/home/sreeram3927/rudra_training/rover-master-gui/ros2_ws/src/slave' returned '0': PYTHONPATH=/home/sreeram3927/rudra_training/rover-master-gui/ros2_ws/build/slave/prefix_override:/home/sreeram3927/rudra_training/rover-master-gui/ros2_ws/install/slave/lib/python3.10/site-packages:${PYTHONPATH} /usr/bin/python3 setup.py egg_info --egg-base ../../build/slave build --build-base /home/sreeram3927/rudra_training/rover-master-gui/ros2_ws/build/slave/build install --record /home/sreeram3927/rudra_training/rover-master-gui/ros2_ws/build/slave/install.log --single-version-externally-managed
