[2.965s] Invoking command in '/home/sreeram3927/rudra_training/rover-master-gui/ros2_ws/src/serial_chat': PYTHONPATH=/home/sreeram3927/rudra_training/rover-master-gui/ros2_ws/build/serial_chat/prefix_override:/home/sreeram3927/rudra_training/rover-master-gui/ros2_ws/install/serial_chat/lib/python3.10/site-packages:${PYTHONPATH} /usr/bin/python3 setup.py egg_info --egg-base ../../build/serial_chat build --build-base /home/sreeram3927/rudra_training/rover-master-gui/ros2_ws/build/serial_chat/build install --record /home/sreeram3927/rudra_training/rover-master-gui/ros2_ws/build/serial_chat/install.log --single-version-externally-managed
[3.964s] running egg_info
[3.969s] writing ../../build/serial_chat/serial_chat.egg-info/PKG-INFO
[3.969s] writing dependency_links to ../../build/serial_chat/serial_chat.egg-info/dependency_links.txt
[3.969s] writing entry points to ../../build/serial_chat/serial_chat.egg-info/entry_points.txt
[3.969s] writing requirements to ../../build/serial_chat/serial_chat.egg-info/requires.txt
[3.970s] writing top-level names to ../../build/serial_chat/serial_chat.egg-info/top_level.txt
[3.974s] reading manifest file '../../build/serial_chat/serial_chat.egg-info/SOURCES.txt'
[3.991s] writing manifest file '../../build/serial_chat/serial_chat.egg-info/SOURCES.txt'
[3.992s] running build
[3.992s] running build_py
[3.999s] running install
[4.000s] /usr/lib/python3/dist-packages/setuptools/command/install.py:34: SetuptoolsDeprecationWarning: setup.py install is deprecated. Use build and pip and other standards-based tools.
[4.000s]   warnings.warn(
[4.003s] running install_lib
[4.014s] running install_data
[4.019s] running install_egg_info
[4.031s] removing '/home/sreeram3927/rudra_training/rover-master-gui/ros2_ws/install/serial_chat/lib/python3.10/site-packages/serial_chat-0.0.0-py3.10.egg-info' (and everything under it)
[4.043s] Copying ../../build/serial_chat/serial_chat.egg-info to /home/sreeram3927/rudra_training/rover-master-gui/ros2_ws/install/serial_chat/lib/python3.10/site-packages/serial_chat-0.0.0-py3.10.egg-info
[4.051s] running install_scripts
[4.145s] Installing chat_screen script to /home/sreeram3927/rudra_training/rover-master-gui/ros2_ws/install/serial_chat/lib/serial_chat
[4.147s] Installing serial_node script to /home/sreeram3927/rudra_training/rover-master-gui/ros2_ws/install/serial_chat/lib/serial_chat
[4.149s] writing list of installed files to '/home/sreeram3927/rudra_training/rover-master-gui/ros2_ws/build/serial_chat/install.log'
[4.271s] Invoked command in '/home/sreeram3927/rudra_training/rover-master-gui/ros2_ws/src/serial_chat' returned '0': PYTHONPATH=/home/sreeram3927/rudra_training/rover-master-gui/ros2_ws/build/serial_chat/prefix_override:/home/sreeram3927/rudra_training/rover-master-gui/ros2_ws/install/serial_chat/lib/python3.10/site-packages:${PYTHONPATH} /usr/bin/python3 setup.py egg_info --egg-base ../../build/serial_chat build --build-base /home/sreeram3927/rudra_training/rover-master-gui/ros2_ws/build/serial_chat/build install --record /home/sreeram3927/rudra_training/rover-master-gui/ros2_ws/build/serial_chat/install.log --single-version-externally-managed
