running develop
running egg_info
creating rover_master.egg-info
writing rover_master.egg-info/PKG-INFO
writing dependency_links to rover_master.egg-info/dependency_links.txt
writing entry points to rover_master.egg-info/entry_points.txt
writing requirements to rover_master.egg-info/requires.txt
writing top-level names to rover_master.egg-info/top_level.txt
writing manifest file 'rover_master.egg-info/SOURCES.txt'
reading manifest file 'rover_master.egg-info/SOURCES.txt'
writing manifest file 'rover_master.egg-info/SOURCES.txt'
running build_ext
Creating /home/arpan/rudra_tasks/ros-master/install/rover_master/lib/python3.10/site-packages/rover-master.egg-link (link to .)
Installing test_node script to /home/arpan/rudra_tasks/ros-master/install/rover_master/lib/rover_master

Installed /home/arpan/rudra_tasks/ros-master/build/rover_master
running install_data
creating /home/arpan/rudra_tasks/ros-master/install/rover_master/share/ament_index
creating /home/arpan/rudra_tasks/ros-master/install/rover_master/share/ament_index/resource_index
creating /home/arpan/rudra_tasks/ros-master/install/rover_master/share/ament_index/resource_index/packages
copying resource/rover_master -> /home/arpan/rudra_tasks/ros-master/install/rover_master/share/ament_index/resource_index/packages
copying package.xml -> /home/arpan/rudra_tasks/ros-master/install/rover_master/share/rover_master
