[0.472s] Invoking command in '/home/arpan/rudra_tasks/ros-master/build/rover_master': PYTHONPATH=/home/arpan/rudra_tasks/ros-master/build/rover_master/prefix_override:/home/arpan/rudra_tasks/ros-master/install/rover_master/lib/python3.10/site-packages:${PYTHONPATH} /usr/bin/python3 setup.py develop --editable --build-directory /home/arpan/rudra_tasks/ros-master/build/rover_master/build --no-deps install_data
[0.675s] running develop
[0.823s] running egg_info
[0.823s] creating rover_master.egg-info
[0.823s] writing rover_master.egg-info/PKG-INFO
[0.823s] writing dependency_links to rover_master.egg-info/dependency_links.txt
[0.823s] writing entry points to rover_master.egg-info/entry_points.txt
[0.824s] writing requirements to rover_master.egg-info/requires.txt
[0.824s] writing top-level names to rover_master.egg-info/top_level.txt
[0.824s] writing manifest file 'rover_master.egg-info/SOURCES.txt'
[0.825s] reading manifest file 'rover_master.egg-info/SOURCES.txt'
[0.825s] writing manifest file 'rover_master.egg-info/SOURCES.txt'
[0.826s] running build_ext
[0.826s] Creating /home/arpan/rudra_tasks/ros-master/install/rover_master/lib/python3.10/site-packages/rover-master.egg-link (link to .)
[0.827s] Installing test_node script to /home/arpan/rudra_tasks/ros-master/install/rover_master/lib/rover_master
[0.827s] 
[0.827s] Installed /home/arpan/rudra_tasks/ros-master/build/rover_master
[0.827s] running install_data
[0.827s] creating /home/arpan/rudra_tasks/ros-master/install/rover_master/share/ament_index
[0.827s] creating /home/arpan/rudra_tasks/ros-master/install/rover_master/share/ament_index/resource_index
[0.827s] creating /home/arpan/rudra_tasks/ros-master/install/rover_master/share/ament_index/resource_index/packages
[0.827s] copying resource/rover_master -> /home/arpan/rudra_tasks/ros-master/install/rover_master/share/ament_index/resource_index/packages
[0.827s] copying package.xml -> /home/arpan/rudra_tasks/ros-master/install/rover_master/share/rover_master
[0.851s] Invoked command in '/home/arpan/rudra_tasks/ros-master/build/rover_master' returned '0': PYTHONPATH=/home/arpan/rudra_tasks/ros-master/build/rover_master/prefix_override:/home/arpan/rudra_tasks/ros-master/install/rover_master/lib/python3.10/site-packages:${PYTHONPATH} /usr/bin/python3 setup.py develop --editable --build-directory /home/arpan/rudra_tasks/ros-master/build/rover_master/build --no-deps install_data
