running egg_info
creating ../../build/network_chat/network_chat.egg-info
writing ../../build/network_chat/network_chat.egg-info/PKG-INFO
writing dependency_links to ../../build/network_chat/network_chat.egg-info/dependency_links.txt
writing entry points to ../../build/network_chat/network_chat.egg-info/entry_points.txt
writing requirements to ../../build/network_chat/network_chat.egg-info/requires.txt
writing top-level names to ../../build/network_chat/network_chat.egg-info/top_level.txt
writing manifest file '../../build/network_chat/network_chat.egg-info/SOURCES.txt'
reading manifest file '../../build/network_chat/network_chat.egg-info/SOURCES.txt'
writing manifest file '../../build/network_chat/network_chat.egg-info/SOURCES.txt'
running build
running build_py
creating /home/sreeram3927/rudra_training/rover-master-gui/ros2_ws/build/network_chat/build
creating /home/sreeram3927/rudra_training/rover-master-gui/ros2_ws/build/network_chat/build/lib
creating /home/sreeram3927/rudra_training/rover-master-gui/ros2_ws/build/network_chat/build/lib/network_chat
copying network_chat/__init__.py -> /home/sreeram3927/rudra_training/rover-master-gui/ros2_ws/build/network_chat/build/lib/network_chat
copying network_chat/send_data.py -> /home/sreeram3927/rudra_training/rover-master-gui/ros2_ws/build/network_chat/build/lib/network_chat
running install
/usr/lib/python3/dist-packages/setuptools/command/install.py:34: SetuptoolsDeprecationWarning: setup.py install is deprecated. Use build and pip and other standards-based tools.
  warnings.warn(
running install_lib
creating /home/sreeram3927/rudra_training/rover-master-gui/ros2_ws/install/network_chat/lib/python3.10/site-packages/network_chat
copying /home/sreeram3927/rudra_training/rover-master-gui/ros2_ws/build/network_chat/build/lib/network_chat/__init__.py -> /home/sreeram3927/rudra_training/rover-master-gui/ros2_ws/install/network_chat/lib/python3.10/site-packages/network_chat
copying /home/sreeram3927/rudra_training/rover-master-gui/ros2_ws/build/network_chat/build/lib/network_chat/send_data.py -> /home/sreeram3927/rudra_training/rover-master-gui/ros2_ws/install/network_chat/lib/python3.10/site-packages/network_chat
byte-compiling /home/sreeram3927/rudra_training/rover-master-gui/ros2_ws/install/network_chat/lib/python3.10/site-packages/network_chat/__init__.py to __init__.cpython-310.pyc
byte-compiling /home/sreeram3927/rudra_training/rover-master-gui/ros2_ws/install/network_chat/lib/python3.10/site-packages/network_chat/send_data.py to send_data.cpython-310.pyc
running install_data
creating /home/sreeram3927/rudra_training/rover-master-gui/ros2_ws/install/network_chat/share/ament_index
creating /home/sreeram3927/rudra_training/rover-master-gui/ros2_ws/install/network_chat/share/ament_index/resource_index
creating /home/sreeram3927/rudra_training/rover-master-gui/ros2_ws/install/network_chat/share/ament_index/resource_index/packages
copying resource/network_chat -> /home/sreeram3927/rudra_training/rover-master-gui/ros2_ws/install/network_chat/share/ament_index/resource_index/packages
copying package.xml -> /home/sreeram3927/rudra_training/rover-master-gui/ros2_ws/install/network_chat/share/network_chat
running install_egg_info
Copying ../../build/network_chat/network_chat.egg-info to /home/sreeram3927/rudra_training/rover-master-gui/ros2_ws/install/network_chat/lib/python3.10/site-packages/network_chat-0.0.0-py3.10.egg-info
running install_scripts
Installing send_data script to /home/sreeram3927/rudra_training/rover-master-gui/ros2_ws/install/network_chat/lib/network_chat
writing list of installed files to '/home/sreeram3927/rudra_training/rover-master-gui/ros2_ws/build/network_chat/install.log'
