[2.543s] Invoking command in '/home/sreeram3927/rudra_training/rover-master-gui/ros2_ws/src/network_chat': PYTHONPATH=/home/sreeram3927/rudra_training/rover-master-gui/ros2_ws/build/network_chat/prefix_override:/home/sreeram3927/rudra_training/rover-master-gui/ros2_ws/install/network_chat/lib/python3.10/site-packages:${PYTHONPATH} /usr/bin/python3 setup.py egg_info --egg-base ../../build/network_chat build --build-base /home/sreeram3927/rudra_training/rover-master-gui/ros2_ws/build/network_chat/build install --record /home/sreeram3927/rudra_training/rover-master-gui/ros2_ws/build/network_chat/install.log --single-version-externally-managed
[3.176s] running egg_info
[3.178s] creating ../../build/network_chat/network_chat.egg-info
[3.178s] writing ../../build/network_chat/network_chat.egg-info/PKG-INFO
[3.179s] writing dependency_links to ../../build/network_chat/network_chat.egg-info/dependency_links.txt
[3.179s] writing entry points to ../../build/network_chat/network_chat.egg-info/entry_points.txt
[3.179s] writing requirements to ../../build/network_chat/network_chat.egg-info/requires.txt
[3.180s] writing top-level names to ../../build/network_chat/network_chat.egg-info/top_level.txt
[3.180s] writing manifest file '../../build/network_chat/network_chat.egg-info/SOURCES.txt'
[3.185s] reading manifest file '../../build/network_chat/network_chat.egg-info/SOURCES.txt'
[3.187s] writing manifest file '../../build/network_chat/network_chat.egg-info/SOURCES.txt'
[3.188s] running build
[3.188s] running build_py
[3.188s] creating /home/sreeram3927/rudra_training/rover-master-gui/ros2_ws/build/network_chat/build
[3.188s] creating /home/sreeram3927/rudra_training/rover-master-gui/ros2_ws/build/network_chat/build/lib
[3.189s] creating /home/sreeram3927/rudra_training/rover-master-gui/ros2_ws/build/network_chat/build/lib/network_chat
[3.189s] copying network_chat/__init__.py -> /home/sreeram3927/rudra_training/rover-master-gui/ros2_ws/build/network_chat/build/lib/network_chat
[3.189s] copying network_chat/send_data.py -> /home/sreeram3927/rudra_training/rover-master-gui/ros2_ws/build/network_chat/build/lib/network_chat
[3.189s] running install
[3.201s] /usr/lib/python3/dist-packages/setuptools/command/install.py:34: SetuptoolsDeprecationWarning: setup.py install is deprecated. Use build and pip and other standards-based tools.
[3.201s]   warnings.warn(
[3.202s] running install_lib
[3.203s] creating /home/sreeram3927/rudra_training/rover-master-gui/ros2_ws/install/network_chat/lib/python3.10/site-packages/network_chat
[3.204s] copying /home/sreeram3927/rudra_training/rover-master-gui/ros2_ws/build/network_chat/build/lib/network_chat/__init__.py -> /home/sreeram3927/rudra_training/rover-master-gui/ros2_ws/install/network_chat/lib/python3.10/site-packages/network_chat
[3.204s] copying /home/sreeram3927/rudra_training/rover-master-gui/ros2_ws/build/network_chat/build/lib/network_chat/send_data.py -> /home/sreeram3927/rudra_training/rover-master-gui/ros2_ws/install/network_chat/lib/python3.10/site-packages/network_chat
[3.205s] byte-compiling /home/sreeram3927/rudra_training/rover-master-gui/ros2_ws/install/network_chat/lib/python3.10/site-packages/network_chat/__init__.py to __init__.cpython-310.pyc
[3.205s] byte-compiling /home/sreeram3927/rudra_training/rover-master-gui/ros2_ws/install/network_chat/lib/python3.10/site-packages/network_chat/send_data.py to send_data.cpython-310.pyc
[3.206s] running install_data
[3.207s] creating /home/sreeram3927/rudra_training/rover-master-gui/ros2_ws/install/network_chat/share/ament_index
[3.208s] creating /home/sreeram3927/rudra_training/rover-master-gui/ros2_ws/install/network_chat/share/ament_index/resource_index
[3.208s] creating /home/sreeram3927/rudra_training/rover-master-gui/ros2_ws/install/network_chat/share/ament_index/resource_index/packages
[3.208s] copying resource/network_chat -> /home/sreeram3927/rudra_training/rover-master-gui/ros2_ws/install/network_chat/share/ament_index/resource_index/packages
[3.208s] copying package.xml -> /home/sreeram3927/rudra_training/rover-master-gui/ros2_ws/install/network_chat/share/network_chat
[3.209s] running install_egg_info
[3.211s] Copying ../../build/network_chat/network_chat.egg-info to /home/sreeram3927/rudra_training/rover-master-gui/ros2_ws/install/network_chat/lib/python3.10/site-packages/network_chat-0.0.0-py3.10.egg-info
[3.213s] running install_scripts
[3.263s] Installing send_data script to /home/sreeram3927/rudra_training/rover-master-gui/ros2_ws/install/network_chat/lib/network_chat
[3.264s] writing list of installed files to '/home/sreeram3927/rudra_training/rover-master-gui/ros2_ws/build/network_chat/install.log'
[3.317s] Invoked command in '/home/sreeram3927/rudra_training/rover-master-gui/ros2_ws/src/network_chat' returned '0': PYTHONPATH=/home/sreeram3927/rudra_training/rover-master-gui/ros2_ws/build/network_chat/prefix_override:/home/sreeram3927/rudra_training/rover-master-gui/ros2_ws/install/network_chat/lib/python3.10/site-packages:${PYTHONPATH} /usr/bin/python3 setup.py egg_info --egg-base ../../build/network_chat build --build-base /home/sreeram3927/rudra_training/rover-master-gui/ros2_ws/build/network_chat/build install --record /home/sreeram3927/rudra_training/rover-master-gui/ros2_ws/build/network_chat/install.log --single-version-externally-managed
