[4.428s] Invoking command in '/home/sreeram3927/rudra_training/rover-master-gui/ros2_ws/src/serial_chat': PYTHONPATH=/home/sreeram3927/rudra_training/rover-master-gui/ros2_ws/build/serial_chat/prefix_override:/home/sreeram3927/rudra_training/rover-master-gui/ros2_ws/install/serial_chat/lib/python3.10/site-packages:${PYTHONPATH} /usr/bin/python3 setup.py egg_info --egg-base ../../build/serial_chat build --build-base /home/sreeram3927/rudra_training/rover-master-gui/ros2_ws/build/serial_chat/build install --record /home/sreeram3927/rudra_training/rover-master-gui/ros2_ws/build/serial_chat/install.log --single-version-externally-managed
[5.701s] running egg_info
[5.705s] writing ../../build/serial_chat/serial_chat.egg-info/PKG-INFO
[5.706s] writing dependency_links to ../../build/serial_chat/serial_chat.egg-info/dependency_links.txt
[5.706s] writing entry points to ../../build/serial_chat/serial_chat.egg-info/entry_points.txt
[5.707s] writing requirements to ../../build/serial_chat/serial_chat.egg-info/requires.txt
[5.708s] writing top-level names to ../../build/serial_chat/serial_chat.egg-info/top_level.txt
[5.716s] reading manifest file '../../build/serial_chat/serial_chat.egg-info/SOURCES.txt'
[5.721s] writing manifest file '../../build/serial_chat/serial_chat.egg-info/SOURCES.txt'
[5.721s] running build
[5.722s] running build_py
[5.723s] running install
[5.771s] /usr/lib/python3/dist-packages/setuptools/command/install.py:34: SetuptoolsDeprecationWarning: setup.py install is deprecated. Use build and pip and other standards-based tools.
[5.771s]   warnings.warn(
[5.773s] running install_lib
[5.779s] running install_data
[5.782s] copying package.xml -> /home/sreeram3927/rudra_training/rover-master-gui/ros2_ws/install/serial_chat/share/serial_chat
[5.783s] running install_egg_info
[5.790s] removing '/home/sreeram3927/rudra_training/rover-master-gui/ros2_ws/install/serial_chat/lib/python3.10/site-packages/serial_chat-0.0.0-py3.10.egg-info' (and everything under it)
[5.792s] Copying ../../build/serial_chat/serial_chat.egg-info to /home/sreeram3927/rudra_training/rover-master-gui/ros2_ws/install/serial_chat/lib/python3.10/site-packages/serial_chat-0.0.0-py3.10.egg-info
[5.797s] running install_scripts
[5.892s] Installing chat_node script to /home/sreeram3927/rudra_training/rover-master-gui/ros2_ws/install/serial_chat/lib/serial_chat
[5.894s] writing list of installed files to '/home/sreeram3927/rudra_training/rover-master-gui/ros2_ws/build/serial_chat/install.log'
[6.005s] Invoked command in '/home/sreeram3927/rudra_training/rover-master-gui/ros2_ws/src/serial_chat' returned '0': PYTHONPATH=/home/sreeram3927/rudra_training/rover-master-gui/ros2_ws/build/serial_chat/prefix_override:/home/sreeram3927/rudra_training/rover-master-gui/ros2_ws/install/serial_chat/lib/python3.10/site-packages:${PYTHONPATH} /usr/bin/python3 setup.py egg_info --egg-base ../../build/serial_chat build --build-base /home/sreeram3927/rudra_training/rover-master-gui/ros2_ws/build/serial_chat/build install --record /home/sreeram3927/rudra_training/rover-master-gui/ros2_ws/build/serial_chat/install.log --single-version-externally-managed
