running egg_info
creating ../build/rover_master/rover_master.egg-info
writing ../build/rover_master/rover_master.egg-info/PKG-INFO
writing dependency_links to ../build/rover_master/rover_master.egg-info/dependency_links.txt
writing entry points to ../build/rover_master/rover_master.egg-info/entry_points.txt
writing requirements to ../build/rover_master/rover_master.egg-info/requires.txt
writing top-level names to ../build/rover_master/rover_master.egg-info/top_level.txt
writing manifest file '../build/rover_master/rover_master.egg-info/SOURCES.txt'
reading manifest file '../build/rover_master/rover_master.egg-info/SOURCES.txt'
writing manifest file '../build/rover_master/rover_master.egg-info/SOURCES.txt'
running build
running build_py
creating /home/arpan/rudra_tasks/ros-master/src/build/rover_master/build
creating /home/arpan/rudra_tasks/ros-master/src/build/rover_master/build/lib
creating /home/arpan/rudra_tasks/ros-master/src/build/rover_master/build/lib/rover_master
copying rover_master/__init__.py -> /home/arpan/rudra_tasks/ros-master/src/build/rover_master/build/lib/rover_master
running install
running install_lib
creating /home/arpan/rudra_tasks/ros-master/src/install/rover_master/lib/python3.10/site-packages/rover_master
copying /home/arpan/rudra_tasks/ros-master/src/build/rover_master/build/lib/rover_master/__init__.py -> /home/arpan/rudra_tasks/ros-master/src/install/rover_master/lib/python3.10/site-packages/rover_master
byte-compiling /home/arpan/rudra_tasks/ros-master/src/install/rover_master/lib/python3.10/site-packages/rover_master/__init__.py to __init__.cpython-310.pyc
running install_data
creating /home/arpan/rudra_tasks/ros-master/src/install/rover_master/share/ament_index
creating /home/arpan/rudra_tasks/ros-master/src/install/rover_master/share/ament_index/resource_index
creating /home/arpan/rudra_tasks/ros-master/src/install/rover_master/share/ament_index/resource_index/packages
copying resource/rover_master -> /home/arpan/rudra_tasks/ros-master/src/install/rover_master/share/ament_index/resource_index/packages
copying package.xml -> /home/arpan/rudra_tasks/ros-master/src/install/rover_master/share/rover_master
running install_egg_info
Copying ../build/rover_master/rover_master.egg-info to /home/arpan/rudra_tasks/ros-master/src/install/rover_master/lib/python3.10/site-packages/rover_master-0.0.0-py3.10.egg-info
running install_scripts
writing list of installed files to '/home/arpan/rudra_tasks/ros-master/src/build/rover_master/install.log'
