[0.476s] Invoking command in '/home/arpan/rudra_tasks/ros-master/src/rover_master': PYTHONPATH=/home/arpan/rudra_tasks/ros-master/src/build/rover_master/prefix_override:/home/arpan/rudra_tasks/ros-master/src/install/rover_master/lib/python3.10/site-packages:${PYTHONPATH} /usr/bin/python3 setup.py egg_info --egg-base ../build/rover_master build --build-base /home/arpan/rudra_tasks/ros-master/src/build/rover_master/build install --record /home/arpan/rudra_tasks/ros-master/src/build/rover_master/install.log --single-version-externally-managed
[0.658s] running egg_info
[0.658s] creating ../build/rover_master/rover_master.egg-info
[0.658s] writing ../build/rover_master/rover_master.egg-info/PKG-INFO
[0.658s] writing dependency_links to ../build/rover_master/rover_master.egg-info/dependency_links.txt
[0.658s] writing entry points to ../build/rover_master/rover_master.egg-info/entry_points.txt
[0.658s] writing requirements to ../build/rover_master/rover_master.egg-info/requires.txt
[0.659s] writing top-level names to ../build/rover_master/rover_master.egg-info/top_level.txt
[0.659s] writing manifest file '../build/rover_master/rover_master.egg-info/SOURCES.txt'
[0.659s] reading manifest file '../build/rover_master/rover_master.egg-info/SOURCES.txt'
[0.660s] writing manifest file '../build/rover_master/rover_master.egg-info/SOURCES.txt'
[0.660s] running build
[0.660s] running build_py
[0.660s] creating /home/arpan/rudra_tasks/ros-master/src/build/rover_master/build
[0.660s] creating /home/arpan/rudra_tasks/ros-master/src/build/rover_master/build/lib
[0.660s] creating /home/arpan/rudra_tasks/ros-master/src/build/rover_master/build/lib/rover_master
[0.661s] copying rover_master/__init__.py -> /home/arpan/rudra_tasks/ros-master/src/build/rover_master/build/lib/rover_master
[0.661s] running install
[0.661s] running install_lib
[0.661s] creating /home/arpan/rudra_tasks/ros-master/src/install/rover_master/lib/python3.10/site-packages/rover_master
[0.661s] copying /home/arpan/rudra_tasks/ros-master/src/build/rover_master/build/lib/rover_master/__init__.py -> /home/arpan/rudra_tasks/ros-master/src/install/rover_master/lib/python3.10/site-packages/rover_master
[0.661s] byte-compiling /home/arpan/rudra_tasks/ros-master/src/install/rover_master/lib/python3.10/site-packages/rover_master/__init__.py to __init__.cpython-310.pyc
[0.661s] running install_data
[0.662s] creating /home/arpan/rudra_tasks/ros-master/src/install/rover_master/share/ament_index
[0.662s] creating /home/arpan/rudra_tasks/ros-master/src/install/rover_master/share/ament_index/resource_index
[0.662s] creating /home/arpan/rudra_tasks/ros-master/src/install/rover_master/share/ament_index/resource_index/packages
[0.662s] copying resource/rover_master -> /home/arpan/rudra_tasks/ros-master/src/install/rover_master/share/ament_index/resource_index/packages
[0.662s] copying package.xml -> /home/arpan/rudra_tasks/ros-master/src/install/rover_master/share/rover_master
[0.662s] running install_egg_info
[0.663s] Copying ../build/rover_master/rover_master.egg-info to /home/arpan/rudra_tasks/ros-master/src/install/rover_master/lib/python3.10/site-packages/rover_master-0.0.0-py3.10.egg-info
[0.663s] running install_scripts
[0.676s] writing list of installed files to '/home/arpan/rudra_tasks/ros-master/src/build/rover_master/install.log'
[0.693s] Invoked command in '/home/arpan/rudra_tasks/ros-master/src/rover_master' returned '0': PYTHONPATH=/home/arpan/rudra_tasks/ros-master/src/build/rover_master/prefix_override:/home/arpan/rudra_tasks/ros-master/src/install/rover_master/lib/python3.10/site-packages:${PYTHONPATH} /usr/bin/python3 setup.py egg_info --egg-base ../build/rover_master build --build-base /home/arpan/rudra_tasks/ros-master/src/build/rover_master/build install --record /home/arpan/rudra_tasks/ros-master/src/build/rover_master/install.log --single-version-externally-managed
