[0.585s] DEBUG:colcon:Command line arguments: ['/usr/bin/colcon', 'build']
[0.586s] DEBUG:colcon:Parsed command line arguments: Namespace(log_base=None, log_level=None, verb_name='build', build_base='build', install_base='install', merge_install=False, symlink_install=False, test_result_base=None, continue_on_error=False, executor='parallel', parallel_workers=4, event_handlers=None, ignore_user_meta=False, metas=['./colcon.meta'], base_paths=['.'], packages_ignore=None, packages_ignore_regex=None, paths=None, packages_up_to=None, packages_up_to_regex=None, packages_above=None, packages_above_and_dependencies=None, packages_above_depth=None, packages_select_by_dep=None, packages_skip_by_dep=None, packages_skip_up_to=None, packages_select_build_failed=False, packages_skip_build_finished=False, packages_select_test_failures=False, packages_skip_test_passed=False, packages_select=None, packages_skip=None, packages_select_regex=None, packages_skip_regex=None, packages_start=None, packages_end=None, allow_overriding=[], cmake_args=None, cmake_target=None, cmake_target_skip_unavailable=False, cmake_clean_cache=False, cmake_clean_first=False, cmake_force_configure=False, ament_cmake_args=None, catkin_cmake_args=None, catkin_skip_building_tests=False, verb_parser=<colcon_defaults.argument_parser.defaults.DefaultArgumentsDecorator object at 0x7f97341bc6a0>, verb_extension=<colcon_core.verb.build.BuildVerb object at 0x7f97349e2800>, main=<bound method BuildVerb.main of <colcon_core.verb.build.BuildVerb object at 0x7f97349e2800>>)
[0.641s] Level 1:colcon.colcon_core.package_discovery:discover_packages(colcon_meta) check parameters
[0.642s] Level 1:colcon.colcon_core.package_discovery:discover_packages(recursive) check parameters
[0.642s] Level 1:colcon.colcon_core.package_discovery:discover_packages(ignore) check parameters
[0.642s] Level 1:colcon.colcon_core.package_discovery:discover_packages(path) check parameters
[0.642s] Level 1:colcon.colcon_core.package_discovery:discover_packages(colcon_meta) discover
[0.642s] Level 1:colcon.colcon_core.package_discovery:discover_packages(recursive) discover
[0.642s] INFO:colcon.colcon_core.package_discovery:Crawling recursively for packages in '/home/sreeram3927/rudra_training/rover-master-gui/ros2_ws'
[0.642s] Level 1:colcon.colcon_core.package_identification:_identify(.) by extensions ['ignore', 'ignore_ament_install']
[0.642s] Level 1:colcon.colcon_core.package_identification:_identify(.) by extension 'ignore'
[0.642s] Level 1:colcon.colcon_core.package_identification:_identify(.) by extension 'ignore_ament_install'
[0.643s] Level 1:colcon.colcon_core.package_identification:_identify(.) by extensions ['colcon_pkg']
[0.643s] Level 1:colcon.colcon_core.package_identification:_identify(.) by extension 'colcon_pkg'
[0.643s] Level 1:colcon.colcon_core.package_identification:_identify(.) by extensions ['colcon_meta']
[0.643s] Level 1:colcon.colcon_core.package_identification:_identify(.) by extension 'colcon_meta'
[0.643s] Level 1:colcon.colcon_core.package_identification:_identify(.) by extensions ['ros']
[0.643s] Level 1:colcon.colcon_core.package_identification:_identify(.) by extension 'ros'
[0.664s] Level 1:colcon.colcon_core.package_identification:_identify(.) by extensions ['cmake', 'python']
[0.664s] Level 1:colcon.colcon_core.package_identification:_identify(.) by extension 'cmake'
[0.665s] Level 1:colcon.colcon_core.package_identification:_identify(.) by extension 'python'
[0.665s] Level 1:colcon.colcon_core.package_identification:_identify(.) by extensions ['python_setup_py']
[0.665s] Level 1:colcon.colcon_core.package_identification:_identify(.) by extension 'python_setup_py'
[0.665s] Level 1:colcon.colcon_core.package_identification:_identify(build) by extensions ['ignore', 'ignore_ament_install']
[0.665s] Level 1:colcon.colcon_core.package_identification:_identify(build) by extension 'ignore'
[0.665s] Level 1:colcon.colcon_core.package_identification:_identify(build) ignored
[0.666s] Level 1:colcon.colcon_core.package_identification:_identify(install) by extensions ['ignore', 'ignore_ament_install']
[0.666s] Level 1:colcon.colcon_core.package_identification:_identify(install) by extension 'ignore'
[0.666s] Level 1:colcon.colcon_core.package_identification:_identify(install) ignored
[0.666s] Level 1:colcon.colcon_core.package_identification:_identify(log) by extensions ['ignore', 'ignore_ament_install']
[0.666s] Level 1:colcon.colcon_core.package_identification:_identify(log) by extension 'ignore'
[0.666s] Level 1:colcon.colcon_core.package_identification:_identify(log) ignored
[0.666s] Level 1:colcon.colcon_core.package_identification:_identify(src) by extensions ['ignore', 'ignore_ament_install']
[0.667s] Level 1:colcon.colcon_core.package_identification:_identify(src) by extension 'ignore'
[0.667s] Level 1:colcon.colcon_core.package_identification:_identify(src) by extension 'ignore_ament_install'
[0.667s] Level 1:colcon.colcon_core.package_identification:_identify(src) by extensions ['colcon_pkg']
[0.667s] Level 1:colcon.colcon_core.package_identification:_identify(src) by extension 'colcon_pkg'
[0.667s] Level 1:colcon.colcon_core.package_identification:_identify(src) by extensions ['colcon_meta']
[0.667s] Level 1:colcon.colcon_core.package_identification:_identify(src) by extension 'colcon_meta'
[0.667s] Level 1:colcon.colcon_core.package_identification:_identify(src) by extensions ['ros']
[0.667s] Level 1:colcon.colcon_core.package_identification:_identify(src) by extension 'ros'
[0.667s] Level 1:colcon.colcon_core.package_identification:_identify(src) by extensions ['cmake', 'python']
[0.667s] Level 1:colcon.colcon_core.package_identification:_identify(src) by extension 'cmake'
[0.668s] Level 1:colcon.colcon_core.package_identification:_identify(src) by extension 'python'
[0.668s] Level 1:colcon.colcon_core.package_identification:_identify(src) by extensions ['python_setup_py']
[0.668s] Level 1:colcon.colcon_core.package_identification:_identify(src) by extension 'python_setup_py'
[0.668s] Level 1:colcon.colcon_core.package_identification:_identify(src/network_chat) by extensions ['ignore', 'ignore_ament_install']
[0.668s] Level 1:colcon.colcon_core.package_identification:_identify(src/network_chat) by extension 'ignore'
[0.668s] Level 1:colcon.colcon_core.package_identification:_identify(src/network_chat) by extension 'ignore_ament_install'
[0.668s] Level 1:colcon.colcon_core.package_identification:_identify(src/network_chat) by extensions ['colcon_pkg']
[0.668s] Level 1:colcon.colcon_core.package_identification:_identify(src/network_chat) by extension 'colcon_pkg'
[0.669s] Level 1:colcon.colcon_core.package_identification:_identify(src/network_chat) by extensions ['colcon_meta']
[0.669s] Level 1:colcon.colcon_core.package_identification:_identify(src/network_chat) by extension 'colcon_meta'
[0.669s] Level 1:colcon.colcon_core.package_identification:_identify(src/network_chat) by extensions ['ros']
[0.669s] Level 1:colcon.colcon_core.package_identification:_identify(src/network_chat) by extension 'ros'
[0.674s] DEBUG:colcon.colcon_core.package_identification:Package 'src/network_chat' with type 'ros.ament_python' and name 'network_chat'
[0.674s] Level 1:colcon.colcon_core.package_identification:_identify(src/serial_chat) by extensions ['ignore', 'ignore_ament_install']
[0.674s] Level 1:colcon.colcon_core.package_identification:_identify(src/serial_chat) by extension 'ignore'
[0.674s] Level 1:colcon.colcon_core.package_identification:_identify(src/serial_chat) by extension 'ignore_ament_install'
[0.674s] Level 1:colcon.colcon_core.package_identification:_identify(src/serial_chat) by extensions ['colcon_pkg']
[0.675s] Level 1:colcon.colcon_core.package_identification:_identify(src/serial_chat) by extension 'colcon_pkg'
[0.675s] Level 1:colcon.colcon_core.package_identification:_identify(src/serial_chat) by extensions ['colcon_meta']
[0.675s] Level 1:colcon.colcon_core.package_identification:_identify(src/serial_chat) by extension 'colcon_meta'
[0.675s] Level 1:colcon.colcon_core.package_identification:_identify(src/serial_chat) by extensions ['ros']
[0.675s] Level 1:colcon.colcon_core.package_identification:_identify(src/serial_chat) by extension 'ros'
[0.677s] DEBUG:colcon.colcon_core.package_identification:Package 'src/serial_chat' with type 'ros.ament_python' and name 'serial_chat'
[0.677s] Level 1:colcon.colcon_core.package_identification:_identify(src/slave) by extensions ['ignore', 'ignore_ament_install']
[0.677s] Level 1:colcon.colcon_core.package_identification:_identify(src/slave) by extension 'ignore'
[0.677s] Level 1:colcon.colcon_core.package_identification:_identify(src/slave) by extension 'ignore_ament_install'
[0.677s] Level 1:colcon.colcon_core.package_identification:_identify(src/slave) by extensions ['colcon_pkg']
[0.678s] Level 1:colcon.colcon_core.package_identification:_identify(src/slave) by extension 'colcon_pkg'
[0.678s] Level 1:colcon.colcon_core.package_identification:_identify(src/slave) by extensions ['colcon_meta']
[0.678s] Level 1:colcon.colcon_core.package_identification:_identify(src/slave) by extension 'colcon_meta'
[0.678s] Level 1:colcon.colcon_core.package_identification:_identify(src/slave) by extensions ['ros']
[0.678s] Level 1:colcon.colcon_core.package_identification:_identify(src/slave) by extension 'ros'
[0.679s] DEBUG:colcon.colcon_core.package_identification:Package 'src/slave' with type 'ros.ament_python' and name 'slave'
[0.680s] Level 1:colcon.colcon_core.package_discovery:discover_packages(recursive) using defaults
[0.680s] Level 1:colcon.colcon_core.package_discovery:discover_packages(ignore) discover
[0.680s] Level 1:colcon.colcon_core.package_discovery:discover_packages(ignore) using defaults
[0.680s] Level 1:colcon.colcon_core.package_discovery:discover_packages(path) discover
[0.680s] Level 1:colcon.colcon_core.package_discovery:discover_packages(path) using defaults
[0.726s] Level 1:colcon.colcon_core.package_discovery:discover_packages(prefix_path) check parameters
[0.726s] Level 1:colcon.colcon_core.package_discovery:discover_packages(prefix_path) discover
[0.733s] DEBUG:colcon.colcon_installed_package_information.package_discovery:Found 270 installed packages in /opt/ros/humble
[0.735s] Level 1:colcon.colcon_core.package_discovery:discover_packages(prefix_path) using defaults
[0.867s] Level 5:colcon.colcon_core.verb:set package 'network_chat' build argument 'cmake_args' from command line to 'None'
[0.867s] Level 5:colcon.colcon_core.verb:set package 'network_chat' build argument 'cmake_target' from command line to 'None'
[0.867s] Level 5:colcon.colcon_core.verb:set package 'network_chat' build argument 'cmake_target_skip_unavailable' from command line to 'False'
[0.867s] Level 5:colcon.colcon_core.verb:set package 'network_chat' build argument 'cmake_clean_cache' from command line to 'False'
[0.867s] Level 5:colcon.colcon_core.verb:set package 'network_chat' build argument 'cmake_clean_first' from command line to 'False'
[0.867s] Level 5:colcon.colcon_core.verb:set package 'network_chat' build argument 'cmake_force_configure' from command line to 'False'
[0.867s] Level 5:colcon.colcon_core.verb:set package 'network_chat' build argument 'ament_cmake_args' from command line to 'None'
[0.867s] Level 5:colcon.colcon_core.verb:set package 'network_chat' build argument 'catkin_cmake_args' from command line to 'None'
[0.867s] Level 5:colcon.colcon_core.verb:set package 'network_chat' build argument 'catkin_skip_building_tests' from command line to 'False'
[0.867s] DEBUG:colcon.colcon_core.verb:Building package 'network_chat' with the following arguments: {'ament_cmake_args': None, 'build_base': '/home/sreeram3927/rudra_training/rover-master-gui/ros2_ws/build/network_chat', 'catkin_cmake_args': None, 'catkin_skip_building_tests': False, 'cmake_args': None, 'cmake_clean_cache': False, 'cmake_clean_first': False, 'cmake_force_configure': False, 'cmake_target': None, 'cmake_target_skip_unavailable': False, 'install_base': '/home/sreeram3927/rudra_training/rover-master-gui/ros2_ws/install/network_chat', 'merge_install': False, 'path': '/home/sreeram3927/rudra_training/rover-master-gui/ros2_ws/src/network_chat', 'symlink_install': False, 'test_result_base': None}
[0.870s] Level 5:colcon.colcon_core.verb:set package 'serial_chat' build argument 'cmake_args' from command line to 'None'
[0.870s] Level 5:colcon.colcon_core.verb:set package 'serial_chat' build argument 'cmake_target' from command line to 'None'
[0.870s] Level 5:colcon.colcon_core.verb:set package 'serial_chat' build argument 'cmake_target_skip_unavailable' from command line to 'False'
[0.870s] Level 5:colcon.colcon_core.verb:set package 'serial_chat' build argument 'cmake_clean_cache' from command line to 'False'
[0.870s] Level 5:colcon.colcon_core.verb:set package 'serial_chat' build argument 'cmake_clean_first' from command line to 'False'
[0.870s] Level 5:colcon.colcon_core.verb:set package 'serial_chat' build argument 'cmake_force_configure' from command line to 'False'
[0.870s] Level 5:colcon.colcon_core.verb:set package 'serial_chat' build argument 'ament_cmake_args' from command line to 'None'
[0.870s] Level 5:colcon.colcon_core.verb:set package 'serial_chat' build argument 'catkin_cmake_args' from command line to 'None'
[0.870s] Level 5:colcon.colcon_core.verb:set package 'serial_chat' build argument 'catkin_skip_building_tests' from command line to 'False'
[0.870s] DEBUG:colcon.colcon_core.verb:Building package 'serial_chat' with the following arguments: {'ament_cmake_args': None, 'build_base': '/home/sreeram3927/rudra_training/rover-master-gui/ros2_ws/build/serial_chat', 'catkin_cmake_args': None, 'catkin_skip_building_tests': False, 'cmake_args': None, 'cmake_clean_cache': False, 'cmake_clean_first': False, 'cmake_force_configure': False, 'cmake_target': None, 'cmake_target_skip_unavailable': False, 'install_base': '/home/sreeram3927/rudra_training/rover-master-gui/ros2_ws/install/serial_chat', 'merge_install': False, 'path': '/home/sreeram3927/rudra_training/rover-master-gui/ros2_ws/src/serial_chat', 'symlink_install': False, 'test_result_base': None}
[0.872s] Level 5:colcon.colcon_core.verb:set package 'slave' build argument 'cmake_args' from command line to 'None'
[0.872s] Level 5:colcon.colcon_core.verb:set package 'slave' build argument 'cmake_target' from command line to 'None'
[0.872s] Level 5:colcon.colcon_core.verb:set package 'slave' build argument 'cmake_target_skip_unavailable' from command line to 'False'
[0.872s] Level 5:colcon.colcon_core.verb:set package 'slave' build argument 'cmake_clean_cache' from command line to 'False'
[0.872s] Level 5:colcon.colcon_core.verb:set package 'slave' build argument 'cmake_clean_first' from command line to 'False'
[0.872s] Level 5:colcon.colcon_core.verb:set package 'slave' build argument 'cmake_force_configure' from command line to 'False'
[0.872s] Level 5:colcon.colcon_core.verb:set package 'slave' build argument 'ament_cmake_args' from command line to 'None'
[0.872s] Level 5:colcon.colcon_core.verb:set package 'slave' build argument 'catkin_cmake_args' from command line to 'None'
[0.872s] Level 5:colcon.colcon_core.verb:set package 'slave' build argument 'catkin_skip_building_tests' from command line to 'False'
[0.873s] DEBUG:colcon.colcon_core.verb:Building package 'slave' with the following arguments: {'ament_cmake_args': None, 'build_base': '/home/sreeram3927/rudra_training/rover-master-gui/ros2_ws/build/slave', 'catkin_cmake_args': None, 'catkin_skip_building_tests': False, 'cmake_args': None, 'cmake_clean_cache': False, 'cmake_clean_first': False, 'cmake_force_configure': False, 'cmake_target': None, 'cmake_target_skip_unavailable': False, 'install_base': '/home/sreeram3927/rudra_training/rover-master-gui/ros2_ws/install/slave', 'merge_install': False, 'path': '/home/sreeram3927/rudra_training/rover-master-gui/ros2_ws/src/slave', 'symlink_install': False, 'test_result_base': None}
[0.874s] INFO:colcon.colcon_core.executor:Executing jobs using 'parallel' executor
[0.880s] DEBUG:colcon.colcon_parallel_executor.executor.parallel:run_until_complete
[0.881s] INFO:colcon.colcon_ros.task.ament_python.build:Building ROS package in '/home/sreeram3927/rudra_training/rover-master-gui/ros2_ws/src/network_chat' with build type 'ament_python'
[0.882s] Level 1:colcon.colcon_core.shell:create_environment_hook('network_chat', 'ament_prefix_path')
[0.897s] INFO:colcon.colcon_core.plugin_system:Skipping extension 'colcon_core.shell.bat': Not used on non-Windows systems
[0.898s] INFO:colcon.colcon_core.shell:Creating environment hook '/home/sreeram3927/rudra_training/rover-master-gui/ros2_ws/install/network_chat/share/network_chat/hook/ament_prefix_path.ps1'
[0.900s] INFO:colcon.colcon_core.shell:Creating environment descriptor '/home/sreeram3927/rudra_training/rover-master-gui/ros2_ws/install/network_chat/share/network_chat/hook/ament_prefix_path.dsv'
[0.901s] INFO:colcon.colcon_core.shell:Creating environment hook '/home/sreeram3927/rudra_training/rover-master-gui/ros2_ws/install/network_chat/share/network_chat/hook/ament_prefix_path.sh'
[0.907s] INFO:colcon.colcon_core.shell:Skip shell extension 'powershell' for command environment: Not usable outside of PowerShell
[0.907s] DEBUG:colcon.colcon_core.shell:Skip shell extension 'dsv' for command environment
[0.919s] INFO:colcon.colcon_ros.task.ament_python.build:Building ROS package in '/home/sreeram3927/rudra_training/rover-master-gui/ros2_ws/src/serial_chat' with build type 'ament_python'
[0.919s] Level 1:colcon.colcon_core.shell:create_environment_hook('serial_chat', 'ament_prefix_path')
[0.924s] INFO:colcon.colcon_core.shell:Creating environment hook '/home/sreeram3927/rudra_training/rover-master-gui/ros2_ws/install/serial_chat/share/serial_chat/hook/ament_prefix_path.ps1'
[0.951s] INFO:colcon.colcon_core.shell:Creating environment descriptor '/home/sreeram3927/rudra_training/rover-master-gui/ros2_ws/install/serial_chat/share/serial_chat/hook/ament_prefix_path.dsv'
[0.952s] INFO:colcon.colcon_core.shell:Creating environment hook '/home/sreeram3927/rudra_training/rover-master-gui/ros2_ws/install/serial_chat/share/serial_chat/hook/ament_prefix_path.sh'
[0.957s] INFO:colcon.colcon_core.shell:Skip shell extension 'powershell' for command environment: Not usable outside of PowerShell
[0.957s] DEBUG:colcon.colcon_core.shell:Skip shell extension 'dsv' for command environment
[0.971s] INFO:colcon.colcon_ros.task.ament_python.build:Building ROS package in '/home/sreeram3927/rudra_training/rover-master-gui/ros2_ws/src/slave' with build type 'ament_python'
[0.972s] Level 1:colcon.colcon_core.shell:create_environment_hook('slave', 'ament_prefix_path')
[0.980s] INFO:colcon.colcon_core.shell:Creating environment hook '/home/sreeram3927/rudra_training/rover-master-gui/ros2_ws/install/slave/share/slave/hook/ament_prefix_path.ps1'
[0.981s] INFO:colcon.colcon_core.shell:Creating environment descriptor '/home/sreeram3927/rudra_training/rover-master-gui/ros2_ws/install/slave/share/slave/hook/ament_prefix_path.dsv'
[0.983s] INFO:colcon.colcon_core.shell:Creating environment hook '/home/sreeram3927/rudra_training/rover-master-gui/ros2_ws/install/slave/share/slave/hook/ament_prefix_path.sh'
[0.989s] INFO:colcon.colcon_core.shell:Skip shell extension 'powershell' for command environment: Not usable outside of PowerShell
[0.990s] DEBUG:colcon.colcon_core.shell:Skip shell extension 'dsv' for command environment
[1.596s] INFO:colcon.colcon_core.task.python.build:Building Python package in '/home/sreeram3927/rudra_training/rover-master-gui/ros2_ws/src/network_chat'
[1.600s] INFO:colcon.colcon_core.shell:Skip shell extension 'powershell' for command environment: Not usable outside of PowerShell
[1.600s] DEBUG:colcon.colcon_core.shell:Skip shell extension 'dsv' for command environment
[2.133s] INFO:colcon.colcon_core.task.python.build:Building Python package in '/home/sreeram3927/rudra_training/rover-master-gui/ros2_ws/src/serial_chat'
[2.136s] INFO:colcon.colcon_core.shell:Skip shell extension 'powershell' for command environment: Not usable outside of PowerShell
[2.136s] DEBUG:colcon.colcon_core.shell:Skip shell extension 'dsv' for command environment
[2.672s] INFO:colcon.colcon_core.task.python.build:Building Python package in '/home/sreeram3927/rudra_training/rover-master-gui/ros2_ws/src/slave'
[2.675s] INFO:colcon.colcon_core.shell:Skip shell extension 'powershell' for command environment: Not usable outside of PowerShell
[2.675s] DEBUG:colcon.colcon_core.shell:Skip shell extension 'dsv' for command environment
[3.639s] DEBUG:colcon.colcon_core.event_handler.log_command:Invoking command in '/home/sreeram3927/rudra_training/rover-master-gui/ros2_ws/src/network_chat': PYTHONPATH=/home/sreeram3927/rudra_training/rover-master-gui/ros2_ws/build/network_chat/prefix_override:/home/sreeram3927/rudra_training/rover-master-gui/ros2_ws/install/network_chat/lib/python3.10/site-packages:${PYTHONPATH} /usr/bin/python3 setup.py egg_info --egg-base ../../build/network_chat build --build-base /home/sreeram3927/rudra_training/rover-master-gui/ros2_ws/build/network_chat/build install --record /home/sreeram3927/rudra_training/rover-master-gui/ros2_ws/build/network_chat/install.log --single-version-externally-managed
[3.787s] DEBUG:colcon.colcon_core.event_handler.log_command:Invoking command in '/home/sreeram3927/rudra_training/rover-master-gui/ros2_ws/src/serial_chat': PYTHONPATH=/home/sreeram3927/rudra_training/rover-master-gui/ros2_ws/build/serial_chat/prefix_override:/home/sreeram3927/rudra_training/rover-master-gui/ros2_ws/install/serial_chat/lib/python3.10/site-packages:${PYTHONPATH} /usr/bin/python3 setup.py egg_info --egg-base ../../build/serial_chat build --build-base /home/sreeram3927/rudra_training/rover-master-gui/ros2_ws/build/serial_chat/build install --record /home/sreeram3927/rudra_training/rover-master-gui/ros2_ws/build/serial_chat/install.log --single-version-externally-managed
[3.799s] DEBUG:colcon.colcon_core.event_handler.log_command:Invoking command in '/home/sreeram3927/rudra_training/rover-master-gui/ros2_ws/src/slave': PYTHONPATH=/home/sreeram3927/rudra_training/rover-master-gui/ros2_ws/build/slave/prefix_override:/home/sreeram3927/rudra_training/rover-master-gui/ros2_ws/install/slave/lib/python3.10/site-packages:${PYTHONPATH} /usr/bin/python3 setup.py egg_info --egg-base ../../build/slave build --build-base /home/sreeram3927/rudra_training/rover-master-gui/ros2_ws/build/slave/build install --record /home/sreeram3927/rudra_training/rover-master-gui/ros2_ws/build/slave/install.log --single-version-externally-managed
[4.563s] DEBUG:colcon.colcon_core.event_handler.log_command:Invoked command in '/home/sreeram3927/rudra_training/rover-master-gui/ros2_ws/src/serial_chat' returned '0': PYTHONPATH=/home/sreeram3927/rudra_training/rover-master-gui/ros2_ws/build/serial_chat/prefix_override:/home/sreeram3927/rudra_training/rover-master-gui/ros2_ws/install/serial_chat/lib/python3.10/site-packages:${PYTHONPATH} /usr/bin/python3 setup.py egg_info --egg-base ../../build/serial_chat build --build-base /home/sreeram3927/rudra_training/rover-master-gui/ros2_ws/build/serial_chat/build install --record /home/sreeram3927/rudra_training/rover-master-gui/ros2_ws/build/serial_chat/install.log --single-version-externally-managed
[4.571s] Level 1:colcon.colcon_core.environment:checking '/home/sreeram3927/rudra_training/rover-master-gui/ros2_ws/install/serial_chat' for CMake module files
[4.573s] Level 1:colcon.colcon_core.environment:checking '/home/sreeram3927/rudra_training/rover-master-gui/ros2_ws/install/serial_chat' for CMake config files
[4.574s] Level 1:colcon.colcon_core.environment:checking '/home/sreeram3927/rudra_training/rover-master-gui/ros2_ws/install/serial_chat/lib'
[4.575s] Level 1:colcon.colcon_core.environment:checking '/home/sreeram3927/rudra_training/rover-master-gui/ros2_ws/install/serial_chat/bin'
[4.575s] Level 1:colcon.colcon_core.environment:checking '/home/sreeram3927/rudra_training/rover-master-gui/ros2_ws/install/serial_chat/lib/pkgconfig/serial_chat.pc'
[4.575s] Level 1:colcon.colcon_core.environment:checking '/home/sreeram3927/rudra_training/rover-master-gui/ros2_ws/install/serial_chat/lib/python3.10/site-packages'
[4.576s] Level 1:colcon.colcon_core.shell:create_environment_hook('serial_chat', 'pythonpath')
[4.578s] INFO:colcon.colcon_core.shell:Creating environment hook '/home/sreeram3927/rudra_training/rover-master-gui/ros2_ws/install/serial_chat/share/serial_chat/hook/pythonpath.ps1'
[4.579s] INFO:colcon.colcon_core.shell:Creating environment descriptor '/home/sreeram3927/rudra_training/rover-master-gui/ros2_ws/install/serial_chat/share/serial_chat/hook/pythonpath.dsv'
[4.580s] INFO:colcon.colcon_core.shell:Creating environment hook '/home/sreeram3927/rudra_training/rover-master-gui/ros2_ws/install/serial_chat/share/serial_chat/hook/pythonpath.sh'
[4.581s] Level 1:colcon.colcon_core.environment:checking '/home/sreeram3927/rudra_training/rover-master-gui/ros2_ws/install/serial_chat/bin'
[4.581s] Level 1:colcon.colcon_core.environment:create_environment_scripts_only(serial_chat)
[4.584s] INFO:colcon.colcon_core.shell:Creating package script '/home/sreeram3927/rudra_training/rover-master-gui/ros2_ws/install/serial_chat/share/serial_chat/package.ps1'
[4.586s] INFO:colcon.colcon_core.shell:Creating package descriptor '/home/sreeram3927/rudra_training/rover-master-gui/ros2_ws/install/serial_chat/share/serial_chat/package.dsv'
[4.587s] INFO:colcon.colcon_core.shell:Creating package script '/home/sreeram3927/rudra_training/rover-master-gui/ros2_ws/install/serial_chat/share/serial_chat/package.sh'
[4.590s] INFO:colcon.colcon_core.shell:Creating package script '/home/sreeram3927/rudra_training/rover-master-gui/ros2_ws/install/serial_chat/share/serial_chat/package.bash'
[4.594s] INFO:colcon.colcon_core.shell:Creating package script '/home/sreeram3927/rudra_training/rover-master-gui/ros2_ws/install/serial_chat/share/serial_chat/package.zsh'
[4.596s] Level 1:colcon.colcon_core.environment:create_file_with_runtime_dependencies(/home/sreeram3927/rudra_training/rover-master-gui/ros2_ws/install/serial_chat/share/colcon-core/packages/serial_chat)
[4.602s] Level 1:colcon.colcon_core.environment:checking '/home/sreeram3927/rudra_training/rover-master-gui/ros2_ws/install/network_chat' for CMake module files
[4.606s] DEBUG:colcon.colcon_core.event_handler.log_command:Invoked command in '/home/sreeram3927/rudra_training/rover-master-gui/ros2_ws/src/network_chat' returned '0': PYTHONPATH=/home/sreeram3927/rudra_training/rover-master-gui/ros2_ws/build/network_chat/prefix_override:/home/sreeram3927/rudra_training/rover-master-gui/ros2_ws/install/network_chat/lib/python3.10/site-packages:${PYTHONPATH} /usr/bin/python3 setup.py egg_info --egg-base ../../build/network_chat build --build-base /home/sreeram3927/rudra_training/rover-master-gui/ros2_ws/build/network_chat/build install --record /home/sreeram3927/rudra_training/rover-master-gui/ros2_ws/build/network_chat/install.log --single-version-externally-managed
[4.608s] Level 1:colcon.colcon_core.environment:checking '/home/sreeram3927/rudra_training/rover-master-gui/ros2_ws/install/network_chat' for CMake config files
[4.616s] Level 1:colcon.colcon_core.environment:checking '/home/sreeram3927/rudra_training/rover-master-gui/ros2_ws/install/network_chat/lib'
[4.616s] Level 1:colcon.colcon_core.environment:checking '/home/sreeram3927/rudra_training/rover-master-gui/ros2_ws/install/network_chat/bin'
[4.616s] Level 1:colcon.colcon_core.environment:checking '/home/sreeram3927/rudra_training/rover-master-gui/ros2_ws/install/network_chat/lib/pkgconfig/network_chat.pc'
[4.617s] Level 1:colcon.colcon_core.environment:checking '/home/sreeram3927/rudra_training/rover-master-gui/ros2_ws/install/network_chat/lib/python3.10/site-packages'
[4.618s] Level 1:colcon.colcon_core.shell:create_environment_hook('network_chat', 'pythonpath')
[4.623s] INFO:colcon.colcon_core.shell:Creating environment hook '/home/sreeram3927/rudra_training/rover-master-gui/ros2_ws/install/network_chat/share/network_chat/hook/pythonpath.ps1'
[4.627s] INFO:colcon.colcon_core.shell:Creating environment descriptor '/home/sreeram3927/rudra_training/rover-master-gui/ros2_ws/install/network_chat/share/network_chat/hook/pythonpath.dsv'
[4.629s] INFO:colcon.colcon_core.shell:Creating environment hook '/home/sreeram3927/rudra_training/rover-master-gui/ros2_ws/install/network_chat/share/network_chat/hook/pythonpath.sh'
[4.631s] Level 1:colcon.colcon_core.environment:checking '/home/sreeram3927/rudra_training/rover-master-gui/ros2_ws/install/network_chat/bin'
[4.632s] Level 1:colcon.colcon_core.environment:create_environment_scripts_only(network_chat)
[4.637s] INFO:colcon.colcon_core.shell:Creating package script '/home/sreeram3927/rudra_training/rover-master-gui/ros2_ws/install/network_chat/share/network_chat/package.ps1'
[4.640s] INFO:colcon.colcon_core.shell:Creating package descriptor '/home/sreeram3927/rudra_training/rover-master-gui/ros2_ws/install/network_chat/share/network_chat/package.dsv'
[4.643s] INFO:colcon.colcon_core.shell:Creating package script '/home/sreeram3927/rudra_training/rover-master-gui/ros2_ws/install/network_chat/share/network_chat/package.sh'
[4.644s] INFO:colcon.colcon_core.shell:Creating package script '/home/sreeram3927/rudra_training/rover-master-gui/ros2_ws/install/network_chat/share/network_chat/package.bash'
[4.645s] INFO:colcon.colcon_core.shell:Creating package script '/home/sreeram3927/rudra_training/rover-master-gui/ros2_ws/install/network_chat/share/network_chat/package.zsh'
[4.646s] Level 1:colcon.colcon_core.environment:create_file_with_runtime_dependencies(/home/sreeram3927/rudra_training/rover-master-gui/ros2_ws/install/network_chat/share/colcon-core/packages/network_chat)
[4.759s] Level 1:colcon.colcon_core.environment:checking '/home/sreeram3927/rudra_training/rover-master-gui/ros2_ws/install/slave' for CMake module files
[4.761s] DEBUG:colcon.colcon_core.event_handler.log_command:Invoked command in '/home/sreeram3927/rudra_training/rover-master-gui/ros2_ws/src/slave' returned '0': PYTHONPATH=/home/sreeram3927/rudra_training/rover-master-gui/ros2_ws/build/slave/prefix_override:/home/sreeram3927/rudra_training/rover-master-gui/ros2_ws/install/slave/lib/python3.10/site-packages:${PYTHONPATH} /usr/bin/python3 setup.py egg_info --egg-base ../../build/slave build --build-base /home/sreeram3927/rudra_training/rover-master-gui/ros2_ws/build/slave/build install --record /home/sreeram3927/rudra_training/rover-master-gui/ros2_ws/build/slave/install.log --single-version-externally-managed
[4.761s] Level 1:colcon.colcon_core.environment:checking '/home/sreeram3927/rudra_training/rover-master-gui/ros2_ws/install/slave' for CMake config files
[4.763s] Level 1:colcon.colcon_core.environment:checking '/home/sreeram3927/rudra_training/rover-master-gui/ros2_ws/install/slave/lib'
[4.763s] Level 1:colcon.colcon_core.environment:checking '/home/sreeram3927/rudra_training/rover-master-gui/ros2_ws/install/slave/bin'
[4.763s] Level 1:colcon.colcon_core.environment:checking '/home/sreeram3927/rudra_training/rover-master-gui/ros2_ws/install/slave/lib/pkgconfig/slave.pc'
[4.764s] Level 1:colcon.colcon_core.environment:checking '/home/sreeram3927/rudra_training/rover-master-gui/ros2_ws/install/slave/lib/python3.10/site-packages'
[4.764s] Level 1:colcon.colcon_core.shell:create_environment_hook('slave', 'pythonpath')
[4.767s] INFO:colcon.colcon_core.shell:Creating environment hook '/home/sreeram3927/rudra_training/rover-master-gui/ros2_ws/install/slave/share/slave/hook/pythonpath.ps1'
[4.768s] INFO:colcon.colcon_core.shell:Creating environment descriptor '/home/sreeram3927/rudra_training/rover-master-gui/ros2_ws/install/slave/share/slave/hook/pythonpath.dsv'
[4.768s] INFO:colcon.colcon_core.shell:Creating environment hook '/home/sreeram3927/rudra_training/rover-master-gui/ros2_ws/install/slave/share/slave/hook/pythonpath.sh'
[4.769s] Level 1:colcon.colcon_core.environment:checking '/home/sreeram3927/rudra_training/rover-master-gui/ros2_ws/install/slave/bin'
[4.769s] Level 1:colcon.colcon_core.environment:create_environment_scripts_only(slave)
[4.773s] INFO:colcon.colcon_core.shell:Creating package script '/home/sreeram3927/rudra_training/rover-master-gui/ros2_ws/install/slave/share/slave/package.ps1'
[4.774s] INFO:colcon.colcon_core.shell:Creating package descriptor '/home/sreeram3927/rudra_training/rover-master-gui/ros2_ws/install/slave/share/slave/package.dsv'
[4.775s] INFO:colcon.colcon_core.shell:Creating package script '/home/sreeram3927/rudra_training/rover-master-gui/ros2_ws/install/slave/share/slave/package.sh'
[4.776s] INFO:colcon.colcon_core.shell:Creating package script '/home/sreeram3927/rudra_training/rover-master-gui/ros2_ws/install/slave/share/slave/package.bash'
[4.776s] INFO:colcon.colcon_core.shell:Creating package script '/home/sreeram3927/rudra_training/rover-master-gui/ros2_ws/install/slave/share/slave/package.zsh'
[4.777s] Level 1:colcon.colcon_core.environment:create_file_with_runtime_dependencies(/home/sreeram3927/rudra_training/rover-master-gui/ros2_ws/install/slave/share/colcon-core/packages/slave)
[4.778s] DEBUG:colcon.colcon_parallel_executor.executor.parallel:closing loop
[4.778s] DEBUG:colcon.colcon_parallel_executor.executor.parallel:loop closed
[4.779s] DEBUG:colcon.colcon_parallel_executor.executor.parallel:run_until_complete finished with '0'
[4.780s] DEBUG:colcon.colcon_core.event_reactor:joining thread
[4.791s] INFO:colcon.colcon_core.plugin_system:Skipping extension 'colcon_notification.desktop_notification.terminal_notifier': Not used on non-Darwin systems
[4.791s] INFO:colcon.colcon_core.plugin_system:Skipping extension 'colcon_notification.desktop_notification.win32': Not used on non-Windows systems
[4.791s] INFO:colcon.colcon_notification.desktop_notification:Sending desktop notification using 'notify2'
[4.816s] DEBUG:colcon.colcon_core.event_reactor:joined thread
[4.819s] INFO:colcon.colcon_core.shell:Creating prefix script '/home/sreeram3927/rudra_training/rover-master-gui/ros2_ws/install/local_setup.ps1'
[4.820s] INFO:colcon.colcon_core.shell:Creating prefix util module '/home/sreeram3927/rudra_training/rover-master-gui/ros2_ws/install/_local_setup_util_ps1.py'
[4.823s] INFO:colcon.colcon_core.shell:Creating prefix chain script '/home/sreeram3927/rudra_training/rover-master-gui/ros2_ws/install/setup.ps1'
[4.828s] INFO:colcon.colcon_core.shell:Creating prefix script '/home/sreeram3927/rudra_training/rover-master-gui/ros2_ws/install/local_setup.sh'
[4.832s] INFO:colcon.colcon_core.shell:Creating prefix util module '/home/sreeram3927/rudra_training/rover-master-gui/ros2_ws/install/_local_setup_util_sh.py'
[4.834s] INFO:colcon.colcon_core.shell:Creating prefix chain script '/home/sreeram3927/rudra_training/rover-master-gui/ros2_ws/install/setup.sh'
[4.838s] INFO:colcon.colcon_core.shell:Creating prefix script '/home/sreeram3927/rudra_training/rover-master-gui/ros2_ws/install/local_setup.bash'
[4.840s] INFO:colcon.colcon_core.shell:Creating prefix chain script '/home/sreeram3927/rudra_training/rover-master-gui/ros2_ws/install/setup.bash'
[4.843s] INFO:colcon.colcon_core.shell:Creating prefix script '/home/sreeram3927/rudra_training/rover-master-gui/ros2_ws/install/local_setup.zsh'
[4.846s] INFO:colcon.colcon_core.shell:Creating prefix chain script '/home/sreeram3927/rudra_training/rover-master-gui/ros2_ws/install/setup.zsh'
