[0.575s] DEBUG:colcon:Command line arguments: ['/usr/bin/colcon', 'list', '-p', '--base-paths', '/home/arpan/rover-master-gui']
[0.575s] DEBUG:colcon:Parsed command line arguments: Namespace(log_base=None, log_level=None, verb_name='list', build_base='build', ignore_user_meta=False, metas=['./colcon.meta'], base_paths=['/home/arpan/rover-master-gui'], packages_ignore=None, packages_ignore_regex=None, paths=None, packages_up_to=None, packages_up_to_regex=None, packages_above=None, packages_above_and_dependencies=None, packages_above_depth=None, packages_select_by_dep=None, packages_skip_by_dep=None, packages_skip_up_to=None, packages_select_build_failed=False, packages_skip_build_finished=False, packages_select_test_failures=False, packages_skip_test_passed=False, packages_select=None, packages_skip=None, packages_select_regex=None, packages_skip_regex=None, packages_start=None, packages_end=None, allow_overriding=[], topological_order=False, names_only=False, paths_only=True, topological_graph=False, topological_graph_dot=False, topological_graph_density=False, topological_graph_legend=False, topological_graph_dot_cluster=False, topological_graph_dot_include_skipped=False, verb_parser=<colcon_defaults.argument_parser.defaults.DefaultArgumentsDecorator object at 0x7f7598226fb0>, verb_extension=<colcon_package_information.verb.list.ListVerb object at 0x7f75983aecb0>, main=<bound method ListVerb.main of <colcon_package_information.verb.list.ListVerb object at 0x7f75983aecb0>>)
[0.606s] Level 1:colcon.colcon_core.package_discovery:discover_packages(colcon_meta) check parameters
[0.606s] Level 1:colcon.colcon_core.package_discovery:discover_packages(recursive) check parameters
[0.606s] Level 1:colcon.colcon_core.package_discovery:discover_packages(ignore) check parameters
[0.606s] Level 1:colcon.colcon_core.package_discovery:discover_packages(path) check parameters
[0.606s] Level 1:colcon.colcon_core.package_discovery:discover_packages(recursive) discover
[0.607s] INFO:colcon.colcon_core.package_discovery:Crawling recursively for packages in '/home/arpan/rover-master-gui'
[0.607s] Level 1:colcon.colcon_core.package_identification:_identify(/home/arpan/rover-master-gui) by extensions ['ignore', 'ignore_ament_install']
[0.607s] Level 1:colcon.colcon_core.package_identification:_identify(/home/arpan/rover-master-gui) by extension 'ignore'
[0.607s] Level 1:colcon.colcon_core.package_identification:_identify(/home/arpan/rover-master-gui) by extension 'ignore_ament_install'
[0.607s] Level 1:colcon.colcon_core.package_identification:_identify(/home/arpan/rover-master-gui) by extensions ['colcon_pkg']
[0.607s] Level 1:colcon.colcon_core.package_identification:_identify(/home/arpan/rover-master-gui) by extension 'colcon_pkg'
[0.607s] Level 1:colcon.colcon_core.package_identification:_identify(/home/arpan/rover-master-gui) by extensions ['colcon_meta']
[0.607s] Level 1:colcon.colcon_core.package_identification:_identify(/home/arpan/rover-master-gui) by extension 'colcon_meta'
[0.607s] Level 1:colcon.colcon_core.package_identification:_identify(/home/arpan/rover-master-gui) by extensions ['ros']
[0.607s] Level 1:colcon.colcon_core.package_identification:_identify(/home/arpan/rover-master-gui) by extension 'ros'
[0.621s] Level 1:colcon.colcon_core.package_identification:_identify(/home/arpan/rover-master-gui) by extensions ['cmake', 'python']
[0.621s] Level 1:colcon.colcon_core.package_identification:_identify(/home/arpan/rover-master-gui) by extension 'cmake'
[0.621s] Level 1:colcon.colcon_core.package_identification:_identify(/home/arpan/rover-master-gui) by extension 'python'
[0.621s] Level 1:colcon.colcon_core.package_identification:_identify(/home/arpan/rover-master-gui) by extensions ['python_setup_py']
[0.621s] Level 1:colcon.colcon_core.package_identification:_identify(/home/arpan/rover-master-gui) by extension 'python_setup_py'
[0.621s] Level 1:colcon.colcon_core.package_identification:_identify(/home/arpan/rover-master-gui/build) by extensions ['ignore', 'ignore_ament_install']
[0.622s] Level 1:colcon.colcon_core.package_identification:_identify(/home/arpan/rover-master-gui/build) by extension 'ignore'
[0.622s] Level 1:colcon.colcon_core.package_identification:_identify(/home/arpan/rover-master-gui/build) ignored
[0.622s] Level 1:colcon.colcon_core.package_identification:_identify(/home/arpan/rover-master-gui/install) by extensions ['ignore', 'ignore_ament_install']
[0.622s] Level 1:colcon.colcon_core.package_identification:_identify(/home/arpan/rover-master-gui/install) by extension 'ignore'
[0.622s] Level 1:colcon.colcon_core.package_identification:_identify(/home/arpan/rover-master-gui/install) ignored
[0.622s] Level 1:colcon.colcon_core.package_identification:_identify(/home/arpan/rover-master-gui/log) by extensions ['ignore', 'ignore_ament_install']
[0.622s] Level 1:colcon.colcon_core.package_identification:_identify(/home/arpan/rover-master-gui/log) by extension 'ignore'
[0.622s] Level 1:colcon.colcon_core.package_identification:_identify(/home/arpan/rover-master-gui/log) ignored
[0.623s] Level 1:colcon.colcon_core.package_identification:_identify(/home/arpan/rover-master-gui/src) by extensions ['ignore', 'ignore_ament_install']
[0.623s] Level 1:colcon.colcon_core.package_identification:_identify(/home/arpan/rover-master-gui/src) by extension 'ignore'
[0.623s] Level 1:colcon.colcon_core.package_identification:_identify(/home/arpan/rover-master-gui/src) by extension 'ignore_ament_install'
[0.623s] Level 1:colcon.colcon_core.package_identification:_identify(/home/arpan/rover-master-gui/src) by extensions ['colcon_pkg']
[0.623s] Level 1:colcon.colcon_core.package_identification:_identify(/home/arpan/rover-master-gui/src) by extension 'colcon_pkg'
[0.623s] Level 1:colcon.colcon_core.package_identification:_identify(/home/arpan/rover-master-gui/src) by extensions ['colcon_meta']
[0.623s] Level 1:colcon.colcon_core.package_identification:_identify(/home/arpan/rover-master-gui/src) by extension 'colcon_meta'
[0.623s] Level 1:colcon.colcon_core.package_identification:_identify(/home/arpan/rover-master-gui/src) by extensions ['ros']
[0.623s] Level 1:colcon.colcon_core.package_identification:_identify(/home/arpan/rover-master-gui/src) by extension 'ros'
[0.623s] Level 1:colcon.colcon_core.package_identification:_identify(/home/arpan/rover-master-gui/src) by extensions ['cmake', 'python']
[0.623s] Level 1:colcon.colcon_core.package_identification:_identify(/home/arpan/rover-master-gui/src) by extension 'cmake'
[0.623s] Level 1:colcon.colcon_core.package_identification:_identify(/home/arpan/rover-master-gui/src) by extension 'python'
[0.624s] Level 1:colcon.colcon_core.package_identification:_identify(/home/arpan/rover-master-gui/src) by extensions ['python_setup_py']
[0.624s] Level 1:colcon.colcon_core.package_identification:_identify(/home/arpan/rover-master-gui/src) by extension 'python_setup_py'
[0.624s] Level 1:colcon.colcon_core.package_identification:_identify(/home/arpan/rover-master-gui/src/rover_master) by extensions ['ignore', 'ignore_ament_install']
[0.624s] Level 1:colcon.colcon_core.package_identification:_identify(/home/arpan/rover-master-gui/src/rover_master) by extension 'ignore'
[0.624s] Level 1:colcon.colcon_core.package_identification:_identify(/home/arpan/rover-master-gui/src/rover_master) by extension 'ignore_ament_install'
[0.624s] Level 1:colcon.colcon_core.package_identification:_identify(/home/arpan/rover-master-gui/src/rover_master) by extensions ['colcon_pkg']
[0.624s] Level 1:colcon.colcon_core.package_identification:_identify(/home/arpan/rover-master-gui/src/rover_master) by extension 'colcon_pkg'
[0.624s] Level 1:colcon.colcon_core.package_identification:_identify(/home/arpan/rover-master-gui/src/rover_master) by extensions ['colcon_meta']
[0.624s] Level 1:colcon.colcon_core.package_identification:_identify(/home/arpan/rover-master-gui/src/rover_master) by extension 'colcon_meta'
[0.624s] Level 1:colcon.colcon_core.package_identification:_identify(/home/arpan/rover-master-gui/src/rover_master) by extensions ['ros']
[0.624s] Level 1:colcon.colcon_core.package_identification:_identify(/home/arpan/rover-master-gui/src/rover_master) by extension 'ros'
[0.629s] DEBUG:colcon.colcon_core.package_identification:Package '/home/arpan/rover-master-gui/src/rover_master' with type 'ros.ament_python' and name 'rover_master'
[0.629s] Level 1:colcon.colcon_core.package_discovery:discover_packages(recursive) using defaults
