running egg_info
creating ../../build/serial_chat/serial_chat.egg-info
writing ../../build/serial_chat/serial_chat.egg-info/PKG-INFO
writing dependency_links to ../../build/serial_chat/serial_chat.egg-info/dependency_links.txt
writing entry points to ../../build/serial_chat/serial_chat.egg-info/entry_points.txt
writing requirements to ../../build/serial_chat/serial_chat.egg-info/requires.txt
writing top-level names to ../../build/serial_chat/serial_chat.egg-info/top_level.txt
writing manifest file '../../build/serial_chat/serial_chat.egg-info/SOURCES.txt'
reading manifest file '../../build/serial_chat/serial_chat.egg-info/SOURCES.txt'
writing manifest file '../../build/serial_chat/serial_chat.egg-info/SOURCES.txt'
running build
running build_py
creating /home/sreeram3927/rudra_training/rover-master-gui/ros2_ws/build/serial_chat/build
creating /home/sreeram3927/rudra_training/rover-master-gui/ros2_ws/build/serial_chat/build/lib
creating /home/sreeram3927/rudra_training/rover-master-gui/ros2_ws/build/serial_chat/build/lib/serial_chat
copying serial_chat/__init__.py -> /home/sreeram3927/rudra_training/rover-master-gui/ros2_ws/build/serial_chat/build/lib/serial_chat
copying serial_chat/chat_node.py -> /home/sreeram3927/rudra_training/rover-master-gui/ros2_ws/build/serial_chat/build/lib/serial_chat
running install
running install_lib
creating /home/sreeram3927/rudra_training/rover-master-gui/ros2_ws/install/serial_chat/lib/python3.10/site-packages/serial_chat
copying /home/sreeram3927/rudra_training/rover-master-gui/ros2_ws/build/serial_chat/build/lib/serial_chat/__init__.py -> /home/sreeram3927/rudra_training/rover-master-gui/ros2_ws/install/serial_chat/lib/python3.10/site-packages/serial_chat
copying /home/sreeram3927/rudra_training/rover-master-gui/ros2_ws/build/serial_chat/build/lib/serial_chat/chat_node.py -> /home/sreeram3927/rudra_training/rover-master-gui/ros2_ws/install/serial_chat/lib/python3.10/site-packages/serial_chat
byte-compiling /home/sreeram3927/rudra_training/rover-master-gui/ros2_ws/install/serial_chat/lib/python3.10/site-packages/serial_chat/__init__.py to __init__.cpython-310.pyc
byte-compiling /home/sreeram3927/rudra_training/rover-master-gui/ros2_ws/install/serial_chat/lib/python3.10/site-packages/serial_chat/chat_node.py to chat_node.cpython-310.pyc
running install_data
creating /home/sreeram3927/rudra_training/rover-master-gui/ros2_ws/install/serial_chat/share/ament_index
creating /home/sreeram3927/rudra_training/rover-master-gui/ros2_ws/install/serial_chat/share/ament_index/resource_index
creating /home/sreeram3927/rudra_training/rover-master-gui/ros2_ws/install/serial_chat/share/ament_index/resource_index/packages
copying resource/serial_chat -> /home/sreeram3927/rudra_training/rover-master-gui/ros2_ws/install/serial_chat/share/ament_index/resource_index/packages
copying package.xml -> /home/sreeram3927/rudra_training/rover-master-gui/ros2_ws/install/serial_chat/share/serial_chat
running install_egg_info
Copying ../../build/serial_chat/serial_chat.egg-info to /home/sreeram3927/rudra_training/rover-master-gui/ros2_ws/install/serial_chat/lib/python3.10/site-packages/serial_chat-0.0.0-py3.10.egg-info
running install_scripts
writing list of installed files to '/home/sreeram3927/rudra_training/rover-master-gui/ros2_ws/build/serial_chat/install.log'
