[0.267s] DEBUG:colcon:Command line arguments: ['/usr/bin/colcon', 'list', '-p', '--base-paths', '/home/arpan/rudra_tasks/ros-slave']
[0.267s] DEBUG:colcon:Parsed command line arguments: Namespace(log_base=None, log_level=None, verb_name='list', build_base='build', ignore_user_meta=False, metas=['./colcon.meta'], base_paths=['/home/arpan/rudra_tasks/ros-slave'], packages_ignore=None, packages_ignore_regex=None, paths=None, packages_up_to=None, packages_up_to_regex=None, packages_above=None, packages_above_and_dependencies=None, packages_above_depth=None, packages_select_by_dep=None, packages_skip_by_dep=None, packages_skip_up_to=None, packages_select_build_failed=False, packages_skip_build_finished=False, packages_select_test_failures=False, packages_skip_test_passed=False, packages_select=None, packages_skip=None, packages_select_regex=None, packages_skip_regex=None, packages_start=None, packages_end=None, allow_overriding=[], topological_order=False, names_only=False, paths_only=True, topological_graph=False, topological_graph_dot=False, topological_graph_density=False, topological_graph_legend=False, topological_graph_dot_cluster=False, topological_graph_dot_include_skipped=False, verb_parser=<colcon_defaults.argument_parser.defaults.DefaultArgumentsDecorator object at 0x7faee9b22ec0>, verb_extension=<colcon_package_information.verb.list.ListVerb object at 0x7faee9c9ebf0>, main=<bound method ListVerb.main of <colcon_package_information.verb.list.ListVerb object at 0x7faee9c9ebf0>>)
[0.286s] Level 1:colcon.colcon_core.package_discovery:discover_packages(colcon_meta) check parameters
[0.286s] Level 1:colcon.colcon_core.package_discovery:discover_packages(recursive) check parameters
[0.286s] Level 1:colcon.colcon_core.package_discovery:discover_packages(ignore) check parameters
[0.286s] Level 1:colcon.colcon_core.package_discovery:discover_packages(path) check parameters
[0.286s] Level 1:colcon.colcon_core.package_discovery:discover_packages(recursive) discover
[0.287s] INFO:colcon.colcon_core.package_discovery:Crawling recursively for packages in '/home/arpan/rudra_tasks/ros-slave'
[0.287s] Level 1:colcon.colcon_core.package_identification:_identify(/home/arpan/rudra_tasks/ros-slave) by extensions ['ignore', 'ignore_ament_install']
[0.287s] Level 1:colcon.colcon_core.package_identification:_identify(/home/arpan/rudra_tasks/ros-slave) by extension 'ignore'
[0.287s] Level 1:colcon.colcon_core.package_identification:_identify(/home/arpan/rudra_tasks/ros-slave) by extension 'ignore_ament_install'
[0.287s] Level 1:colcon.colcon_core.package_identification:_identify(/home/arpan/rudra_tasks/ros-slave) by extensions ['colcon_pkg']
[0.287s] Level 1:colcon.colcon_core.package_identification:_identify(/home/arpan/rudra_tasks/ros-slave) by extension 'colcon_pkg'
[0.287s] Level 1:colcon.colcon_core.package_identification:_identify(/home/arpan/rudra_tasks/ros-slave) by extensions ['colcon_meta']
[0.287s] Level 1:colcon.colcon_core.package_identification:_identify(/home/arpan/rudra_tasks/ros-slave) by extension 'colcon_meta'
[0.287s] Level 1:colcon.colcon_core.package_identification:_identify(/home/arpan/rudra_tasks/ros-slave) by extensions ['ros']
[0.287s] Level 1:colcon.colcon_core.package_identification:_identify(/home/arpan/rudra_tasks/ros-slave) by extension 'ros'
[0.296s] Level 1:colcon.colcon_core.package_identification:_identify(/home/arpan/rudra_tasks/ros-slave) by extensions ['cmake', 'python']
[0.296s] Level 1:colcon.colcon_core.package_identification:_identify(/home/arpan/rudra_tasks/ros-slave) by extension 'cmake'
[0.296s] Level 1:colcon.colcon_core.package_identification:_identify(/home/arpan/rudra_tasks/ros-slave) by extension 'python'
[0.296s] Level 1:colcon.colcon_core.package_identification:_identify(/home/arpan/rudra_tasks/ros-slave) by extensions ['python_setup_py']
[0.296s] Level 1:colcon.colcon_core.package_identification:_identify(/home/arpan/rudra_tasks/ros-slave) by extension 'python_setup_py'
[0.296s] Level 1:colcon.colcon_core.package_identification:_identify(/home/arpan/rudra_tasks/ros-slave/build) by extensions ['ignore', 'ignore_ament_install']
[0.296s] Level 1:colcon.colcon_core.package_identification:_identify(/home/arpan/rudra_tasks/ros-slave/build) by extension 'ignore'
[0.296s] Level 1:colcon.colcon_core.package_identification:_identify(/home/arpan/rudra_tasks/ros-slave/build) ignored
[0.296s] Level 1:colcon.colcon_core.package_identification:_identify(/home/arpan/rudra_tasks/ros-slave/install) by extensions ['ignore', 'ignore_ament_install']
[0.296s] Level 1:colcon.colcon_core.package_identification:_identify(/home/arpan/rudra_tasks/ros-slave/install) by extension 'ignore'
[0.296s] Level 1:colcon.colcon_core.package_identification:_identify(/home/arpan/rudra_tasks/ros-slave/install) ignored
[0.296s] Level 1:colcon.colcon_core.package_identification:_identify(/home/arpan/rudra_tasks/ros-slave/log) by extensions ['ignore', 'ignore_ament_install']
[0.296s] Level 1:colcon.colcon_core.package_identification:_identify(/home/arpan/rudra_tasks/ros-slave/log) by extension 'ignore'
[0.296s] Level 1:colcon.colcon_core.package_identification:_identify(/home/arpan/rudra_tasks/ros-slave/log) ignored
[0.296s] Level 1:colcon.colcon_core.package_identification:_identify(/home/arpan/rudra_tasks/ros-slave/src) by extensions ['ignore', 'ignore_ament_install']
[0.297s] Level 1:colcon.colcon_core.package_identification:_identify(/home/arpan/rudra_tasks/ros-slave/src) by extension 'ignore'
[0.297s] Level 1:colcon.colcon_core.package_identification:_identify(/home/arpan/rudra_tasks/ros-slave/src) by extension 'ignore_ament_install'
[0.297s] Level 1:colcon.colcon_core.package_identification:_identify(/home/arpan/rudra_tasks/ros-slave/src) by extensions ['colcon_pkg']
[0.297s] Level 1:colcon.colcon_core.package_identification:_identify(/home/arpan/rudra_tasks/ros-slave/src) by extension 'colcon_pkg'
[0.297s] Level 1:colcon.colcon_core.package_identification:_identify(/home/arpan/rudra_tasks/ros-slave/src) by extensions ['colcon_meta']
[0.297s] Level 1:colcon.colcon_core.package_identification:_identify(/home/arpan/rudra_tasks/ros-slave/src) by extension 'colcon_meta'
[0.297s] Level 1:colcon.colcon_core.package_identification:_identify(/home/arpan/rudra_tasks/ros-slave/src) by extensions ['ros']
[0.297s] Level 1:colcon.colcon_core.package_identification:_identify(/home/arpan/rudra_tasks/ros-slave/src) by extension 'ros'
[0.297s] Level 1:colcon.colcon_core.package_identification:_identify(/home/arpan/rudra_tasks/ros-slave/src) by extensions ['cmake', 'python']
[0.297s] Level 1:colcon.colcon_core.package_identification:_identify(/home/arpan/rudra_tasks/ros-slave/src) by extension 'cmake'
[0.297s] Level 1:colcon.colcon_core.package_identification:_identify(/home/arpan/rudra_tasks/ros-slave/src) by extension 'python'
[0.297s] Level 1:colcon.colcon_core.package_identification:_identify(/home/arpan/rudra_tasks/ros-slave/src) by extensions ['python_setup_py']
[0.297s] Level 1:colcon.colcon_core.package_identification:_identify(/home/arpan/rudra_tasks/ros-slave/src) by extension 'python_setup_py'
[0.297s] Level 1:colcon.colcon_core.package_identification:_identify(/home/arpan/rudra_tasks/ros-slave/src/rover_slave) by extensions ['ignore', 'ignore_ament_install']
[0.297s] Level 1:colcon.colcon_core.package_identification:_identify(/home/arpan/rudra_tasks/ros-slave/src/rover_slave) by extension 'ignore'
[0.297s] Level 1:colcon.colcon_core.package_identification:_identify(/home/arpan/rudra_tasks/ros-slave/src/rover_slave) by extension 'ignore_ament_install'
[0.297s] Level 1:colcon.colcon_core.package_identification:_identify(/home/arpan/rudra_tasks/ros-slave/src/rover_slave) by extensions ['colcon_pkg']
[0.297s] Level 1:colcon.colcon_core.package_identification:_identify(/home/arpan/rudra_tasks/ros-slave/src/rover_slave) by extension 'colcon_pkg'
[0.297s] Level 1:colcon.colcon_core.package_identification:_identify(/home/arpan/rudra_tasks/ros-slave/src/rover_slave) by extensions ['colcon_meta']
[0.297s] Level 1:colcon.colcon_core.package_identification:_identify(/home/arpan/rudra_tasks/ros-slave/src/rover_slave) by extension 'colcon_meta'
[0.297s] Level 1:colcon.colcon_core.package_identification:_identify(/home/arpan/rudra_tasks/ros-slave/src/rover_slave) by extensions ['ros']
[0.297s] Level 1:colcon.colcon_core.package_identification:_identify(/home/arpan/rudra_tasks/ros-slave/src/rover_slave) by extension 'ros'
[0.299s] DEBUG:colcon.colcon_core.package_identification:Package '/home/arpan/rudra_tasks/ros-slave/src/rover_slave' with type 'ros.ament_python' and name 'rover_slave'
[0.299s] Level 1:colcon.colcon_core.package_discovery:discover_packages(recursive) using defaults
