[2.915s] Invoking command in '/home/sreeram3927/rudra_training/rover-master-gui/ros2_ws/src/slave': PYTHONPATH=/home/sreeram3927/rudra_training/rover-master-gui/ros2_ws/build/slave/prefix_override:/home/sreeram3927/rudra_training/rover-master-gui/ros2_ws/install/slave/lib/python3.10/site-packages:${PYTHONPATH} /usr/bin/python3 setup.py egg_info --egg-base ../../build/slave build --build-base /home/sreeram3927/rudra_training/rover-master-gui/ros2_ws/build/slave/build install --record /home/sreeram3927/rudra_training/rover-master-gui/ros2_ws/build/slave/install.log --single-version-externally-managed
[3.842s] running egg_info
[3.845s] writing ../../build/slave/slave.egg-info/PKG-INFO
[3.846s] writing dependency_links to ../../build/slave/slave.egg-info/dependency_links.txt
[3.847s] writing entry points to ../../build/slave/slave.egg-info/entry_points.txt
[3.850s] writing requirements to ../../build/slave/slave.egg-info/requires.txt
[3.851s] writing top-level names to ../../build/slave/slave.egg-info/top_level.txt
[3.855s] reading manifest file '../../build/slave/slave.egg-info/SOURCES.txt'
[3.855s] writing manifest file '../../build/slave/slave.egg-info/SOURCES.txt'
[3.855s] running build
[3.855s] running build_py
[3.856s] copying slave/get_data.py -> /home/sreeram3927/rudra_training/rover-master-gui/ros2_ws/build/slave/build/lib/slave
[3.856s] running install
[3.856s] /usr/lib/python3/dist-packages/setuptools/command/install.py:34: SetuptoolsDeprecationWarning: setup.py install is deprecated. Use build and pip and other standards-based tools.
[3.856s]   warnings.warn(
[3.857s] running install_lib
[3.858s] copying /home/sreeram3927/rudra_training/rover-master-gui/ros2_ws/build/slave/build/lib/slave/get_data.py -> /home/sreeram3927/rudra_training/rover-master-gui/ros2_ws/install/slave/lib/python3.10/site-packages/slave
[3.860s] byte-compiling /home/sreeram3927/rudra_training/rover-master-gui/ros2_ws/install/slave/lib/python3.10/site-packages/slave/get_data.py to get_data.cpython-310.pyc
[3.868s] running install_data
[3.869s] running install_egg_info
[3.873s] removing '/home/sreeram3927/rudra_training/rover-master-gui/ros2_ws/install/slave/lib/python3.10/site-packages/slave-0.0.0-py3.10.egg-info' (and everything under it)
[3.878s] Copying ../../build/slave/slave.egg-info to /home/sreeram3927/rudra_training/rover-master-gui/ros2_ws/install/slave/lib/python3.10/site-packages/slave-0.0.0-py3.10.egg-info
[3.878s] running install_scripts
[3.946s] Installing get_data script to /home/sreeram3927/rudra_training/rover-master-gui/ros2_ws/install/slave/lib/slave
[3.946s] writing list of installed files to '/home/sreeram3927/rudra_training/rover-master-gui/ros2_ws/build/slave/install.log'
[4.329s] Invoked command in '/home/sreeram3927/rudra_training/rover-master-gui/ros2_ws/src/slave' returned '0': PYTHONPATH=/home/sreeram3927/rudra_training/rover-master-gui/ros2_ws/build/slave/prefix_override:/home/sreeram3927/rudra_training/rover-master-gui/ros2_ws/install/slave/lib/python3.10/site-packages:${PYTHONPATH} /usr/bin/python3 setup.py egg_info --egg-base ../../build/slave build --build-base /home/sreeram3927/rudra_training/rover-master-gui/ros2_ws/build/slave/build install --record /home/sreeram3927/rudra_training/rover-master-gui/ros2_ws/build/slave/install.log --single-version-externally-managed
